2026-01-28T21:00:49.000000+00:00 i-02a40f91f21ea2fba 2026-01-28T21:00:49.619493Z DEBUG polymarket_hft_agent::polymarket::client: Fetching details for market (optimized): 0x3b4c535cb25bf843126659849a63844b91bc157a7ff9bc304219fe5702bd3991
2026-01-28T21:00:49.000000+00:00 i-02a40f91f21ea2fba 2026-01-28T21:00:49.619500Z DEBUG polymarket_hft_agent::polymarket::client: Fetching details for market (optimized): 0x3e59b7810dc09b3101e89ca41e29d02f10ff3fd137db7ab6b88873ccfe241d64
2026-01-28T21:00:49.000000+00:00 i-02a40f91f21ea2fba 2026-01-28T21:00:49.619620Z DEBUG polymarket_hft_agent::polymarket::client: Fetching details for market (optimized): 0xe5b90cb4f6d8efb1516c73be52dc95e5eebccb91d26a20e1fa65046d180250ec
2026-01-28T21:00:49.000000+00:00 i-02a40f91f21ea2fba 2026-01-28T21:00:49.619624Z DEBUG polymarket_hft_agent::polymarket::client: Fetching details for market (optimized): 0xd046451dc8db9fb9ed0992ea384433a557fc4715840474c8d76af430630276bb
2026-01-28T21:00:49.000000+00:00 i-02a40f91f21ea2fba 2026-01-28T21:00:49.619651Z DEBUG polymarket_hft_agent::polymarket::client: Fetching details for market (optimized): 0xf7b02a4da272f891961d335a61eccf92e5a559566d8a3a8e228a24ded6cb6250
2026-01-28T21:00:49.000000+00:00 i-02a40f91f21ea2fba 2026-01-28T21:00:49.632518Z DEBUG polymarket_hft_agent::polymarket::client: ⚠️ Market 0xf7b02a4da272f891961d335a61eccf92e5a559566d8a3a8e228a24ded6cb6250 not in Gamma yet. Will retry.
2026-01-28T21:00:49.000000+00:00 i-02a40f91f21ea2fba 2026-01-28T21:00:49.634099Z DEBUG polymarket_hft_agent::polymarket::client: ⚠️ Market 0xd046451dc8db9fb9ed0992ea384433a557fc4715840474c8d76af430630276bb not in Gamma yet. Will retry.
2026-01-28T21:00:49.000000+00:00 i-02a40f91f21ea2fba 2026-01-28T21:00:49.635543Z DEBUG polymarket_hft_agent::polymarket::client: ⚠️ Market 0xe5b90cb4f6d8efb1516c73be52dc95e5eebccb91d26a20e1fa65046d180250ec not in Gamma yet. Will retry.
2026-01-28T21:00:49.000000+00:00 i-02a40f91f21ea2fba 2026-01-28T21:00:49.635981Z DEBUG polymarket_hft_agent::polymarket::client: ⚠️ Market 0x3e59b7810dc09b3101e89ca41e29d02f10ff3fd137db7ab6b88873ccfe241d64 not in Gamma yet. Will retry.
2026-01-28T21:00:49.000000+00:00 i-02a40f91f21ea2fba 2026-01-28T21:00:49.660793Z DEBUG polymarket_hft_agent::polymarket::client: ⚠️ Market 0x3b4c535cb25bf843126659849a63844b91bc157a7ff9bc304219fe5702bd3991 not in Gamma yet. Will retry.
2026-01-28T21:00:50.000000+00:00 i-02a40f91f21ea2fba 2026-01-28T21:00:50.619880Z DEBUG polymarket_hft_agent::polymarket::client: Fetching details for market (optimized): 0xd046451dc8db9fb9ed0992ea384433a557fc4715840474c8d76af430630276bb
2026-01-28T21:00:50.000000+00:00 i-02a40f91f21ea2fba 2026-01-28T21:00:50.619876Z DEBUG polymarket_hft_agent::polymarket::client: Fetching details for market (optimized): 0xf7b02a4da272f891961d335a61eccf92e5a559566d8a3a8e228a24ded6cb6250
2026-01-28T21:00:50.000000+00:00 i-02a40f91f21ea2fba 2026-01-28T21:00:50.620011Z DEBUG polymarket_hft_agent::polymarket::client: Fetching details for market (optimized): 0xe5b90cb4f6d8efb1516c73be52dc95e5eebccb91d26a20e1fa65046d180250ec
2026-01-28T21:00:50.000000+00:00 i-02a40f91f21ea2fba 2026-01-28T21:00:50.620013Z DEBUG polymarket_hft_agent::polymarket::client: Fetching details for market (optimized): 0x3b4c535cb25bf843126659849a63844b91bc157a7ff9bc304219fe5702bd3991
2026-01-28T21:00:50.000000+00:00 i-02a40f91f21ea2fba 2026-01-28T21:00:50.620042Z DEBUG polymarket_hft_agent::polymarket::client: Fetching details for market (optimized): 0x3e59b7810dc09b3101e89ca41e29d02f10ff3fd137db7ab6b88873ccfe241d64
2026-01-28T21:00:50.000000+00:00 i-02a40f91f21ea2fba 2026-01-28T21:00:50.633452Z DEBUG polymarket_hft_agent::polymarket::client: ⚠️ Market 0xf7b02a4da272f891961d335a61eccf92e5a559566d8a3a8e228a24ded6cb6250 not in Gamma yet. Will retry.
2026-01-28T21:00:50.000000+00:00 i-02a40f91f21ea2fba 2026-01-28T21:00:50.633487Z  INFO polymarket_hft_agent::sniper: ⏳ Still waiting for Gamma to sync market 0xf7b02a4da272f891961d335a61eccf92e5a559566d8a3a8e228a24ded6cb6250 (Attempt 40)
2026-01-28T21:00:50.000000+00:00 i-02a40f91f21ea2fba 2026-01-28T21:00:50.633625Z DEBUG polymarket_hft_agent::polymarket::client: ⚠️ Market 0xd046451dc8db9fb9ed0992ea384433a557fc4715840474c8d76af430630276bb not in Gamma yet. Will retry.
2026-01-28T21:00:50.000000+00:00 i-02a40f91f21ea2fba 2026-01-28T21:00:50.633938Z DEBUG polymarket_hft_agent::polymarket::client: ⚠️ Market 0x3e59b7810dc09b3101e89ca41e29d02f10ff3fd137db7ab6b88873ccfe241d64 not in Gamma yet. Will retry.
2026-01-28T21:00:50.000000+00:00 i-02a40f91f21ea2fba 2026-01-28T21:00:50.636241Z DEBUG polymarket_hft_agent::polymarket::client: ⚠️ Market 0x3b4c535cb25bf843126659849a63844b91bc157a7ff9bc304219fe5702bd3991 not in Gamma yet. Will retry.
2026-01-28T21:00:50.000000+00:00 i-02a40f91f21ea2fba 2026-01-28T21:00:50.637619Z DEBUG polymarket_hft_agent::polymarket::client: ⚠️ Market 0xe5b90cb4f6d8efb1516c73be52dc95e5eebccb91d26a20e1fa65046d180250ec not in Gamma yet. Will retry.
2026-01-28T21:00:51.000000+00:00 i-02a40f91f21ea2fba 2026-01-28T21:00:51.619683Z DEBUG polymarket_hft_agent::polymarket::client: Fetching details for market (optimized): 0xf7b02a4da272f891961d335a61eccf92e5a559566d8a3a8e228a24ded6cb6250
2026-01-28T21:00:51.000000+00:00 i-02a40f91f21ea2fba 2026-01-28T21:00:51.619685Z DEBUG polymarket_hft_agent::polymarket::client: Fetching details for market (optimized): 0x3b4c535cb25bf843126659849a63844b91bc157a7ff9bc304219fe5702bd3991
2026-01-28T21:00:51.000000+00:00 i-02a40f91f21ea2fba 2026-01-28T21:00:51.619808Z DEBUG polymarket_hft_agent::polymarket::client: Fetching details for market (optimized): 0xd046451dc8db9fb9ed0992ea384433a557fc4715840474c8d76af430630276bb
2026-01-28T21:00:51.000000+00:00 i-02a40f91f21ea2fba 2026-01-28T21:00:51.619810Z DEBUG polymarket_hft_agent::polymarket::client: Fetching details for market (optimized): 0xe5b90cb4f6d8efb1516c73be52dc95e5eebccb91d26a20e1fa65046d180250ec
2026-01-28T21:00:51.000000+00:00 i-02a40f91f21ea2fba 2026-01-28T21:00:51.619838Z DEBUG polymarket_hft_agent::polymarket::client: Fetching details for market (optimized): 0x3e59b7810dc09b3101e89ca41e29d02f10ff3fd137db7ab6b88873ccfe241d64
2026-01-28T21:00:51.000000+00:00 i-02a40f91f21ea2fba 2026-01-28T21:00:51.629791Z DEBUG polymarket_hft_agent::polymarket::client: ⚠️ Market 0x3e59b7810dc09b3101e89ca41e29d02f10ff3fd137db7ab6b88873ccfe241d64 not in Gamma yet. Will retry.
2026-01-28T21:00:51.000000+00:00 i-02a40f91f21ea2fba 2026-01-28T21:00:51.635756Z DEBUG polymarket_hft_agent::polymarket::client: ⚠️ Market 0xf7b02a4da272f891961d335a61eccf92e5a559566d8a3a8e228a24ded6cb6250 not in Gamma yet. Will retry.
2026-01-28T21:00:51.000000+00:00 i-02a40f91f21ea2fba 2026-01-28T21:00:51.637214Z DEBUG polymarket_hft_agent::polymarket::client: ⚠️ Market 0xd046451dc8db9fb9ed0992ea384433a557fc4715840474c8d76af430630276bb not in Gamma yet. Will retry.
2026-01-28T21:00:51.000000+00:00 i-02a40f91f21ea2fba 2026-01-28T21:00:51.638001Z DEBUG polymarket_hft_agent::polymarket::client: ⚠️ Market 0x3b4c535cb25bf843126659849a63844b91bc157a7ff9bc304219fe5702bd3991 not in Gamma yet. Will retry.
2026-01-28T21:00:51.000000+00:00 i-02a40f91f21ea2fba 2026-01-28T21:00:51.640053Z DEBUG polymarket_hft_agent::polymarket::client: ⚠️ Market 0xe5b90cb4f6d8efb1516c73be52dc95e5eebccb91d26a20e1fa65046d180250ec not in Gamma yet. Will retry.
2026-01-28T21:00:52.000000+00:00 i-02a40f91f21ea2fba 2026-01-28T21:00:52.619141Z DEBUG polymarket_hft_agent::polymarket::client: Fetching details for market (optimized): 0x3e59b7810dc09b3101e89ca41e29d02f10ff3fd137db7ab6b88873ccfe241d64
2026-01-28T21:00:52.000000+00:00 i-02a40f91f21ea2fba 2026-01-28T21:00:52.619147Z DEBUG polymarket_hft_agent::polymarket::client: Fetching details for market (optimized): 0xf7b02a4da272f891961d335a61eccf92e5a559566d8a3a8e228a24ded6cb6250
2026-01-28T21:00:52.000000+00:00 i-02a40f91f21ea2fba 2026-01-28T21:00:52.619270Z DEBUG polymarket_hft_agent::polymarket::client: Fetching details for market (optimized): 0xd046451dc8db9fb9ed0992ea384433a557fc4715840474c8d76af430630276bb
2026-01-28T21:00:52.000000+00:00 i-02a40f91f21ea2fba 2026-01-28T21:00:52.619271Z DEBUG polymarket_hft_agent::polymarket::client: Fetching details for market (optimized): 0xe5b90cb4f6d8efb1516c73be52dc95e5eebccb91d26a20e1fa65046d180250ec
2026-01-28T21:00:52.000000+00:00 i-02a40f91f21ea2fba 2026-01-28T21:00:52.619317Z DEBUG polymarket_hft_agent::polymarket::client: Fetching details for market (optimized): 0x3b4c535cb25bf843126659849a63844b91bc157a7ff9bc304219fe5702bd3991
2026-01-28T21:00:52.000000+00:00 i-02a40f91f21ea2fba 2026-01-28T21:00:52.632701Z DEBUG polymarket_hft_agent::polymarket::client: ⚠️ Market 0x3b4c535cb25bf843126659849a63844b91bc157a7ff9bc304219fe5702bd3991 not in Gamma yet. Will retry.
2026-01-28T21:00:52.000000+00:00 i-02a40f91f21ea2fba 2026-01-28T21:00:52.633159Z DEBUG polymarket_hft_agent::polymarket::client: ⚠️ Market 0xf7b02a4da272f891961d335a61eccf92e5a559566d8a3a8e228a24ded6cb6250 not in Gamma yet. Will retry.
2026-01-28T21:00:52.000000+00:00 i-02a40f91f21ea2fba 2026-01-28T21:00:52.633373Z DEBUG polymarket_hft_agent::polymarket::client: ⚠️ Market 0xe5b90cb4f6d8efb1516c73be52dc95e5eebccb91d26a20e1fa65046d180250ec not in Gamma yet. Will retry.
2026-01-28T21:00:52.000000+00:00 i-02a40f91f21ea2fba 2026-01-28T21:00:52.637683Z DEBUG polymarket_hft_agent::polymarket::client: ⚠️ Market 0xd046451dc8db9fb9ed0992ea384433a557fc4715840474c8d76af430630276bb not in Gamma yet. Will retry.
2026-01-28T21:00:52.000000+00:00 i-02a40f91f21ea2fba 2026-01-28T21:00:52.637988Z DEBUG polymarket_hft_agent::polymarket::client: ⚠️ Market 0x3e59b7810dc09b3101e89ca41e29d02f10ff3fd137db7ab6b88873ccfe241d64 not in Gamma yet. Will retry.
2026-01-28T21:00:53.000000+00:00 i-02a40f91f21ea2fba 2026-01-28T21:00:53.619093Z DEBUG polymarket_hft_agent::polymarket::client: Fetching details for market (optimized): 0x3b4c535cb25bf843126659849a63844b91bc157a7ff9bc304219fe5702bd3991
2026-01-28T21:00:53.000000+00:00 i-02a40f91f21ea2fba 2026-01-28T21:00:53.619101Z DEBUG polymarket_hft_agent::polymarket::client: Fetching details for market (optimized): 0xd046451dc8db9fb9ed0992ea384433a557fc4715840474c8d76af430630276bb
2026-01-28T21:00:53.000000+00:00 i-02a40f91f21ea2fba 2026-01-28T21:00:53.619221Z DEBUG polymarket_hft_agent::polymarket::client: Fetching details for market (optimized): 0x3e59b7810dc09b3101e89ca41e29d02f10ff3fd137db7ab6b88873ccfe241d64
2026-01-28T21:00:53.000000+00:00 i-02a40f91f21ea2fba 2026-01-28T21:00:53.619224Z DEBUG polymarket_hft_agent::polymarket::client: Fetching details for market (optimized): 0xf7b02a4da272f891961d335a61eccf92e5a559566d8a3a8e228a24ded6cb6250
2026-01-28T21:00:53.000000+00:00 i-02a40f91f21ea2fba 2026-01-28T21:00:53.619252Z DEBUG polymarket_hft_agent::polymarket::client: Fetching details for market (optimized): 0xe5b90cb4f6d8efb1516c73be52dc95e5eebccb91d26a20e1fa65046d180250ec
2026-01-28T21:00:53.000000+00:00 i-02a40f91f21ea2fba 2026-01-28T21:00:53.632191Z DEBUG polymarket_hft_agent::polymarket::client: ⚠️ Market 0x3e59b7810dc09b3101e89ca41e29d02f10ff3fd137db7ab6b88873ccfe241d64 not in Gamma yet. Will retry.
2026-01-28T21:00:53.000000+00:00 i-02a40f91f21ea2fba 2026-01-28T21:00:53.632935Z DEBUG polymarket_hft_agent::polymarket::client: ⚠️ Market 0xe5b90cb4f6d8efb1516c73be52dc95e5eebccb91d26a20e1fa65046d180250ec not in Gamma yet. Will retry.
2026-01-28T21:00:53.000000+00:00 i-02a40f91f21ea2fba 2026-01-28T21:00:53.634732Z DEBUG polymarket_hft_agent::polymarket::client: ⚠️ Market 0xd046451dc8db9fb9ed0992ea384433a557fc4715840474c8d76af430630276bb not in Gamma yet. Will retry.
2026-01-28T21:00:53.000000+00:00 i-02a40f91f21ea2fba 2026-01-28T21:00:53.638561Z DEBUG polymarket_hft_agent::polymarket::client: ⚠️ Market 0xf7b02a4da272f891961d335a61eccf92e5a559566d8a3a8e228a24ded6cb6250 not in Gamma yet. Will retry.
2026-01-28T21:00:53.000000+00:00 i-02a40f91f21ea2fba 2026-01-28T21:00:53.638784Z DEBUG polymarket_hft_agent::polymarket::client: ⚠️ Market 0x3b4c535cb25bf843126659849a63844b91bc157a7ff9bc304219fe5702bd3991 not in Gamma yet. Will retry.
2026-01-28T21:00:54.000000+00:00 i-02a40f91f21ea2fba 2026-01-28T21:00:54.619862Z DEBUG polymarket_hft_agent::polymarket::client: Fetching details for market (optimized): 0xe5b90cb4f6d8efb1516c73be52dc95e5eebccb91d26a20e1fa65046d180250ec
2026-01-28T21:00:54.000000+00:00 i-02a40f91f21ea2fba 2026-01-28T21:00:54.619856Z DEBUG polymarket_hft_agent::polymarket::client: Fetching details for market (optimized): 0x3e59b7810dc09b3101e89ca41e29d02f10ff3fd137db7ab6b88873ccfe241d64
2026-01-28T21:00:54.000000+00:00 i-02a40f91f21ea2fba 2026-01-28T21:00:54.619990Z DEBUG polymarket_hft_agent::polymarket::client: Fetching details for market (optimized): 0x3b4c535cb25bf843126659849a63844b91bc157a7ff9bc304219fe5702bd3991
2026-01-28T21:00:54.000000+00:00 i-02a40f91f21ea2fba 2026-01-28T21:00:54.619992Z DEBUG polymarket_hft_agent::polymarket::client: Fetching details for market (optimized): 0xd046451dc8db9fb9ed0992ea384433a557fc4715840474c8d76af430630276bb
2026-01-28T21:00:54.000000+00:00 i-02a40f91f21ea2fba 2026-01-28T21:00:54.620021Z DEBUG polymarket_hft_agent::polymarket::client: Fetching details for market (optimized): 0xf7b02a4da272f891961d335a61eccf92e5a559566d8a3a8e228a24ded6cb6250
2026-01-28T21:00:54.000000+00:00 i-02a40f91f21ea2fba 2026-01-28T21:00:54.635388Z DEBUG polymarket_hft_agent::polymarket::client: ⚠️ Market 0x3b4c535cb25bf843126659849a63844b91bc157a7ff9bc304219fe5702bd3991 not in Gamma yet. Will retry.
2026-01-28T21:00:54.000000+00:00 i-02a40f91f21ea2fba 2026-01-28T21:00:54.635885Z DEBUG polymarket_hft_agent::polymarket::client: ⚠️ Market 0xf7b02a4da272f891961d335a61eccf92e5a559566d8a3a8e228a24ded6cb6250 not in Gamma yet. Will retry.
2026-01-28T21:00:54.000000+00:00 i-02a40f91f21ea2fba 2026-01-28T21:00:54.636025Z DEBUG polymarket_hft_agent::polymarket::client: ⚠️ Market 0x3e59b7810dc09b3101e89ca41e29d02f10ff3fd137db7ab6b88873ccfe241d64 not in Gamma yet. Will retry.
2026-01-28T21:00:54.000000+00:00 i-02a40f91f21ea2fba 2026-01-28T21:00:54.636157Z DEBUG polymarket_hft_agent::polymarket::client: ⚠️ Market 0xe5b90cb4f6d8efb1516c73be52dc95e5eebccb91d26a20e1fa65046d180250ec not in Gamma yet. Will retry.
2026-01-28T21:00:54.000000+00:00 i-02a40f91f21ea2fba 2026-01-28T21:00:54.637700Z DEBUG polymarket_hft_agent::polymarket::client: ⚠️ Market 0xd046451dc8db9fb9ed0992ea384433a557fc4715840474c8d76af430630276bb not in Gamma yet. Will retry.
2026-01-28T21:00:54.000000+00:00 i-02a40f91f21ea2fba 2026-01-28T21:00:54.637710Z  INFO polymarket_hft_agent::sniper: ⏳ Still waiting for Gamma to sync market 0xd046451dc8db9fb9ed0992ea384433a557fc4715840474c8d76af430630276bb (Attempt 20)
2026-01-28T21:00:55.000000+00:00 i-02a40f91f21ea2fba 2026-01-28T21:00:55.619792Z DEBUG polymarket_hft_agent::polymarket::client: Fetching details for market (optimized): 0x3b4c535cb25bf843126659849a63844b91bc157a7ff9bc304219fe5702bd3991
2026-01-28T21:00:55.000000+00:00 i-02a40f91f21ea2fba 2026-01-28T21:00:55.619794Z DEBUG polymarket_hft_agent::polymarket::client: Fetching details for market (optimized): 0xf7b02a4da272f891961d335a61eccf92e5a559566d8a3a8e228a24ded6cb6250
2026-01-28T21:00:55.000000+00:00 i-02a40f91f21ea2fba 2026-01-28T21:00:55.619921Z DEBUG polymarket_hft_agent::polymarket::client: Fetching details for market (optimized): 0xd046451dc8db9fb9ed0992ea384433a557fc4715840474c8d76af430630276bb
2026-01-28T21:00:55.000000+00:00 i-02a40f91f21ea2fba 2026-01-28T21:00:55.619923Z DEBUG polymarket_hft_agent::polymarket::client: Fetching details for market (optimized): 0x3e59b7810dc09b3101e89ca41e29d02f10ff3fd137db7ab6b88873ccfe241d64
2026-01-28T21:00:55.000000+00:00 i-02a40f91f21ea2fba 2026-01-28T21:00:55.619978Z DEBUG polymarket_hft_agent::polymarket::client: Fetching details for market (optimized): 0xe5b90cb4f6d8efb1516c73be52dc95e5eebccb91d26a20e1fa65046d180250ec
2026-01-28T21:00:55.000000+00:00 i-02a40f91f21ea2fba 2026-01-28T21:00:55.633651Z DEBUG polymarket_hft_agent::polymarket::client: ⚠️ Market 0x3e59b7810dc09b3101e89ca41e29d02f10ff3fd137db7ab6b88873ccfe241d64 not in Gamma yet. Will retry.
2026-01-28T21:00:55.000000+00:00 i-02a40f91f21ea2fba 2026-01-28T21:00:55.635049Z DEBUG polymarket_hft_agent::polymarket::client: ⚠️ Market 0x3b4c535cb25bf843126659849a63844b91bc157a7ff9bc304219fe5702bd3991 not in Gamma yet. Will retry.
2026-01-28T21:00:55.000000+00:00 i-02a40f91f21ea2fba 2026-01-28T21:00:55.635427Z DEBUG polymarket_hft_agent::polymarket::client: ⚠️ Market 0xd046451dc8db9fb9ed0992ea384433a557fc4715840474c8d76af430630276bb not in Gamma yet. Will retry.
2026-01-28T21:00:55.000000+00:00 i-02a40f91f21ea2fba 2026-01-28T21:00:55.637695Z DEBUG polymarket_hft_agent::polymarket::client: ⚠️ Market 0xf7b02a4da272f891961d335a61eccf92e5a559566d8a3a8e228a24ded6cb6250 not in Gamma yet. Will retry.
2026-01-28T21:00:55.000000+00:00 i-02a40f91f21ea2fba 2026-01-28T21:00:55.638081Z DEBUG polymarket_hft_agent::polymarket::client: ⚠️ Market 0xe5b90cb4f6d8efb1516c73be52dc95e5eebccb91d26a20e1fa65046d180250ec not in Gamma yet. Will retry.
2026-01-28T21:00:56.000000+00:00 i-02a40f91f21ea2fba 2026-01-28T21:00:56.619439Z DEBUG polymarket_hft_agent::polymarket::client: Fetching details for market (optimized): 0x3e59b7810dc09b3101e89ca41e29d02f10ff3fd137db7ab6b88873ccfe241d64
2026-01-28T21:00:56.000000+00:00 i-02a40f91f21ea2fba 2026-01-28T21:00:56.619548Z DEBUG polymarket_hft_agent::polymarket::client: Fetching details for market (optimized): 0x3b4c535cb25bf843126659849a63844b91bc157a7ff9bc304219fe5702bd3991
2026-01-28T21:00:56.000000+00:00 i-02a40f91f21ea2fba 2026-01-28T21:00:56.619572Z DEBUG polymarket_hft_agent::polymarket::client: Fetching details for market (optimized): 0xd046451dc8db9fb9ed0992ea384433a557fc4715840474c8d76af430630276bb
2026-01-28T21:00:56.000000+00:00 i-02a40f91f21ea2fba 2026-01-28T21:00:56.619589Z DEBUG polymarket_hft_agent::polymarket::client: Fetching details for market (optimized): 0xf7b02a4da272f891961d335a61eccf92e5a559566d8a3a8e228a24ded6cb6250
2026-01-28T21:00:56.000000+00:00 i-02a40f91f21ea2fba 2026-01-28T21:00:56.619610Z DEBUG polymarket_hft_agent::polymarket::client: Fetching details for market (optimized): 0xe5b90cb4f6d8efb1516c73be52dc95e5eebccb91d26a20e1fa65046d180250ec
2026-01-28T21:00:56.000000+00:00 i-02a40f91f21ea2fba 2026-01-28T21:00:56.633434Z DEBUG polymarket_hft_agent::polymarket::client: ⚠️ Market 0x3b4c535cb25bf843126659849a63844b91bc157a7ff9bc304219fe5702bd3991 not in Gamma yet. Will retry.
2026-01-28T21:00:56.000000+00:00 i-02a40f91f21ea2fba 2026-01-28T21:00:56.633482Z DEBUG polymarket_hft_agent::polymarket::client: ⚠️ Market 0xd046451dc8db9fb9ed0992ea384433a557fc4715840474c8d76af430630276bb not in Gamma yet. Will retry.
2026-01-28T21:00:56.000000+00:00 i-02a40f91f21ea2fba 2026-01-28T21:00:56.637585Z DEBUG polymarket_hft_agent::polymarket::client: ⚠️ Market 0x3e59b7810dc09b3101e89ca41e29d02f10ff3fd137db7ab6b88873ccfe241d64 not in Gamma yet. Will retry.
2026-01-28T21:00:56.000000+00:00 i-02a40f91f21ea2fba 2026-01-28T21:00:56.638410Z DEBUG polymarket_hft_agent::polymarket::client: ⚠️ Market 0xe5b90cb4f6d8efb1516c73be52dc95e5eebccb91d26a20e1fa65046d180250ec not in Gamma yet. Will retry.
2026-01-28T21:00:56.000000+00:00 i-02a40f91f21ea2fba 2026-01-28T21:00:56.641912Z DEBUG polymarket_hft_agent::polymarket::client: ⚠️ Market 0xf7b02a4da272f891961d335a61eccf92e5a559566d8a3a8e228a24ded6cb6250 not in Gamma yet. Will retry.
2026-01-28T21:00:57.000000+00:00 i-02a40f91f21ea2fba 2026-01-28T21:00:57.226998Z  INFO polymarket_hft_agent::polymarket::events: 🆕 NEW MARKET EVENT: Condition ID 0x13e4f2cbd7d76494098263300cf9c3c04049ed2a1d562df19a17d69d2c950bf5
2026-01-28T21:00:57.000000+00:00 i-02a40f91f21ea2fba 2026-01-28T21:00:57.227044Z  INFO polymarket_hft_agent::sniper: ⚡ WebSocket event: New market condition 0x13e4f2cbd7d76494098263300cf9c3c04049ed2a1d562df19a17d69d2c950bf5
2026-01-28T21:00:57.000000+00:00 i-02a40f91f21ea2fba 2026-01-28T21:00:57.227070Z  INFO polymarket_hft_agent::sniper: 🔮 Derived Token IDs locally! YES: ...849900, NO: ...777680
2026-01-28T21:00:57.000000+00:00 i-02a40f91f21ea2fba 2026-01-28T21:00:57.227082Z  INFO polymarket_hft_agent::sniper: 🔌 Subscribed to CLOB for derived IDs (YES/NO)
2026-01-28T21:00:57.000000+00:00 i-02a40f91f21ea2fba 2026-01-28T21:00:57.227086Z DEBUG polymarket_hft_agent::sniper: ⚡ Triggering immediate fast market fetch...
2026-01-28T21:00:57.000000+00:00 i-02a40f91f21ea2fba 2026-01-28T21:00:57.227090Z DEBUG polymarket_hft_agent::polymarket::client: Fetching details for market (optimized): 0x13e4f2cbd7d76494098263300cf9c3c04049ed2a1d562df19a17d69d2c950bf5
2026-01-28T21:00:57.000000+00:00 i-02a40f91f21ea2fba 2026-01-28T21:00:57.227106Z  INFO polymarket_hft_agent::polymarket::ws: Binds Subscribing to 2 assets
2026-01-28T21:00:57.000000+00:00 i-02a40f91f21ea2fba 2026-01-28T21:00:57.540206Z DEBUG polymarket_hft_agent::polymarket::client: ⚠️ Market 0x13e4f2cbd7d76494098263300cf9c3c04049ed2a1d562df19a17d69d2c950bf5 not in Gamma yet. Will retry.
2026-01-28T21:00:57.000000+00:00 i-02a40f91f21ea2fba 2026-01-28T21:00:57.540235Z DEBUG polymarket_hft_agent::sniper: ⚠️ Initial fetch failed (Market not found in Gamma: 0x13e4f2cbd7d76494098263300cf9c3c04049ed2a1d562df19a17d69d2c950bf5), queuing for retry...
2026-01-28T21:00:57.000000+00:00 i-02a40f91f21ea2fba 2026-01-28T21:00:57.619369Z DEBUG polymarket_hft_agent::polymarket::client: Fetching details for market (optimized): 0x3b4c535cb25bf843126659849a63844b91bc157a7ff9bc304219fe5702bd3991
2026-01-28T21:00:57.000000+00:00 i-02a40f91f21ea2fba 2026-01-28T21:00:57.619376Z DEBUG polymarket_hft_agent::polymarket::client: Fetching details for market (optimized): 0xf7b02a4da272f891961d335a61eccf92e5a559566d8a3a8e228a24ded6cb6250
2026-01-28T21:00:57.000000+00:00 i-02a40f91f21ea2fba 2026-01-28T21:00:57.619442Z DEBUG polymarket_hft_agent::polymarket::client: Fetching details for market (optimized): 0xd046451dc8db9fb9ed0992ea384433a557fc4715840474c8d76af430630276bb
2026-01-28T21:00:57.000000+00:00 i-02a40f91f21ea2fba 2026-01-28T21:00:57.619445Z DEBUG polymarket_hft_agent::polymarket::client: Fetching details for market (optimized): 0x13e4f2cbd7d76494098263300cf9c3c04049ed2a1d562df19a17d69d2c950bf5
2026-01-28T21:00:57.000000+00:00 i-02a40f91f21ea2fba 2026-01-28T21:00:57.619472Z DEBUG polymarket_hft_agent::polymarket::client: Fetching details for market (optimized): 0x3e59b7810dc09b3101e89ca41e29d02f10ff3fd137db7ab6b88873ccfe241d64
2026-01-28T21:00:57.000000+00:00 i-02a40f91f21ea2fba 2026-01-28T21:00:57.619482Z DEBUG polymarket_hft_agent::polymarket::client: Fetching details for market (optimized): 0xe5b90cb4f6d8efb1516c73be52dc95e5eebccb91d26a20e1fa65046d180250ec
2026-01-28T21:00:57.000000+00:00 i-02a40f91f21ea2fba 2026-01-28T21:00:57.632223Z DEBUG polymarket_hft_agent::polymarket::client: ⚠️ Market 0x3b4c535cb25bf843126659849a63844b91bc157a7ff9bc304219fe5702bd3991 not in Gamma yet. Will retry.
2026-01-28T21:00:57.000000+00:00 i-02a40f91f21ea2fba 2026-01-28T21:00:57.632661Z DEBUG polymarket_hft_agent::polymarket::client: ⚠️ Market 0xf7b02a4da272f891961d335a61eccf92e5a559566d8a3a8e228a24ded6cb6250 not in Gamma yet. Will retry.
2026-01-28T21:00:57.000000+00:00 i-02a40f91f21ea2fba 2026-01-28T21:00:57.633637Z DEBUG polymarket_hft_agent::polymarket::client: ⚠️ Market 0x13e4f2cbd7d76494098263300cf9c3c04049ed2a1d562df19a17d69d2c950bf5 not in Gamma yet. Will retry.
2026-01-28T21:00:57.000000+00:00 i-02a40f91f21ea2fba 2026-01-28T21:00:57.633656Z  INFO polymarket_hft_agent::sniper: ⏳ Still waiting for Gamma to sync market 0x13e4f2cbd7d76494098263300cf9c3c04049ed2a1d562df19a17d69d2c950bf5 (Attempt 1)
2026-01-28T21:00:57.000000+00:00 i-02a40f91f21ea2fba 2026-01-28T21:00:57.635562Z DEBUG polymarket_hft_agent::polymarket::client: ⚠️ Market 0x3e59b7810dc09b3101e89ca41e29d02f10ff3fd137db7ab6b88873ccfe241d64 not in Gamma yet. Will retry.
2026-01-28T21:00:57.000000+00:00 i-02a40f91f21ea2fba 2026-01-28T21:00:57.636874Z DEBUG polymarket_hft_agent::polymarket::client: ⚠️ Market 0xd046451dc8db9fb9ed0992ea384433a557fc4715840474c8d76af430630276bb not in Gamma yet. Will retry.
2026-01-28T21:00:57.000000+00:00 i-02a40f91f21ea2fba 2026-01-28T21:00:57.641168Z DEBUG polymarket_hft_agent::polymarket::client: ⚠️ Market 0xe5b90cb4f6d8efb1516c73be52dc95e5eebccb91d26a20e1fa65046d180250ec not in Gamma yet. Will retry.
2026-01-28T21:00:58.000000+00:00 i-02a40f91f21ea2fba 2026-01-28T21:00:58.619266Z DEBUG polymarket_hft_agent::polymarket::client: Fetching details for market (optimized): 0x3b4c535cb25bf843126659849a63844b91bc157a7ff9bc304219fe5702bd3991
2026-01-28T21:00:58.000000+00:00 i-02a40f91f21ea2fba 2026-01-28T21:00:58.619270Z DEBUG polymarket_hft_agent::polymarket::client: Fetching details for market (optimized): 0xd046451dc8db9fb9ed0992ea384433a557fc4715840474c8d76af430630276bb
2026-01-28T21:00:58.000000+00:00 i-02a40f91f21ea2fba 2026-01-28T21:00:58.619395Z DEBUG polymarket_hft_agent::polymarket::client: Fetching details for market (optimized): 0xf7b02a4da272f891961d335a61eccf92e5a559566d8a3a8e228a24ded6cb6250
2026-01-28T21:00:58.000000+00:00 i-02a40f91f21ea2fba 2026-01-28T21:00:58.619395Z DEBUG polymarket_hft_agent::polymarket::client: Fetching details for market (optimized): 0xe5b90cb4f6d8efb1516c73be52dc95e5eebccb91d26a20e1fa65046d180250ec
2026-01-28T21:00:58.000000+00:00 i-02a40f91f21ea2fba 2026-01-28T21:00:58.619437Z DEBUG polymarket_hft_agent::polymarket::client: Fetching details for market (optimized): 0x13e4f2cbd7d76494098263300cf9c3c04049ed2a1d562df19a17d69d2c950bf5
2026-01-28T21:00:58.000000+00:00 i-02a40f91f21ea2fba 2026-01-28T21:00:58.619437Z DEBUG polymarket_hft_agent::polymarket::client: Fetching details for market (optimized): 0x3e59b7810dc09b3101e89ca41e29d02f10ff3fd137db7ab6b88873ccfe241d64
2026-01-28T21:00:58.000000+00:00 i-02a40f91f21ea2fba 2026-01-28T21:00:58.633036Z DEBUG polymarket_hft_agent::polymarket::client: ⚠️ Market 0x3b4c535cb25bf843126659849a63844b91bc157a7ff9bc304219fe5702bd3991 not in Gamma yet. Will retry.
2026-01-28T21:00:58.000000+00:00 i-02a40f91f21ea2fba 2026-01-28T21:00:58.633191Z DEBUG polymarket_hft_agent::polymarket::client: ⚠️ Market 0x13e4f2cbd7d76494098263300cf9c3c04049ed2a1d562df19a17d69d2c950bf5 not in Gamma yet. Will retry.
2026-01-28T21:00:58.000000+00:00 i-02a40f91f21ea2fba 2026-01-28T21:00:58.634283Z DEBUG polymarket_hft_agent::polymarket::client: ⚠️ Market 0xf7b02a4da272f891961d335a61eccf92e5a559566d8a3a8e228a24ded6cb6250 not in Gamma yet. Will retry.
2026-01-28T21:00:58.000000+00:00 i-02a40f91f21ea2fba 2026-01-28T21:00:58.634908Z DEBUG polymarket_hft_agent::polymarket::client: ⚠️ Market 0x3e59b7810dc09b3101e89ca41e29d02f10ff3fd137db7ab6b88873ccfe241d64 not in Gamma yet. Will retry.
2026-01-28T21:00:58.000000+00:00 i-02a40f91f21ea2fba 2026-01-28T21:00:58.638540Z DEBUG polymarket_hft_agent::polymarket::client: ⚠️ Market 0xd046451dc8db9fb9ed0992ea384433a557fc4715840474c8d76af430630276bb not in Gamma yet. Will retry.
2026-01-28T21:00:58.000000+00:00 i-02a40f91f21ea2fba 2026-01-28T21:00:58.656499Z DEBUG polymarket_hft_agent::polymarket::client: ⚠️ Market 0xe5b90cb4f6d8efb1516c73be52dc95e5eebccb91d26a20e1fa65046d180250ec not in Gamma yet. Will retry.
2026-01-28T21:00:59.000000+00:00 i-02a40f91f21ea2fba 2026-01-28T21:00:59.619550Z DEBUG polymarket_hft_agent::polymarket::client: Fetching details for market (optimized): 0x3b4c535cb25bf843126659849a63844b91bc157a7ff9bc304219fe5702bd3991
2026-01-28T21:00:59.000000+00:00 i-02a40f91f21ea2fba 2026-01-28T21:00:59.619551Z DEBUG polymarket_hft_agent::polymarket::client: Fetching details for market (optimized): 0xd046451dc8db9fb9ed0992ea384433a557fc4715840474c8d76af430630276bb
2026-01-28T21:00:59.000000+00:00 i-02a40f91f21ea2fba 2026-01-28T21:00:59.619668Z DEBUG polymarket_hft_agent::polymarket::client: Fetching details for market (optimized): 0xe5b90cb4f6d8efb1516c73be52dc95e5eebccb91d26a20e1fa65046d180250ec
2026-01-28T21:00:59.000000+00:00 i-02a40f91f21ea2fba 2026-01-28T21:00:59.619670Z DEBUG polymarket_hft_agent::polymarket::client: Fetching details for market (optimized): 0x13e4f2cbd7d76494098263300cf9c3c04049ed2a1d562df19a17d69d2c950bf5
2026-01-28T21:00:59.000000+00:00 i-02a40f91f21ea2fba 2026-01-28T21:00:59.619699Z DEBUG polymarket_hft_agent::polymarket::client: Fetching details for market (optimized): 0xf7b02a4da272f891961d335a61eccf92e5a559566d8a3a8e228a24ded6cb6250
2026-01-28T21:00:59.000000+00:00 i-02a40f91f21ea2fba 2026-01-28T21:00:59.619710Z DEBUG polymarket_hft_agent::polymarket::client: Fetching details for market (optimized): 0x3e59b7810dc09b3101e89ca41e29d02f10ff3fd137db7ab6b88873ccfe241d64
2026-01-28T21:00:59.000000+00:00 i-02a40f91f21ea2fba 2026-01-28T21:00:59.631321Z DEBUG polymarket_hft_agent::polymarket::client: ⚠️ Market 0x3e59b7810dc09b3101e89ca41e29d02f10ff3fd137db7ab6b88873ccfe241d64 not in Gamma yet. Will retry.
2026-01-28T21:00:59.000000+00:00 i-02a40f91f21ea2fba 2026-01-28T21:00:59.632237Z DEBUG polymarket_hft_agent::polymarket::client: ⚠️ Market 0xf7b02a4da272f891961d335a61eccf92e5a559566d8a3a8e228a24ded6cb6250 not in Gamma yet. Will retry.
2026-01-28T21:00:59.000000+00:00 i-02a40f91f21ea2fba 2026-01-28T21:00:59.633516Z DEBUG polymarket_hft_agent::polymarket::client: ⚠️ Market 0xe5b90cb4f6d8efb1516c73be52dc95e5eebccb91d26a20e1fa65046d180250ec not in Gamma yet. Will retry.
2026-01-28T21:00:59.000000+00:00 i-02a40f91f21ea2fba 2026-01-28T21:00:59.633886Z DEBUG polymarket_hft_agent::polymarket::client: ⚠️ Market 0x3b4c535cb25bf843126659849a63844b91bc157a7ff9bc304219fe5702bd3991 not in Gamma yet. Will retry.
2026-01-28T21:00:59.000000+00:00 i-02a40f91f21ea2fba 2026-01-28T21:00:59.633903Z ERROR polymarket_hft_agent::sniper: ❌ Gave up fetching 0x3b4c535cb25bf843126659849a63844b91bc157a7ff9bc304219fe5702bd3991 after 60 attempts. Error: Market not found in Gamma: 0x3b4c535cb25bf843126659849a63844b91bc157a7ff9bc304219fe5702bd3991
2026-01-28T21:00:59.000000+00:00 i-02a40f91f21ea2fba 2026-01-28T21:00:59.636024Z DEBUG polymarket_hft_agent::polymarket::client: ⚠️ Market 0xd046451dc8db9fb9ed0992ea384433a557fc4715840474c8d76af430630276bb not in Gamma yet. Will retry.
2026-01-28T21:00:59.000000+00:00 i-02a40f91f21ea2fba 2026-01-28T21:00:59.636110Z DEBUG polymarket_hft_agent::polymarket::client: ⚠️ Market 0x13e4f2cbd7d76494098263300cf9c3c04049ed2a1d562df19a17d69d2c950bf5 not in Gamma yet. Will retry.
2026-01-28T21:01:00.000000+00:00 i-02a40f91f21ea2fba 2026-01-28T21:01:00.619214Z DEBUG polymarket_hft_agent::polymarket::client: Fetching details for market (optimized): 0xd046451dc8db9fb9ed0992ea384433a557fc4715840474c8d76af430630276bb
2026-01-28T21:01:00.000000+00:00 i-02a40f91f21ea2fba 2026-01-28T21:01:00.619209Z DEBUG polymarket_hft_agent::polymarket::client: Fetching details for market (optimized): 0x3e59b7810dc09b3101e89ca41e29d02f10ff3fd137db7ab6b88873ccfe241d64
2026-01-28T21:01:00.000000+00:00 i-02a40f91f21ea2fba 2026-01-28T21:01:00.619354Z DEBUG polymarket_hft_agent::polymarket::client: Fetching details for market (optimized): 0x13e4f2cbd7d76494098263300cf9c3c04049ed2a1d562df19a17d69d2c950bf5
2026-01-28T21:01:00.000000+00:00 i-02a40f91f21ea2fba 2026-01-28T21:01:00.619359Z DEBUG polymarket_hft_agent::polymarket::client: Fetching details for market (optimized): 0xf7b02a4da272f891961d335a61eccf92e5a559566d8a3a8e228a24ded6cb6250
2026-01-28T21:01:00.000000+00:00 i-02a40f91f21ea2fba 2026-01-28T21:01:00.619385Z DEBUG polymarket_hft_agent::polymarket::client: Fetching details for market (optimized): 0xe5b90cb4f6d8efb1516c73be52dc95e5eebccb91d26a20e1fa65046d180250ec
2026-01-28T21:01:00.000000+00:00 i-02a40f91f21ea2fba 2026-01-28T21:01:00.631870Z DEBUG polymarket_hft_agent::polymarket::client: ⚠️ Market 0x13e4f2cbd7d76494098263300cf9c3c04049ed2a1d562df19a17d69d2c950bf5 not in Gamma yet. Will retry.
2026-01-28T21:01:00.000000+00:00 i-02a40f91f21ea2fba 2026-01-28T21:01:00.633501Z DEBUG polymarket_hft_agent::polymarket::client: ⚠️ Market 0x3e59b7810dc09b3101e89ca41e29d02f10ff3fd137db7ab6b88873ccfe241d64 not in Gamma yet. Will retry.
2026-01-28T21:01:00.000000+00:00 i-02a40f91f21ea2fba 2026-01-28T21:01:00.633767Z DEBUG polymarket_hft_agent::polymarket::client: ⚠️ Market 0xd046451dc8db9fb9ed0992ea384433a557fc4715840474c8d76af430630276bb not in Gamma yet. Will retry.
2026-01-28T21:01:00.000000+00:00 i-02a40f91f21ea2fba 2026-01-28T21:01:00.634164Z DEBUG polymarket_hft_agent::polymarket::client: ⚠️ Market 0xf7b02a4da272f891961d335a61eccf92e5a559566d8a3a8e228a24ded6cb6250 not in Gamma yet. Will retry.
2026-01-28T21:01:00.000000+00:00 i-02a40f91f21ea2fba 2026-01-28T21:01:00.634550Z DEBUG polymarket_hft_agent::polymarket::client: ⚠️ Market 0xe5b90cb4f6d8efb1516c73be52dc95e5eebccb91d26a20e1fa65046d180250ec not in Gamma yet. Will retry.
2026-01-28T21:01:01.000000+00:00 i-02a40f91f21ea2fba 2026-01-28T21:01:01.619698Z DEBUG polymarket_hft_agent::polymarket::client: Fetching details for market (optimized): 0x13e4f2cbd7d76494098263300cf9c3c04049ed2a1d562df19a17d69d2c950bf5
2026-01-28T21:01:01.000000+00:00 i-02a40f91f21ea2fba 2026-01-28T21:01:01.619701Z DEBUG polymarket_hft_agent::polymarket::client: Fetching details for market (optimized): 0xf7b02a4da272f891961d335a61eccf92e5a559566d8a3a8e228a24ded6cb6250
2026-01-28T21:01:01.000000+00:00 i-02a40f91f21ea2fba 2026-01-28T21:01:01.619836Z DEBUG polymarket_hft_agent::polymarket::client: Fetching details for market (optimized): 0xe5b90cb4f6d8efb1516c73be52dc95e5eebccb91d26a20e1fa65046d180250ec
2026-01-28T21:01:01.000000+00:00 i-02a40f91f21ea2fba 2026-01-28T21:01:01.619840Z DEBUG polymarket_hft_agent::polymarket::client: Fetching details for market (optimized): 0x3e59b7810dc09b3101e89ca41e29d02f10ff3fd137db7ab6b88873ccfe241d64
2026-01-28T21:01:01.000000+00:00 i-02a40f91f21ea2fba 2026-01-28T21:01:01.619869Z DEBUG polymarket_hft_agent::polymarket::client: Fetching details for market (optimized): 0xd046451dc8db9fb9ed0992ea384433a557fc4715840474c8d76af430630276bb
2026-01-28T21:01:01.000000+00:00 i-02a40f91f21ea2fba 2026-01-28T21:01:01.634320Z DEBUG polymarket_hft_agent::polymarket::client: ⚠️ Market 0x13e4f2cbd7d76494098263300cf9c3c04049ed2a1d562df19a17d69d2c950bf5 not in Gamma yet. Will retry.
2026-01-28T21:01:01.000000+00:00 i-02a40f91f21ea2fba 2026-01-28T21:01:01.634957Z DEBUG polymarket_hft_agent::polymarket::client: ⚠️ Market 0x3e59b7810dc09b3101e89ca41e29d02f10ff3fd137db7ab6b88873ccfe241d64 not in Gamma yet. Will retry.
2026-01-28T21:01:01.000000+00:00 i-02a40f91f21ea2fba 2026-01-28T21:01:01.635407Z DEBUG polymarket_hft_agent::polymarket::client: ⚠️ Market 0xf7b02a4da272f891961d335a61eccf92e5a559566d8a3a8e228a24ded6cb6250 not in Gamma yet. Will retry.
2026-01-28T21:01:01.000000+00:00 i-02a40f91f21ea2fba 2026-01-28T21:01:01.640455Z DEBUG polymarket_hft_agent::polymarket::client: ⚠️ Market 0xd046451dc8db9fb9ed0992ea384433a557fc4715840474c8d76af430630276bb not in Gamma yet. Will retry.
2026-01-28T21:01:01.000000+00:00 i-02a40f91f21ea2fba 2026-01-28T21:01:01.643130Z DEBUG polymarket_hft_agent::polymarket::client: ⚠️ Market 0xe5b90cb4f6d8efb1516c73be52dc95e5eebccb91d26a20e1fa65046d180250ec not in Gamma yet. Will retry.
2026-01-28T21:01:02.000000+00:00 i-02a40f91f21ea2fba 2026-01-28T21:01:02.619195Z DEBUG polymarket_hft_agent::polymarket::client: Fetching details for market (optimized): 0x13e4f2cbd7d76494098263300cf9c3c04049ed2a1d562df19a17d69d2c950bf5
2026-01-28T21:01:02.000000+00:00 i-02a40f91f21ea2fba 2026-01-28T21:01:02.619203Z DEBUG polymarket_hft_agent::polymarket::client: Fetching details for market (optimized): 0xd046451dc8db9fb9ed0992ea384433a557fc4715840474c8d76af430630276bb
2026-01-28T21:01:02.000000+00:00 i-02a40f91f21ea2fba 2026-01-28T21:01:02.619326Z DEBUG polymarket_hft_agent::polymarket::client: Fetching details for market (optimized): 0x3e59b7810dc09b3101e89ca41e29d02f10ff3fd137db7ab6b88873ccfe241d64
2026-01-28T21:01:02.000000+00:00 i-02a40f91f21ea2fba 2026-01-28T21:01:02.619329Z DEBUG polymarket_hft_agent::polymarket::client: Fetching details for market (optimized): 0xe5b90cb4f6d8efb1516c73be52dc95e5eebccb91d26a20e1fa65046d180250ec
2026-01-28T21:01:02.000000+00:00 i-02a40f91f21ea2fba 2026-01-28T21:01:02.619358Z DEBUG polymarket_hft_agent::polymarket::client: Fetching details for market (optimized): 0xf7b02a4da272f891961d335a61eccf92e5a559566d8a3a8e228a24ded6cb6250
2026-01-28T21:01:02.000000+00:00 i-02a40f91f21ea2fba 2026-01-28T21:01:02.633243Z DEBUG polymarket_hft_agent::polymarket::client: ⚠️ Market 0xe5b90cb4f6d8efb1516c73be52dc95e5eebccb91d26a20e1fa65046d180250ec not in Gamma yet. Will retry.
2026-01-28T21:01:02.000000+00:00 i-02a40f91f21ea2fba 2026-01-28T21:01:02.633292Z DEBUG polymarket_hft_agent::polymarket::client: ⚠️ Market 0xf7b02a4da272f891961d335a61eccf92e5a559566d8a3a8e228a24ded6cb6250 not in Gamma yet. Will retry.
2026-01-28T21:01:02.000000+00:00 i-02a40f91f21ea2fba 2026-01-28T21:01:02.633690Z DEBUG polymarket_hft_agent::polymarket::client: ⚠️ Market 0x13e4f2cbd7d76494098263300cf9c3c04049ed2a1d562df19a17d69d2c950bf5 not in Gamma yet. Will retry.
2026-01-28T21:01:02.000000+00:00 i-02a40f91f21ea2fba 2026-01-28T21:01:02.635880Z DEBUG polymarket_hft_agent::polymarket::client: ⚠️ Market 0x3e59b7810dc09b3101e89ca41e29d02f10ff3fd137db7ab6b88873ccfe241d64 not in Gamma yet. Will retry.
2026-01-28T21:01:02.000000+00:00 i-02a40f91f21ea2fba 2026-01-28T21:01:02.635887Z  INFO polymarket_hft_agent::sniper: ⏳ Still waiting for Gamma to sync market 0x3e59b7810dc09b3101e89ca41e29d02f10ff3fd137db7ab6b88873ccfe241d64 (Attempt 40)
2026-01-28T21:01:02.000000+00:00 i-02a40f91f21ea2fba 2026-01-28T21:01:02.637473Z DEBUG polymarket_hft_agent::polymarket::client: ⚠️ Market 0xd046451dc8db9fb9ed0992ea384433a557fc4715840474c8d76af430630276bb not in Gamma yet. Will retry.
2026-01-28T21:01:03.000000+00:00 i-02a40f91f21ea2fba 2026-01-28T21:01:03.619560Z DEBUG polymarket_hft_agent::polymarket::client: Fetching details for market (optimized): 0xe5b90cb4f6d8efb1516c73be52dc95e5eebccb91d26a20e1fa65046d180250ec
2026-01-28T21:01:03.000000+00:00 i-02a40f91f21ea2fba 2026-01-28T21:01:03.619571Z DEBUG polymarket_hft_agent::polymarket::client: Fetching details for market (optimized): 0x3e59b7810dc09b3101e89ca41e29d02f10ff3fd137db7ab6b88873ccfe241d64
2026-01-28T21:01:03.000000+00:00 i-02a40f91f21ea2fba 2026-01-28T21:01:03.619692Z DEBUG polymarket_hft_agent::polymarket::client: Fetching details for market (optimized): 0xd046451dc8db9fb9ed0992ea384433a557fc4715840474c8d76af430630276bb
2026-01-28T21:01:03.000000+00:00 i-02a40f91f21ea2fba 2026-01-28T21:01:03.619694Z DEBUG polymarket_hft_agent::polymarket::client: Fetching details for market (optimized): 0xf7b02a4da272f891961d335a61eccf92e5a559566d8a3a8e228a24ded6cb6250
2026-01-28T21:01:03.000000+00:00 i-02a40f91f21ea2fba 2026-01-28T21:01:03.619726Z DEBUG polymarket_hft_agent::polymarket::client: Fetching details for market (optimized): 0x13e4f2cbd7d76494098263300cf9c3c04049ed2a1d562df19a17d69d2c950bf5
2026-01-28T21:01:03.000000+00:00 i-02a40f91f21ea2fba 2026-01-28T21:01:03.632412Z DEBUG polymarket_hft_agent::polymarket::client: ⚠️ Market 0xd046451dc8db9fb9ed0992ea384433a557fc4715840474c8d76af430630276bb not in Gamma yet. Will retry.
2026-01-28T21:01:03.000000+00:00 i-02a40f91f21ea2fba 2026-01-28T21:01:03.633570Z DEBUG polymarket_hft_agent::polymarket::client: ⚠️ Market 0xf7b02a4da272f891961d335a61eccf92e5a559566d8a3a8e228a24ded6cb6250 not in Gamma yet. Will retry.
2026-01-28T21:01:03.000000+00:00 i-02a40f91f21ea2fba 2026-01-28T21:01:03.636543Z DEBUG polymarket_hft_agent::polymarket::client: ⚠️ Market 0xe5b90cb4f6d8efb1516c73be52dc95e5eebccb91d26a20e1fa65046d180250ec not in Gamma yet. Will retry.
2026-01-28T21:01:03.000000+00:00 i-02a40f91f21ea2fba 2026-01-28T21:01:03.639252Z DEBUG polymarket_hft_agent::polymarket::client: ⚠️ Market 0x3e59b7810dc09b3101e89ca41e29d02f10ff3fd137db7ab6b88873ccfe241d64 not in Gamma yet. Will retry.
2026-01-28T21:01:03.000000+00:00 i-02a40f91f21ea2fba 2026-01-28T21:01:03.643518Z DEBUG polymarket_hft_agent::polymarket::client: ⚠️ Market 0x13e4f2cbd7d76494098263300cf9c3c04049ed2a1d562df19a17d69d2c950bf5 not in Gamma yet. Will retry.
2026-01-28T21:01:04.000000+00:00 i-02a40f91f21ea2fba 2026-01-28T21:01:04.619589Z DEBUG polymarket_hft_agent::polymarket::client: Fetching details for market (optimized): 0xd046451dc8db9fb9ed0992ea384433a557fc4715840474c8d76af430630276bb
2026-01-28T21:01:04.000000+00:00 i-02a40f91f21ea2fba 2026-01-28T21:01:04.619596Z DEBUG polymarket_hft_agent::polymarket::client: Fetching details for market (optimized): 0x3e59b7810dc09b3101e89ca41e29d02f10ff3fd137db7ab6b88873ccfe241d64
2026-01-28T21:01:04.000000+00:00 i-02a40f91f21ea2fba 2026-01-28T21:01:04.619727Z DEBUG polymarket_hft_agent::polymarket::client: Fetching details for market (optimized): 0xf7b02a4da272f891961d335a61eccf92e5a559566d8a3a8e228a24ded6cb6250
2026-01-28T21:01:04.000000+00:00 i-02a40f91f21ea2fba 2026-01-28T21:01:04.619727Z DEBUG polymarket_hft_agent::polymarket::client: Fetching details for market (optimized): 0x13e4f2cbd7d76494098263300cf9c3c04049ed2a1d562df19a17d69d2c950bf5
2026-01-28T21:01:04.000000+00:00 i-02a40f91f21ea2fba 2026-01-28T21:01:04.619772Z DEBUG polymarket_hft_agent::polymarket::client: Fetching details for market (optimized): 0xe5b90cb4f6d8efb1516c73be52dc95e5eebccb91d26a20e1fa65046d180250ec
2026-01-28T21:01:04.000000+00:00 i-02a40f91f21ea2fba 2026-01-28T21:01:04.635995Z DEBUG polymarket_hft_agent::polymarket::client: ⚠️ Market 0xe5b90cb4f6d8efb1516c73be52dc95e5eebccb91d26a20e1fa65046d180250ec not in Gamma yet. Will retry.
2026-01-28T21:01:04.000000+00:00 i-02a40f91f21ea2fba 2026-01-28T21:01:04.636424Z DEBUG polymarket_hft_agent::polymarket::client: ⚠️ Market 0xf7b02a4da272f891961d335a61eccf92e5a559566d8a3a8e228a24ded6cb6250 not in Gamma yet. Will retry.
2026-01-28T21:01:04.000000+00:00 i-02a40f91f21ea2fba 2026-01-28T21:01:04.636477Z DEBUG polymarket_hft_agent::polymarket::client: ⚠️ Market 0x13e4f2cbd7d76494098263300cf9c3c04049ed2a1d562df19a17d69d2c950bf5 not in Gamma yet. Will retry.
2026-01-28T21:01:04.000000+00:00 i-02a40f91f21ea2fba 2026-01-28T21:01:04.637469Z DEBUG polymarket_hft_agent::polymarket::client: ⚠️ Market 0xd046451dc8db9fb9ed0992ea384433a557fc4715840474c8d76af430630276bb not in Gamma yet. Will retry.
2026-01-28T21:01:04.000000+00:00 i-02a40f91f21ea2fba 2026-01-28T21:01:04.639473Z DEBUG polymarket_hft_agent::polymarket::client: ⚠️ Market 0x3e59b7810dc09b3101e89ca41e29d02f10ff3fd137db7ab6b88873ccfe241d64 not in Gamma yet. Will retry.
2026-01-28T21:01:05.000000+00:00 i-02a40f91f21ea2fba 2026-01-28T21:01:05.619590Z DEBUG polymarket_hft_agent::polymarket::client: Fetching details for market (optimized): 0xe5b90cb4f6d8efb1516c73be52dc95e5eebccb91d26a20e1fa65046d180250ec
2026-01-28T21:01:05.000000+00:00 i-02a40f91f21ea2fba 2026-01-28T21:01:05.619593Z DEBUG polymarket_hft_agent::polymarket::client: Fetching details for market (optimized): 0xf7b02a4da272f891961d335a61eccf92e5a559566d8a3a8e228a24ded6cb6250
2026-01-28T21:01:05.000000+00:00 i-02a40f91f21ea2fba 2026-01-28T21:01:05.619732Z DEBUG polymarket_hft_agent::polymarket::client: Fetching details for market (optimized): 0x3e59b7810dc09b3101e89ca41e29d02f10ff3fd137db7ab6b88873ccfe241d64
2026-01-28T21:01:05.000000+00:00 i-02a40f91f21ea2fba 2026-01-28T21:01:05.619734Z DEBUG polymarket_hft_agent::polymarket::client: Fetching details for market (optimized): 0x13e4f2cbd7d76494098263300cf9c3c04049ed2a1d562df19a17d69d2c950bf5
2026-01-28T21:01:05.000000+00:00 i-02a40f91f21ea2fba 2026-01-28T21:01:05.619766Z DEBUG polymarket_hft_agent::polymarket::client: Fetching details for market (optimized): 0xd046451dc8db9fb9ed0992ea384433a557fc4715840474c8d76af430630276bb
2026-01-28T21:01:05.000000+00:00 i-02a40f91f21ea2fba 2026-01-28T21:01:05.634631Z DEBUG polymarket_hft_agent::polymarket::client: ⚠️ Market 0x13e4f2cbd7d76494098263300cf9c3c04049ed2a1d562df19a17d69d2c950bf5 not in Gamma yet. Will retry.
2026-01-28T21:01:05.000000+00:00 i-02a40f91f21ea2fba 2026-01-28T21:01:05.636468Z DEBUG polymarket_hft_agent::polymarket::client: ⚠️ Market 0xd046451dc8db9fb9ed0992ea384433a557fc4715840474c8d76af430630276bb not in Gamma yet. Will retry.
2026-01-28T21:01:05.000000+00:00 i-02a40f91f21ea2fba 2026-01-28T21:01:05.637271Z DEBUG polymarket_hft_agent::polymarket::client: ⚠️ Market 0xe5b90cb4f6d8efb1516c73be52dc95e5eebccb91d26a20e1fa65046d180250ec not in Gamma yet. Will retry.
2026-01-28T21:01:05.000000+00:00 i-02a40f91f21ea2fba 2026-01-28T21:01:05.642763Z DEBUG polymarket_hft_agent::polymarket::client: ⚠️ Market 0xf7b02a4da272f891961d335a61eccf92e5a559566d8a3a8e228a24ded6cb6250 not in Gamma yet. Will retry.
2026-01-28T21:01:05.000000+00:00 i-02a40f91f21ea2fba 2026-01-28T21:01:05.676849Z DEBUG polymarket_hft_agent::polymarket::client: ⚠️ Market 0x3e59b7810dc09b3101e89ca41e29d02f10ff3fd137db7ab6b88873ccfe241d64 not in Gamma yet. Will retry.
2026-01-28T21:01:06.000000+00:00 i-02a40f91f21ea2fba 2026-01-28T21:01:06.619432Z DEBUG polymarket_hft_agent::polymarket::client: Fetching details for market (optimized): 0x13e4f2cbd7d76494098263300cf9c3c04049ed2a1d562df19a17d69d2c950bf5
2026-01-28T21:01:06.000000+00:00 i-02a40f91f21ea2fba 2026-01-28T21:01:06.619443Z DEBUG polymarket_hft_agent::polymarket::client: Fetching details for market (optimized): 0xf7b02a4da272f891961d335a61eccf92e5a559566d8a3a8e228a24ded6cb6250
2026-01-28T21:01:06.000000+00:00 i-02a40f91f21ea2fba 2026-01-28T21:01:06.619590Z DEBUG polymarket_hft_agent::polymarket::client: Fetching details for market (optimized): 0x3e59b7810dc09b3101e89ca41e29d02f10ff3fd137db7ab6b88873ccfe241d64
2026-01-28T21:01:06.000000+00:00 i-02a40f91f21ea2fba 2026-01-28T21:01:06.619593Z DEBUG polymarket_hft_agent::polymarket::client: Fetching details for market (optimized): 0xd046451dc8db9fb9ed0992ea384433a557fc4715840474c8d76af430630276bb
2026-01-28T21:01:06.000000+00:00 i-02a40f91f21ea2fba 2026-01-28T21:01:06.619624Z DEBUG polymarket_hft_agent::polymarket::client: Fetching details for market (optimized): 0xe5b90cb4f6d8efb1516c73be52dc95e5eebccb91d26a20e1fa65046d180250ec
2026-01-28T21:01:06.000000+00:00 i-02a40f91f21ea2fba 2026-01-28T21:01:06.631545Z DEBUG polymarket_hft_agent::polymarket::client: ⚠️ Market 0x3e59b7810dc09b3101e89ca41e29d02f10ff3fd137db7ab6b88873ccfe241d64 not in Gamma yet. Will retry.
2026-01-28T21:01:06.000000+00:00 i-02a40f91f21ea2fba 2026-01-28T21:01:06.631970Z DEBUG polymarket_hft_agent::polymarket::client: ⚠️ Market 0xf7b02a4da272f891961d335a61eccf92e5a559566d8a3a8e228a24ded6cb6250 not in Gamma yet. Will retry.
2026-01-28T21:01:06.000000+00:00 i-02a40f91f21ea2fba 2026-01-28T21:01:06.635165Z DEBUG polymarket_hft_agent::polymarket::client: ⚠️ Market 0x13e4f2cbd7d76494098263300cf9c3c04049ed2a1d562df19a17d69d2c950bf5 not in Gamma yet. Will retry.
2026-01-28T21:01:06.000000+00:00 i-02a40f91f21ea2fba 2026-01-28T21:01:06.635492Z DEBUG polymarket_hft_agent::polymarket::client: ⚠️ Market 0xd046451dc8db9fb9ed0992ea384433a557fc4715840474c8d76af430630276bb not in Gamma yet. Will retry.
2026-01-28T21:01:06.000000+00:00 i-02a40f91f21ea2fba 2026-01-28T21:01:06.638542Z DEBUG polymarket_hft_agent::polymarket::client: ⚠️ Market 0xe5b90cb4f6d8efb1516c73be52dc95e5eebccb91d26a20e1fa65046d180250ec not in Gamma yet. Will retry.
2026-01-28T21:01:06.000000+00:00 i-02a40f91f21ea2fba 2026-01-28T21:01:06.638549Z  INFO polymarket_hft_agent::sniper: ⏳ Still waiting for Gamma to sync market 0xe5b90cb4f6d8efb1516c73be52dc95e5eebccb91d26a20e1fa65046d180250ec (Attempt 20)
2026-01-28T21:01:07.000000+00:00 i-02a40f91f21ea2fba 2026-01-28T21:01:07.619193Z DEBUG polymarket_hft_agent::polymarket::client: Fetching details for market (optimized): 0x3e59b7810dc09b3101e89ca41e29d02f10ff3fd137db7ab6b88873ccfe241d64
2026-01-28T21:01:07.000000+00:00 i-02a40f91f21ea2fba 2026-01-28T21:01:07.619205Z DEBUG polymarket_hft_agent::polymarket::client: Fetching details for market (optimized): 0xd046451dc8db9fb9ed0992ea384433a557fc4715840474c8d76af430630276bb
2026-01-28T21:01:07.000000+00:00 i-02a40f91f21ea2fba 2026-01-28T21:01:07.619310Z DEBUG polymarket_hft_agent::polymarket::client: Fetching details for market (optimized): 0xe5b90cb4f6d8efb1516c73be52dc95e5eebccb91d26a20e1fa65046d180250ec
2026-01-28T21:01:07.000000+00:00 i-02a40f91f21ea2fba 2026-01-28T21:01:07.619312Z DEBUG polymarket_hft_agent::polymarket::client: Fetching details for market (optimized): 0xf7b02a4da272f891961d335a61eccf92e5a559566d8a3a8e228a24ded6cb6250
2026-01-28T21:01:07.000000+00:00 i-02a40f91f21ea2fba 2026-01-28T21:01:07.619342Z DEBUG polymarket_hft_agent::polymarket::client: Fetching details for market (optimized): 0x13e4f2cbd7d76494098263300cf9c3c04049ed2a1d562df19a17d69d2c950bf5
2026-01-28T21:01:07.000000+00:00 i-02a40f91f21ea2fba 2026-01-28T21:01:07.630572Z DEBUG polymarket_hft_agent::polymarket::client: ⚠️ Market 0x3e59b7810dc09b3101e89ca41e29d02f10ff3fd137db7ab6b88873ccfe241d64 not in Gamma yet. Will retry.
2026-01-28T21:01:07.000000+00:00 i-02a40f91f21ea2fba 2026-01-28T21:01:07.633870Z DEBUG polymarket_hft_agent::polymarket::client: ⚠️ Market 0xe5b90cb4f6d8efb1516c73be52dc95e5eebccb91d26a20e1fa65046d180250ec not in Gamma yet. Will retry.
2026-01-28T21:01:07.000000+00:00 i-02a40f91f21ea2fba 2026-01-28T21:01:07.636906Z DEBUG polymarket_hft_agent::polymarket::client: ⚠️ Market 0xd046451dc8db9fb9ed0992ea384433a557fc4715840474c8d76af430630276bb not in Gamma yet. Will retry.
2026-01-28T21:01:07.000000+00:00 i-02a40f91f21ea2fba 2026-01-28T21:01:07.637981Z DEBUG polymarket_hft_agent::polymarket::client: ⚠️ Market 0x13e4f2cbd7d76494098263300cf9c3c04049ed2a1d562df19a17d69d2c950bf5 not in Gamma yet. Will retry.
2026-01-28T21:01:07.000000+00:00 i-02a40f91f21ea2fba 2026-01-28T21:01:07.648014Z DEBUG polymarket_hft_agent::polymarket::client: ⚠️ Market 0xf7b02a4da272f891961d335a61eccf92e5a559566d8a3a8e228a24ded6cb6250 not in Gamma yet. Will retry.
2026-01-28T21:01:08.000000+00:00 i-02a40f91f21ea2fba 2026-01-28T21:01:08.619630Z DEBUG polymarket_hft_agent::polymarket::client: Fetching details for market (optimized): 0x3e59b7810dc09b3101e89ca41e29d02f10ff3fd137db7ab6b88873ccfe241d64
2026-01-28T21:01:08.000000+00:00 i-02a40f91f21ea2fba 2026-01-28T21:01:08.619652Z DEBUG polymarket_hft_agent::polymarket::client: Fetching details for market (optimized): 0x13e4f2cbd7d76494098263300cf9c3c04049ed2a1d562df19a17d69d2c950bf5
2026-01-28T21:01:08.000000+00:00 i-02a40f91f21ea2fba 2026-01-28T21:01:08.619770Z DEBUG polymarket_hft_agent::polymarket::client: Fetching details for market (optimized): 0xf7b02a4da272f891961d335a61eccf92e5a559566d8a3a8e228a24ded6cb6250
2026-01-28T21:01:08.000000+00:00 i-02a40f91f21ea2fba 2026-01-28T21:01:08.619774Z DEBUG polymarket_hft_agent::polymarket::client: Fetching details for market (optimized): 0xe5b90cb4f6d8efb1516c73be52dc95e5eebccb91d26a20e1fa65046d180250ec
2026-01-28T21:01:08.000000+00:00 i-02a40f91f21ea2fba 2026-01-28T21:01:08.619804Z DEBUG polymarket_hft_agent::polymarket::client: Fetching details for market (optimized): 0xd046451dc8db9fb9ed0992ea384433a557fc4715840474c8d76af430630276bb
2026-01-28T21:01:08.000000+00:00 i-02a40f91f21ea2fba 2026-01-28T21:01:08.632281Z DEBUG polymarket_hft_agent::polymarket::client: ⚠️ Market 0xd046451dc8db9fb9ed0992ea384433a557fc4715840474c8d76af430630276bb not in Gamma yet. Will retry.
2026-01-28T21:01:08.000000+00:00 i-02a40f91f21ea2fba 2026-01-28T21:01:08.636061Z DEBUG polymarket_hft_agent::polymarket::client: ⚠️ Market 0xf7b02a4da272f891961d335a61eccf92e5a559566d8a3a8e228a24ded6cb6250 not in Gamma yet. Will retry.
2026-01-28T21:01:08.000000+00:00 i-02a40f91f21ea2fba 2026-01-28T21:01:08.636169Z DEBUG polymarket_hft_agent::polymarket::client: ⚠️ Market 0x13e4f2cbd7d76494098263300cf9c3c04049ed2a1d562df19a17d69d2c950bf5 not in Gamma yet. Will retry.
2026-01-28T21:01:08.000000+00:00 i-02a40f91f21ea2fba 2026-01-28T21:01:08.640983Z DEBUG polymarket_hft_agent::polymarket::client: ⚠️ Market 0xe5b90cb4f6d8efb1516c73be52dc95e5eebccb91d26a20e1fa65046d180250ec not in Gamma yet. Will retry.
2026-01-28T21:01:08.000000+00:00 i-02a40f91f21ea2fba 2026-01-28T21:01:08.642544Z DEBUG polymarket_hft_agent::polymarket::client: ⚠️ Market 0x3e59b7810dc09b3101e89ca41e29d02f10ff3fd137db7ab6b88873ccfe241d64 not in Gamma yet. Will retry.
2026-01-28T21:01:09.000000+00:00 i-02a40f91f21ea2fba 2026-01-28T21:01:09.619653Z DEBUG polymarket_hft_agent::polymarket::client: Fetching details for market (optimized): 0xd046451dc8db9fb9ed0992ea384433a557fc4715840474c8d76af430630276bb
2026-01-28T21:01:09.000000+00:00 i-02a40f91f21ea2fba 2026-01-28T21:01:09.619659Z DEBUG polymarket_hft_agent::polymarket::client: Fetching details for market (optimized): 0xf7b02a4da272f891961d335a61eccf92e5a559566d8a3a8e228a24ded6cb6250
2026-01-28T21:01:09.000000+00:00 i-02a40f91f21ea2fba 2026-01-28T21:01:09.619777Z DEBUG polymarket_hft_agent::polymarket::client: Fetching details for market (optimized): 0x13e4f2cbd7d76494098263300cf9c3c04049ed2a1d562df19a17d69d2c950bf5
2026-01-28T21:01:09.000000+00:00 i-02a40f91f21ea2fba 2026-01-28T21:01:09.619778Z DEBUG polymarket_hft_agent::polymarket::client: Fetching details for market (optimized): 0x3e59b7810dc09b3101e89ca41e29d02f10ff3fd137db7ab6b88873ccfe241d64
2026-01-28T21:01:09.000000+00:00 i-02a40f91f21ea2fba 2026-01-28T21:01:09.619805Z DEBUG polymarket_hft_agent::polymarket::client: Fetching details for market (optimized): 0xe5b90cb4f6d8efb1516c73be52dc95e5eebccb91d26a20e1fa65046d180250ec
2026-01-28T21:01:09.000000+00:00 i-02a40f91f21ea2fba 2026-01-28T21:01:09.631863Z DEBUG polymarket_hft_agent::polymarket::client: ⚠️ Market 0xd046451dc8db9fb9ed0992ea384433a557fc4715840474c8d76af430630276bb not in Gamma yet. Will retry.
2026-01-28T21:01:09.000000+00:00 i-02a40f91f21ea2fba 2026-01-28T21:01:09.634383Z DEBUG polymarket_hft_agent::polymarket::client: ⚠️ Market 0xe5b90cb4f6d8efb1516c73be52dc95e5eebccb91d26a20e1fa65046d180250ec not in Gamma yet. Will retry.
2026-01-28T21:01:09.000000+00:00 i-02a40f91f21ea2fba 2026-01-28T21:01:09.636076Z DEBUG polymarket_hft_agent::polymarket::client: ⚠️ Market 0x3e59b7810dc09b3101e89ca41e29d02f10ff3fd137db7ab6b88873ccfe241d64 not in Gamma yet. Will retry.
2026-01-28T21:01:09.000000+00:00 i-02a40f91f21ea2fba 2026-01-28T21:01:09.636508Z DEBUG polymarket_hft_agent::polymarket::client: ⚠️ Market 0xf7b02a4da272f891961d335a61eccf92e5a559566d8a3a8e228a24ded6cb6250 not in Gamma yet. Will retry.
2026-01-28T21:01:09.000000+00:00 i-02a40f91f21ea2fba 2026-01-28T21:01:09.638395Z DEBUG polymarket_hft_agent::polymarket::client: ⚠️ Market 0x13e4f2cbd7d76494098263300cf9c3c04049ed2a1d562df19a17d69d2c950bf5 not in Gamma yet. Will retry.
2026-01-28T21:01:09.000000+00:00 i-02a40f91f21ea2fba 2026-01-28T21:01:09.861947Z  INFO polymarket_hft_agent::polymarket::events: 🆕 NEW MARKET EVENT: Condition ID 0x0a223314a7b498f5a0386064ecfc94fc1c70b11dcee78d77f86c6df6eafdc6ef
2026-01-28T21:01:09.000000+00:00 i-02a40f91f21ea2fba 2026-01-28T21:01:09.861975Z  INFO polymarket_hft_agent::sniper: ⚡ WebSocket event: New market condition 0x0a223314a7b498f5a0386064ecfc94fc1c70b11dcee78d77f86c6df6eafdc6ef
2026-01-28T21:01:09.000000+00:00 i-02a40f91f21ea2fba 2026-01-28T21:01:09.861992Z  INFO polymarket_hft_agent::sniper: 🔮 Derived Token IDs locally! YES: ...337042, NO: ...619398
2026-01-28T21:01:09.000000+00:00 i-02a40f91f21ea2fba 2026-01-28T21:01:09.862005Z  INFO polymarket_hft_agent::sniper: 🔌 Subscribed to CLOB for derived IDs (YES/NO)
2026-01-28T21:01:09.000000+00:00 i-02a40f91f21ea2fba 2026-01-28T21:01:09.862013Z DEBUG polymarket_hft_agent::sniper: ⚡ Triggering immediate fast market fetch...
2026-01-28T21:01:09.000000+00:00 i-02a40f91f21ea2fba 2026-01-28T21:01:09.862018Z DEBUG polymarket_hft_agent::polymarket::client: Fetching details for market (optimized): 0x0a223314a7b498f5a0386064ecfc94fc1c70b11dcee78d77f86c6df6eafdc6ef
2026-01-28T21:01:09.000000+00:00 i-02a40f91f21ea2fba 2026-01-28T21:01:09.862026Z  INFO polymarket_hft_agent::polymarket::ws: Binds Subscribing to 2 assets
2026-01-28T21:01:10.000000+00:00 i-02a40f91f21ea2fba 2026-01-28T21:01:10.730796Z DEBUG polymarket_hft_agent::polymarket::client: ⚠️ Market 0x0a223314a7b498f5a0386064ecfc94fc1c70b11dcee78d77f86c6df6eafdc6ef not in Gamma yet. Will retry.
2026-01-28T21:01:10.000000+00:00 i-02a40f91f21ea2fba 2026-01-28T21:01:10.730817Z DEBUG polymarket_hft_agent::sniper: ⚠️ Initial fetch failed (Market not found in Gamma: 0x0a223314a7b498f5a0386064ecfc94fc1c70b11dcee78d77f86c6df6eafdc6ef), queuing for retry...
2026-01-28T21:01:10.000000+00:00 i-02a40f91f21ea2fba 2026-01-28T21:01:10.730838Z DEBUG polymarket_hft_agent::polymarket::client: Fetching details for market (optimized): 0xd046451dc8db9fb9ed0992ea384433a557fc4715840474c8d76af430630276bb
2026-01-28T21:01:10.000000+00:00 i-02a40f91f21ea2fba 2026-01-28T21:01:10.730840Z DEBUG polymarket_hft_agent::polymarket::client: Fetching details for market (optimized): 0x13e4f2cbd7d76494098263300cf9c3c04049ed2a1d562df19a17d69d2c950bf5
2026-01-28T21:01:10.000000+00:00 i-02a40f91f21ea2fba 2026-01-28T21:01:10.730910Z DEBUG polymarket_hft_agent::polymarket::client: Fetching details for market (optimized): 0xe5b90cb4f6d8efb1516c73be52dc95e5eebccb91d26a20e1fa65046d180250ec
2026-01-28T21:01:10.000000+00:00 i-02a40f91f21ea2fba 2026-01-28T21:01:10.730911Z DEBUG polymarket_hft_agent::polymarket::client: Fetching details for market (optimized): 0x0a223314a7b498f5a0386064ecfc94fc1c70b11dcee78d77f86c6df6eafdc6ef
2026-01-28T21:01:10.000000+00:00 i-02a40f91f21ea2fba 2026-01-28T21:01:10.730939Z DEBUG polymarket_hft_agent::polymarket::client: Fetching details for market (optimized): 0x3e59b7810dc09b3101e89ca41e29d02f10ff3fd137db7ab6b88873ccfe241d64
2026-01-28T21:01:10.000000+00:00 i-02a40f91f21ea2fba 2026-01-28T21:01:10.730949Z DEBUG polymarket_hft_agent::polymarket::client: Fetching details for market (optimized): 0xf7b02a4da272f891961d335a61eccf92e5a559566d8a3a8e228a24ded6cb6250
2026-01-28T21:01:10.000000+00:00 i-02a40f91f21ea2fba 2026-01-28T21:01:10.742996Z DEBUG polymarket_hft_agent::polymarket::client: ⚠️ Market 0xf7b02a4da272f891961d335a61eccf92e5a559566d8a3a8e228a24ded6cb6250 not in Gamma yet. Will retry.
2026-01-28T21:01:10.000000+00:00 i-02a40f91f21ea2fba 2026-01-28T21:01:10.743029Z ERROR polymarket_hft_agent::sniper: ❌ Gave up fetching 0xf7b02a4da272f891961d335a61eccf92e5a559566d8a3a8e228a24ded6cb6250 after 60 attempts. Error: Market not found in Gamma: 0xf7b02a4da272f891961d335a61eccf92e5a559566d8a3a8e228a24ded6cb6250
2026-01-28T21:01:10.000000+00:00 i-02a40f91f21ea2fba 2026-01-28T21:01:10.744360Z DEBUG polymarket_hft_agent::polymarket::client: ⚠️ Market 0x3e59b7810dc09b3101e89ca41e29d02f10ff3fd137db7ab6b88873ccfe241d64 not in Gamma yet. Will retry.
2026-01-28T21:01:10.000000+00:00 i-02a40f91f21ea2fba 2026-01-28T21:01:10.744391Z DEBUG polymarket_hft_agent::polymarket::client: ⚠️ Market 0xd046451dc8db9fb9ed0992ea384433a557fc4715840474c8d76af430630276bb not in Gamma yet. Will retry.
2026-01-28T21:01:10.000000+00:00 i-02a40f91f21ea2fba 2026-01-28T21:01:10.745514Z DEBUG polymarket_hft_agent::polymarket::client: ⚠️ Market 0x13e4f2cbd7d76494098263300cf9c3c04049ed2a1d562df19a17d69d2c950bf5 not in Gamma yet. Will retry.
2026-01-28T21:01:10.000000+00:00 i-02a40f91f21ea2fba 2026-01-28T21:01:10.748250Z DEBUG polymarket_hft_agent::polymarket::client: ⚠️ Market 0xe5b90cb4f6d8efb1516c73be52dc95e5eebccb91d26a20e1fa65046d180250ec not in Gamma yet. Will retry.
2026-01-28T21:01:10.000000+00:00 i-02a40f91f21ea2fba 2026-01-28T21:01:10.748463Z DEBUG polymarket_hft_agent::polymarket::client: ⚠️ Market 0x0a223314a7b498f5a0386064ecfc94fc1c70b11dcee78d77f86c6df6eafdc6ef not in Gamma yet. Will retry.
2026-01-28T21:01:10.000000+00:00 i-02a40f91f21ea2fba 2026-01-28T21:01:10.748484Z  INFO polymarket_hft_agent::sniper: ⏳ Still waiting for Gamma to sync market 0x0a223314a7b498f5a0386064ecfc94fc1c70b11dcee78d77f86c6df6eafdc6ef (Attempt 1)
2026-01-28T21:01:11.000000+00:00 i-02a40f91f21ea2fba 2026-01-28T21:01:11.619447Z DEBUG polymarket_hft_agent::polymarket::client: Fetching details for market (optimized): 0x3e59b7810dc09b3101e89ca41e29d02f10ff3fd137db7ab6b88873ccfe241d64
2026-01-28T21:01:11.000000+00:00 i-02a40f91f21ea2fba 2026-01-28T21:01:11.619449Z DEBUG polymarket_hft_agent::polymarket::client: Fetching details for market (optimized): 0xe5b90cb4f6d8efb1516c73be52dc95e5eebccb91d26a20e1fa65046d180250ec
2026-01-28T21:01:11.000000+00:00 i-02a40f91f21ea2fba 2026-01-28T21:01:11.619569Z DEBUG polymarket_hft_agent::polymarket::client: Fetching details for market (optimized): 0xd046451dc8db9fb9ed0992ea384433a557fc4715840474c8d76af430630276bb
2026-01-28T21:01:11.000000+00:00 i-02a40f91f21ea2fba 2026-01-28T21:01:11.619572Z DEBUG polymarket_hft_agent::polymarket::client: Fetching details for market (optimized): 0x0a223314a7b498f5a0386064ecfc94fc1c70b11dcee78d77f86c6df6eafdc6ef
2026-01-28T21:01:11.000000+00:00 i-02a40f91f21ea2fba 2026-01-28T21:01:11.619602Z DEBUG polymarket_hft_agent::polymarket::client: Fetching details for market (optimized): 0x13e4f2cbd7d76494098263300cf9c3c04049ed2a1d562df19a17d69d2c950bf5
2026-01-28T21:01:11.000000+00:00 i-02a40f91f21ea2fba 2026-01-28T21:01:11.632801Z DEBUG polymarket_hft_agent::polymarket::client: ⚠️ Market 0x3e59b7810dc09b3101e89ca41e29d02f10ff3fd137db7ab6b88873ccfe241d64 not in Gamma yet. Will retry.
2026-01-28T21:01:11.000000+00:00 i-02a40f91f21ea2fba 2026-01-28T21:01:11.632855Z DEBUG polymarket_hft_agent::polymarket::client: ⚠️ Market 0x0a223314a7b498f5a0386064ecfc94fc1c70b11dcee78d77f86c6df6eafdc6ef not in Gamma yet. Will retry.
2026-01-28T21:01:11.000000+00:00 i-02a40f91f21ea2fba 2026-01-28T21:01:11.633761Z DEBUG polymarket_hft_agent::polymarket::client: ⚠️ Market 0xd046451dc8db9fb9ed0992ea384433a557fc4715840474c8d76af430630276bb not in Gamma yet. Will retry.
2026-01-28T21:01:11.000000+00:00 i-02a40f91f21ea2fba 2026-01-28T21:01:11.636428Z DEBUG polymarket_hft_agent::polymarket::client: ⚠️ Market 0xe5b90cb4f6d8efb1516c73be52dc95e5eebccb91d26a20e1fa65046d180250ec not in Gamma yet. Will retry.
2026-01-28T21:01:11.000000+00:00 i-02a40f91f21ea2fba 2026-01-28T21:01:11.640914Z DEBUG polymarket_hft_agent::polymarket::client: ⚠️ Market 0x13e4f2cbd7d76494098263300cf9c3c04049ed2a1d562df19a17d69d2c950bf5 not in Gamma yet. Will retry.
2026-01-28T21:01:12.000000+00:00 i-02a40f91f21ea2fba 2026-01-28T21:01:12.618963Z DEBUG polymarket_hft_agent::polymarket::client: Fetching details for market (optimized): 0x3e59b7810dc09b3101e89ca41e29d02f10ff3fd137db7ab6b88873ccfe241d64
2026-01-28T21:01:12.000000+00:00 i-02a40f91f21ea2fba 2026-01-28T21:01:12.618969Z DEBUG polymarket_hft_agent::polymarket::client: Fetching details for market (optimized): 0xe5b90cb4f6d8efb1516c73be52dc95e5eebccb91d26a20e1fa65046d180250ec
2026-01-28T21:01:12.000000+00:00 i-02a40f91f21ea2fba 2026-01-28T21:01:12.619083Z DEBUG polymarket_hft_agent::polymarket::client: Fetching details for market (optimized): 0x0a223314a7b498f5a0386064ecfc94fc1c70b11dcee78d77f86c6df6eafdc6ef
2026-01-28T21:01:12.000000+00:00 i-02a40f91f21ea2fba 2026-01-28T21:01:12.619085Z DEBUG polymarket_hft_agent::polymarket::client: Fetching details for market (optimized): 0x13e4f2cbd7d76494098263300cf9c3c04049ed2a1d562df19a17d69d2c950bf5
2026-01-28T21:01:12.000000+00:00 i-02a40f91f21ea2fba 2026-01-28T21:01:12.619113Z DEBUG polymarket_hft_agent::polymarket::client: Fetching details for market (optimized): 0xd046451dc8db9fb9ed0992ea384433a557fc4715840474c8d76af430630276bb
2026-01-28T21:01:12.000000+00:00 i-02a40f91f21ea2fba 2026-01-28T21:01:12.631342Z DEBUG polymarket_hft_agent::polymarket::client: ⚠️ Market 0x3e59b7810dc09b3101e89ca41e29d02f10ff3fd137db7ab6b88873ccfe241d64 not in Gamma yet. Will retry.
2026-01-28T21:01:12.000000+00:00 i-02a40f91f21ea2fba 2026-01-28T21:01:12.632619Z DEBUG polymarket_hft_agent::polymarket::client: ⚠️ Market 0xd046451dc8db9fb9ed0992ea384433a557fc4715840474c8d76af430630276bb not in Gamma yet. Will retry.
2026-01-28T21:01:12.000000+00:00 i-02a40f91f21ea2fba 2026-01-28T21:01:12.636690Z DEBUG polymarket_hft_agent::polymarket::client: ⚠️ Market 0xe5b90cb4f6d8efb1516c73be52dc95e5eebccb91d26a20e1fa65046d180250ec not in Gamma yet. Will retry.
2026-01-28T21:01:12.000000+00:00 i-02a40f91f21ea2fba 2026-01-28T21:01:12.640021Z DEBUG polymarket_hft_agent::polymarket::client: ⚠️ Market 0x0a223314a7b498f5a0386064ecfc94fc1c70b11dcee78d77f86c6df6eafdc6ef not in Gamma yet. Will retry.
2026-01-28T21:01:12.000000+00:00 i-02a40f91f21ea2fba 2026-01-28T21:01:12.644166Z DEBUG polymarket_hft_agent::polymarket::client: ⚠️ Market 0x13e4f2cbd7d76494098263300cf9c3c04049ed2a1d562df19a17d69d2c950bf5 not in Gamma yet. Will retry.
2026-01-28T21:01:13.000000+00:00 i-02a40f91f21ea2fba 2026-01-28T21:01:13.619245Z DEBUG polymarket_hft_agent::polymarket::client: Fetching details for market (optimized): 0x3e59b7810dc09b3101e89ca41e29d02f10ff3fd137db7ab6b88873ccfe241d64
2026-01-28T21:01:13.000000+00:00 i-02a40f91f21ea2fba 2026-01-28T21:01:13.619252Z DEBUG polymarket_hft_agent::polymarket::client: Fetching details for market (optimized): 0xd046451dc8db9fb9ed0992ea384433a557fc4715840474c8d76af430630276bb
2026-01-28T21:01:13.000000+00:00 i-02a40f91f21ea2fba 2026-01-28T21:01:13.619370Z DEBUG polymarket_hft_agent::polymarket::client: Fetching details for market (optimized): 0xe5b90cb4f6d8efb1516c73be52dc95e5eebccb91d26a20e1fa65046d180250ec
2026-01-28T21:01:13.000000+00:00 i-02a40f91f21ea2fba 2026-01-28T21:01:13.619373Z DEBUG polymarket_hft_agent::polymarket::client: Fetching details for market (optimized): 0x13e4f2cbd7d76494098263300cf9c3c04049ed2a1d562df19a17d69d2c950bf5
2026-01-28T21:01:13.000000+00:00 i-02a40f91f21ea2fba 2026-01-28T21:01:13.619399Z DEBUG polymarket_hft_agent::polymarket::client: Fetching details for market (optimized): 0x0a223314a7b498f5a0386064ecfc94fc1c70b11dcee78d77f86c6df6eafdc6ef
2026-01-28T21:01:13.000000+00:00 i-02a40f91f21ea2fba 2026-01-28T21:01:13.633641Z DEBUG polymarket_hft_agent::polymarket::client: ⚠️ Market 0x13e4f2cbd7d76494098263300cf9c3c04049ed2a1d562df19a17d69d2c950bf5 not in Gamma yet. Will retry.
2026-01-28T21:01:13.000000+00:00 i-02a40f91f21ea2fba 2026-01-28T21:01:13.634721Z DEBUG polymarket_hft_agent::polymarket::client: ⚠️ Market 0x3e59b7810dc09b3101e89ca41e29d02f10ff3fd137db7ab6b88873ccfe241d64 not in Gamma yet. Will retry.
2026-01-28T21:01:13.000000+00:00 i-02a40f91f21ea2fba 2026-01-28T21:01:13.635874Z DEBUG polymarket_hft_agent::polymarket::client: ⚠️ Market 0x0a223314a7b498f5a0386064ecfc94fc1c70b11dcee78d77f86c6df6eafdc6ef not in Gamma yet. Will retry.
2026-01-28T21:01:13.000000+00:00 i-02a40f91f21ea2fba 2026-01-28T21:01:13.638082Z DEBUG polymarket_hft_agent::polymarket::client: ⚠️ Market 0xd046451dc8db9fb9ed0992ea384433a557fc4715840474c8d76af430630276bb not in Gamma yet. Will retry.
2026-01-28T21:01:13.000000+00:00 i-02a40f91f21ea2fba 2026-01-28T21:01:13.638231Z DEBUG polymarket_hft_agent::polymarket::client: ⚠️ Market 0xe5b90cb4f6d8efb1516c73be52dc95e5eebccb91d26a20e1fa65046d180250ec not in Gamma yet. Will retry.
2026-01-28T21:01:14.000000+00:00 i-02a40f91f21ea2fba 2026-01-28T21:01:14.619322Z DEBUG polymarket_hft_agent::polymarket::client: Fetching details for market (optimized): 0x13e4f2cbd7d76494098263300cf9c3c04049ed2a1d562df19a17d69d2c950bf5
2026-01-28T21:01:14.000000+00:00 i-02a40f91f21ea2fba 2026-01-28T21:01:14.619332Z DEBUG polymarket_hft_agent::polymarket::client: Fetching details for market (optimized): 0xd046451dc8db9fb9ed0992ea384433a557fc4715840474c8d76af430630276bb
2026-01-28T21:01:14.000000+00:00 i-02a40f91f21ea2fba 2026-01-28T21:01:14.619456Z DEBUG polymarket_hft_agent::polymarket::client: Fetching details for market (optimized): 0xe5b90cb4f6d8efb1516c73be52dc95e5eebccb91d26a20e1fa65046d180250ec
2026-01-28T21:01:14.000000+00:00 i-02a40f91f21ea2fba 2026-01-28T21:01:14.619460Z DEBUG polymarket_hft_agent::polymarket::client: Fetching details for market (optimized): 0x3e59b7810dc09b3101e89ca41e29d02f10ff3fd137db7ab6b88873ccfe241d64
2026-01-28T21:01:14.000000+00:00 i-02a40f91f21ea2fba 2026-01-28T21:01:14.619489Z DEBUG polymarket_hft_agent::polymarket::client: Fetching details for market (optimized): 0x0a223314a7b498f5a0386064ecfc94fc1c70b11dcee78d77f86c6df6eafdc6ef
2026-01-28T21:01:14.000000+00:00 i-02a40f91f21ea2fba 2026-01-28T21:01:14.631614Z DEBUG polymarket_hft_agent::polymarket::client: ⚠️ Market 0x3e59b7810dc09b3101e89ca41e29d02f10ff3fd137db7ab6b88873ccfe241d64 not in Gamma yet. Will retry.
2026-01-28T21:01:14.000000+00:00 i-02a40f91f21ea2fba 2026-01-28T21:01:14.631687Z DEBUG polymarket_hft_agent::polymarket::client: ⚠️ Market 0x0a223314a7b498f5a0386064ecfc94fc1c70b11dcee78d77f86c6df6eafdc6ef not in Gamma yet. Will retry.
2026-01-28T21:01:14.000000+00:00 i-02a40f91f21ea2fba 2026-01-28T21:01:14.633589Z DEBUG polymarket_hft_agent::polymarket::client: ⚠️ Market 0x13e4f2cbd7d76494098263300cf9c3c04049ed2a1d562df19a17d69d2c950bf5 not in Gamma yet. Will retry.
2026-01-28T21:01:14.000000+00:00 i-02a40f91f21ea2fba 2026-01-28T21:01:14.635797Z DEBUG polymarket_hft_agent::polymarket::client: ⚠️ Market 0xd046451dc8db9fb9ed0992ea384433a557fc4715840474c8d76af430630276bb not in Gamma yet. Will retry.
2026-01-28T21:01:14.000000+00:00 i-02a40f91f21ea2fba 2026-01-28T21:01:14.635804Z  INFO polymarket_hft_agent::sniper: ⏳ Still waiting for Gamma to sync market 0xd046451dc8db9fb9ed0992ea384433a557fc4715840474c8d76af430630276bb (Attempt 40)
2026-01-28T21:01:14.000000+00:00 i-02a40f91f21ea2fba 2026-01-28T21:01:14.639940Z DEBUG polymarket_hft_agent::polymarket::client: ⚠️ Market 0xe5b90cb4f6d8efb1516c73be52dc95e5eebccb91d26a20e1fa65046d180250ec not in Gamma yet. Will retry.
2026-01-28T21:01:15.000000+00:00 i-02a40f91f21ea2fba 2026-01-28T21:01:15.618991Z DEBUG polymarket_hft_agent::polymarket::client: Fetching details for market (optimized): 0x3e59b7810dc09b3101e89ca41e29d02f10ff3fd137db7ab6b88873ccfe241d64
2026-01-28T21:01:15.000000+00:00 i-02a40f91f21ea2fba 2026-01-28T21:01:15.619001Z DEBUG polymarket_hft_agent::polymarket::client: Fetching details for market (optimized): 0x0a223314a7b498f5a0386064ecfc94fc1c70b11dcee78d77f86c6df6eafdc6ef
2026-01-28T21:01:15.000000+00:00 i-02a40f91f21ea2fba 2026-01-28T21:01:15.619121Z DEBUG polymarket_hft_agent::polymarket::client: Fetching details for market (optimized): 0xe5b90cb4f6d8efb1516c73be52dc95e5eebccb91d26a20e1fa65046d180250ec
2026-01-28T21:01:15.000000+00:00 i-02a40f91f21ea2fba 2026-01-28T21:01:15.619126Z DEBUG polymarket_hft_agent::polymarket::client: Fetching details for market (optimized): 0x13e4f2cbd7d76494098263300cf9c3c04049ed2a1d562df19a17d69d2c950bf5
2026-01-28T21:01:15.000000+00:00 i-02a40f91f21ea2fba 2026-01-28T21:01:15.619159Z DEBUG polymarket_hft_agent::polymarket::client: Fetching details for market (optimized): 0xd046451dc8db9fb9ed0992ea384433a557fc4715840474c8d76af430630276bb
2026-01-28T21:01:15.000000+00:00 i-02a40f91f21ea2fba 2026-01-28T21:01:15.633761Z DEBUG polymarket_hft_agent::polymarket::client: ⚠️ Market 0xd046451dc8db9fb9ed0992ea384433a557fc4715840474c8d76af430630276bb not in Gamma yet. Will retry.
2026-01-28T21:01:15.000000+00:00 i-02a40f91f21ea2fba 2026-01-28T21:01:15.633813Z DEBUG polymarket_hft_agent::polymarket::client: ⚠️ Market 0xe5b90cb4f6d8efb1516c73be52dc95e5eebccb91d26a20e1fa65046d180250ec not in Gamma yet. Will retry.
2026-01-28T21:01:15.000000+00:00 i-02a40f91f21ea2fba 2026-01-28T21:01:15.633863Z DEBUG polymarket_hft_agent::polymarket::client: ⚠️ Market 0x13e4f2cbd7d76494098263300cf9c3c04049ed2a1d562df19a17d69d2c950bf5 not in Gamma yet. Will retry.
2026-01-28T21:01:15.000000+00:00 i-02a40f91f21ea2fba 2026-01-28T21:01:15.635262Z DEBUG polymarket_hft_agent::polymarket::client: ⚠️ Market 0x3e59b7810dc09b3101e89ca41e29d02f10ff3fd137db7ab6b88873ccfe241d64 not in Gamma yet. Will retry.
2026-01-28T21:01:15.000000+00:00 i-02a40f91f21ea2fba 2026-01-28T21:01:15.635607Z DEBUG polymarket_hft_agent::polymarket::client: ⚠️ Market 0x0a223314a7b498f5a0386064ecfc94fc1c70b11dcee78d77f86c6df6eafdc6ef not in Gamma yet. Will retry.
2026-01-28T21:01:16.000000+00:00 i-02a40f91f21ea2fba 2026-01-28T21:01:16.619354Z DEBUG polymarket_hft_agent::polymarket::client: Fetching details for market (optimized): 0xd046451dc8db9fb9ed0992ea384433a557fc4715840474c8d76af430630276bb
2026-01-28T21:01:16.000000+00:00 i-02a40f91f21ea2fba 2026-01-28T21:01:16.619365Z DEBUG polymarket_hft_agent::polymarket::client: Fetching details for market (optimized): 0x3e59b7810dc09b3101e89ca41e29d02f10ff3fd137db7ab6b88873ccfe241d64
2026-01-28T21:01:16.000000+00:00 i-02a40f91f21ea2fba 2026-01-28T21:01:16.619487Z DEBUG polymarket_hft_agent::polymarket::client: Fetching details for market (optimized): 0xe5b90cb4f6d8efb1516c73be52dc95e5eebccb91d26a20e1fa65046d180250ec
2026-01-28T21:01:16.000000+00:00 i-02a40f91f21ea2fba 2026-01-28T21:01:16.619489Z DEBUG polymarket_hft_agent::polymarket::client: Fetching details for market (optimized): 0x0a223314a7b498f5a0386064ecfc94fc1c70b11dcee78d77f86c6df6eafdc6ef
2026-01-28T21:01:16.000000+00:00 i-02a40f91f21ea2fba 2026-01-28T21:01:16.619521Z DEBUG polymarket_hft_agent::polymarket::client: Fetching details for market (optimized): 0x13e4f2cbd7d76494098263300cf9c3c04049ed2a1d562df19a17d69d2c950bf5
2026-01-28T21:01:16.000000+00:00 i-02a40f91f21ea2fba 2026-01-28T21:01:16.632708Z DEBUG polymarket_hft_agent::polymarket::client: ⚠️ Market 0x3e59b7810dc09b3101e89ca41e29d02f10ff3fd137db7ab6b88873ccfe241d64 not in Gamma yet. Will retry.
2026-01-28T21:01:16.000000+00:00 i-02a40f91f21ea2fba 2026-01-28T21:01:16.633034Z DEBUG polymarket_hft_agent::polymarket::client: ⚠️ Market 0x0a223314a7b498f5a0386064ecfc94fc1c70b11dcee78d77f86c6df6eafdc6ef not in Gamma yet. Will retry.
2026-01-28T21:01:16.000000+00:00 i-02a40f91f21ea2fba 2026-01-28T21:01:16.633213Z DEBUG polymarket_hft_agent::polymarket::client: ⚠️ Market 0xe5b90cb4f6d8efb1516c73be52dc95e5eebccb91d26a20e1fa65046d180250ec not in Gamma yet. Will retry.
2026-01-28T21:01:16.000000+00:00 i-02a40f91f21ea2fba 2026-01-28T21:01:16.635331Z DEBUG polymarket_hft_agent::polymarket::client: ⚠️ Market 0x13e4f2cbd7d76494098263300cf9c3c04049ed2a1d562df19a17d69d2c950bf5 not in Gamma yet. Will retry.
2026-01-28T21:01:16.000000+00:00 i-02a40f91f21ea2fba 2026-01-28T21:01:16.635339Z  INFO polymarket_hft_agent::sniper: ⏳ Still waiting for Gamma to sync market 0x13e4f2cbd7d76494098263300cf9c3c04049ed2a1d562df19a17d69d2c950bf5 (Attempt 20)
2026-01-28T21:01:16.000000+00:00 i-02a40f91f21ea2fba 2026-01-28T21:01:16.635964Z DEBUG polymarket_hft_agent::polymarket::client: ⚠️ Market 0xd046451dc8db9fb9ed0992ea384433a557fc4715840474c8d76af430630276bb not in Gamma yet. Will retry.
2026-01-28T21:01:17.000000+00:00 i-02a40f91f21ea2fba 2026-01-28T21:01:17.619831Z DEBUG polymarket_hft_agent::polymarket::client: Fetching details for market (optimized): 0x3e59b7810dc09b3101e89ca41e29d02f10ff3fd137db7ab6b88873ccfe241d64
2026-01-28T21:01:17.000000+00:00 i-02a40f91f21ea2fba 2026-01-28T21:01:17.619841Z DEBUG polymarket_hft_agent::polymarket::client: Fetching details for market (optimized): 0x0a223314a7b498f5a0386064ecfc94fc1c70b11dcee78d77f86c6df6eafdc6ef
2026-01-28T21:01:17.000000+00:00 i-02a40f91f21ea2fba 2026-01-28T21:01:17.619952Z DEBUG polymarket_hft_agent::polymarket::client: Fetching details for market (optimized): 0xd046451dc8db9fb9ed0992ea384433a557fc4715840474c8d76af430630276bb
2026-01-28T21:01:17.000000+00:00 i-02a40f91f21ea2fba 2026-01-28T21:01:17.619954Z DEBUG polymarket_hft_agent::polymarket::client: Fetching details for market (optimized): 0xe5b90cb4f6d8efb1516c73be52dc95e5eebccb91d26a20e1fa65046d180250ec
2026-01-28T21:01:17.000000+00:00 i-02a40f91f21ea2fba 2026-01-28T21:01:17.619983Z DEBUG polymarket_hft_agent::polymarket::client: Fetching details for market (optimized): 0x13e4f2cbd7d76494098263300cf9c3c04049ed2a1d562df19a17d69d2c950bf5
2026-01-28T21:01:17.000000+00:00 i-02a40f91f21ea2fba 2026-01-28T21:01:17.633586Z DEBUG polymarket_hft_agent::polymarket::client: ⚠️ Market 0x3e59b7810dc09b3101e89ca41e29d02f10ff3fd137db7ab6b88873ccfe241d64 not in Gamma yet. Will retry.
2026-01-28T21:01:17.000000+00:00 i-02a40f91f21ea2fba 2026-01-28T21:01:17.634962Z DEBUG polymarket_hft_agent::polymarket::client: ⚠️ Market 0x0a223314a7b498f5a0386064ecfc94fc1c70b11dcee78d77f86c6df6eafdc6ef not in Gamma yet. Will retry.
2026-01-28T21:01:17.000000+00:00 i-02a40f91f21ea2fba 2026-01-28T21:01:17.635001Z DEBUG polymarket_hft_agent::polymarket::client: ⚠️ Market 0xd046451dc8db9fb9ed0992ea384433a557fc4715840474c8d76af430630276bb not in Gamma yet. Will retry.
2026-01-28T21:01:17.000000+00:00 i-02a40f91f21ea2fba 2026-01-28T21:01:17.635523Z DEBUG polymarket_hft_agent::polymarket::client: ⚠️ Market 0xe5b90cb4f6d8efb1516c73be52dc95e5eebccb91d26a20e1fa65046d180250ec not in Gamma yet. Will retry.
2026-01-28T21:01:17.000000+00:00 i-02a40f91f21ea2fba 2026-01-28T21:01:17.642052Z DEBUG polymarket_hft_agent::polymarket::client: ⚠️ Market 0x13e4f2cbd7d76494098263300cf9c3c04049ed2a1d562df19a17d69d2c950bf5 not in Gamma yet. Will retry.
2026-01-28T21:01:18.000000+00:00 i-02a40f91f21ea2fba 2026-01-28T21:01:18.619107Z DEBUG polymarket_hft_agent::polymarket::client: Fetching details for market (optimized): 0x3e59b7810dc09b3101e89ca41e29d02f10ff3fd137db7ab6b88873ccfe241d64
2026-01-28T21:01:18.000000+00:00 i-02a40f91f21ea2fba 2026-01-28T21:01:18.619116Z DEBUG polymarket_hft_agent::polymarket::client: Fetching details for market (optimized): 0xe5b90cb4f6d8efb1516c73be52dc95e5eebccb91d26a20e1fa65046d180250ec
2026-01-28T21:01:18.000000+00:00 i-02a40f91f21ea2fba 2026-01-28T21:01:18.619235Z DEBUG polymarket_hft_agent::polymarket::client: Fetching details for market (optimized): 0x13e4f2cbd7d76494098263300cf9c3c04049ed2a1d562df19a17d69d2c950bf5
2026-01-28T21:01:18.000000+00:00 i-02a40f91f21ea2fba 2026-01-28T21:01:18.619238Z DEBUG polymarket_hft_agent::polymarket::client: Fetching details for market (optimized): 0x0a223314a7b498f5a0386064ecfc94fc1c70b11dcee78d77f86c6df6eafdc6ef
2026-01-28T21:01:18.000000+00:00 i-02a40f91f21ea2fba 2026-01-28T21:01:18.619277Z DEBUG polymarket_hft_agent::polymarket::client: Fetching details for market (optimized): 0xd046451dc8db9fb9ed0992ea384433a557fc4715840474c8d76af430630276bb
2026-01-28T21:01:18.000000+00:00 i-02a40f91f21ea2fba 2026-01-28T21:01:18.632300Z DEBUG polymarket_hft_agent::polymarket::client: ⚠️ Market 0xe5b90cb4f6d8efb1516c73be52dc95e5eebccb91d26a20e1fa65046d180250ec not in Gamma yet. Will retry.
2026-01-28T21:01:18.000000+00:00 i-02a40f91f21ea2fba 2026-01-28T21:01:18.632711Z DEBUG polymarket_hft_agent::polymarket::client: ⚠️ Market 0x13e4f2cbd7d76494098263300cf9c3c04049ed2a1d562df19a17d69d2c950bf5 not in Gamma yet. Will retry.
2026-01-28T21:01:18.000000+00:00 i-02a40f91f21ea2fba 2026-01-28T21:01:18.632858Z DEBUG polymarket_hft_agent::polymarket::client: ⚠️ Market 0xd046451dc8db9fb9ed0992ea384433a557fc4715840474c8d76af430630276bb not in Gamma yet. Will retry.
2026-01-28T21:01:18.000000+00:00 i-02a40f91f21ea2fba 2026-01-28T21:01:18.634275Z DEBUG polymarket_hft_agent::polymarket::client: ⚠️ Market 0x0a223314a7b498f5a0386064ecfc94fc1c70b11dcee78d77f86c6df6eafdc6ef not in Gamma yet. Will retry.
2026-01-28T21:01:18.000000+00:00 i-02a40f91f21ea2fba 2026-01-28T21:01:18.635636Z DEBUG polymarket_hft_agent::polymarket::client: ⚠️ Market 0x3e59b7810dc09b3101e89ca41e29d02f10ff3fd137db7ab6b88873ccfe241d64 not in Gamma yet. Will retry.
2026-01-28T21:01:19.000000+00:00 i-02a40f91f21ea2fba 2026-01-28T21:01:19.375949Z  INFO polymarket_hft_agent::polymarket::events: 🆕 NEW MARKET EVENT: Condition ID 0x86c64c0b4af3b9d9d0509b56038c58e8a7c8a6d0be4b0ed2116c92f5591f8440
2026-01-28T21:01:19.000000+00:00 i-02a40f91f21ea2fba 2026-01-28T21:01:19.375979Z  INFO polymarket_hft_agent::sniper: ⚡ WebSocket event: New market condition 0x86c64c0b4af3b9d9d0509b56038c58e8a7c8a6d0be4b0ed2116c92f5591f8440
2026-01-28T21:01:19.000000+00:00 i-02a40f91f21ea2fba 2026-01-28T21:01:19.375995Z  INFO polymarket_hft_agent::sniper: 🔮 Derived Token IDs locally! YES: ...729945, NO: ...212252
2026-01-28T21:01:19.000000+00:00 i-02a40f91f21ea2fba 2026-01-28T21:01:19.376006Z  INFO polymarket_hft_agent::sniper: 🔌 Subscribed to CLOB for derived IDs (YES/NO)
2026-01-28T21:01:19.000000+00:00 i-02a40f91f21ea2fba 2026-01-28T21:01:19.376009Z DEBUG polymarket_hft_agent::sniper: ⚡ Triggering immediate fast market fetch...
2026-01-28T21:01:19.000000+00:00 i-02a40f91f21ea2fba 2026-01-28T21:01:19.376013Z DEBUG polymarket_hft_agent::polymarket::client: Fetching details for market (optimized): 0x86c64c0b4af3b9d9d0509b56038c58e8a7c8a6d0be4b0ed2116c92f5591f8440
2026-01-28T21:01:19.000000+00:00 i-02a40f91f21ea2fba 2026-01-28T21:01:19.376026Z  INFO polymarket_hft_agent::polymarket::ws: Binds Subscribing to 2 assets
2026-01-28T21:01:19.000000+00:00 i-02a40f91f21ea2fba 2026-01-28T21:01:19.684489Z DEBUG polymarket_hft_agent::polymarket::client: ⚠️ Market 0x86c64c0b4af3b9d9d0509b56038c58e8a7c8a6d0be4b0ed2116c92f5591f8440 not in Gamma yet. Will retry.
2026-01-28T21:01:19.000000+00:00 i-02a40f91f21ea2fba 2026-01-28T21:01:19.684520Z DEBUG polymarket_hft_agent::sniper: ⚠️ Initial fetch failed (Market not found in Gamma: 0x86c64c0b4af3b9d9d0509b56038c58e8a7c8a6d0be4b0ed2116c92f5591f8440), queuing for retry...
2026-01-28T21:01:19.000000+00:00 i-02a40f91f21ea2fba 2026-01-28T21:01:19.684543Z DEBUG polymarket_hft_agent::polymarket::client: Fetching details for market (optimized): 0xe5b90cb4f6d8efb1516c73be52dc95e5eebccb91d26a20e1fa65046d180250ec
2026-01-28T21:01:19.000000+00:00 i-02a40f91f21ea2fba 2026-01-28T21:01:19.684555Z DEBUG polymarket_hft_agent::polymarket::client: Fetching details for market (optimized): 0x13e4f2cbd7d76494098263300cf9c3c04049ed2a1d562df19a17d69d2c950bf5
2026-01-28T21:01:19.000000+00:00 i-02a40f91f21ea2fba 2026-01-28T21:01:19.684605Z DEBUG polymarket_hft_agent::polymarket::client: Fetching details for market (optimized): 0xd046451dc8db9fb9ed0992ea384433a557fc4715840474c8d76af430630276bb
2026-01-28T21:01:19.000000+00:00 i-02a40f91f21ea2fba 2026-01-28T21:01:19.684607Z DEBUG polymarket_hft_agent::polymarket::client: Fetching details for market (optimized): 0x3e59b7810dc09b3101e89ca41e29d02f10ff3fd137db7ab6b88873ccfe241d64
2026-01-28T21:01:19.000000+00:00 i-02a40f91f21ea2fba 2026-01-28T21:01:19.684638Z DEBUG polymarket_hft_agent::polymarket::client: Fetching details for market (optimized): 0x0a223314a7b498f5a0386064ecfc94fc1c70b11dcee78d77f86c6df6eafdc6ef
2026-01-28T21:01:19.000000+00:00 i-02a40f91f21ea2fba 2026-01-28T21:01:19.684641Z DEBUG polymarket_hft_agent::polymarket::client: Fetching details for market (optimized): 0x86c64c0b4af3b9d9d0509b56038c58e8a7c8a6d0be4b0ed2116c92f5591f8440
2026-01-28T21:01:19.000000+00:00 i-02a40f91f21ea2fba 2026-01-28T21:01:19.697103Z DEBUG polymarket_hft_agent::polymarket::client: ⚠️ Market 0x13e4f2cbd7d76494098263300cf9c3c04049ed2a1d562df19a17d69d2c950bf5 not in Gamma yet. Will retry.
2026-01-28T21:01:19.000000+00:00 i-02a40f91f21ea2fba 2026-01-28T21:01:19.697734Z DEBUG polymarket_hft_agent::polymarket::client: ⚠️ Market 0x3e59b7810dc09b3101e89ca41e29d02f10ff3fd137db7ab6b88873ccfe241d64 not in Gamma yet. Will retry.
2026-01-28T21:01:19.000000+00:00 i-02a40f91f21ea2fba 2026-01-28T21:01:19.698344Z DEBUG polymarket_hft_agent::polymarket::client: ⚠️ Market 0xd046451dc8db9fb9ed0992ea384433a557fc4715840474c8d76af430630276bb not in Gamma yet. Will retry.
2026-01-28T21:01:19.000000+00:00 i-02a40f91f21ea2fba 2026-01-28T21:01:19.698949Z DEBUG polymarket_hft_agent::polymarket::client: ⚠️ Market 0x0a223314a7b498f5a0386064ecfc94fc1c70b11dcee78d77f86c6df6eafdc6ef not in Gamma yet. Will retry.
2026-01-28T21:01:19.000000+00:00 i-02a40f91f21ea2fba 2026-01-28T21:01:19.699840Z DEBUG polymarket_hft_agent::polymarket::client: ⚠️ Market 0x86c64c0b4af3b9d9d0509b56038c58e8a7c8a6d0be4b0ed2116c92f5591f8440 not in Gamma yet. Will retry.
2026-01-28T21:01:19.000000+00:00 i-02a40f91f21ea2fba 2026-01-28T21:01:19.699859Z  INFO polymarket_hft_agent::sniper: ⏳ Still waiting for Gamma to sync market 0x86c64c0b4af3b9d9d0509b56038c58e8a7c8a6d0be4b0ed2116c92f5591f8440 (Attempt 1)
2026-01-28T21:01:19.000000+00:00 i-02a40f91f21ea2fba 2026-01-28T21:01:19.700830Z DEBUG polymarket_hft_agent::polymarket::client: ⚠️ Market 0xe5b90cb4f6d8efb1516c73be52dc95e5eebccb91d26a20e1fa65046d180250ec not in Gamma yet. Will retry.
2026-01-28T21:01:20.000000+00:00 i-02a40f91f21ea2fba 2026-01-28T21:01:20.619834Z DEBUG polymarket_hft_agent::polymarket::client: Fetching details for market (optimized): 0x13e4f2cbd7d76494098263300cf9c3c04049ed2a1d562df19a17d69d2c950bf5
2026-01-28T21:01:20.000000+00:00 i-02a40f91f21ea2fba 2026-01-28T21:01:20.619838Z DEBUG polymarket_hft_agent::polymarket::client: Fetching details for market (optimized): 0x3e59b7810dc09b3101e89ca41e29d02f10ff3fd137db7ab6b88873ccfe241d64
2026-01-28T21:01:20.000000+00:00 i-02a40f91f21ea2fba 2026-01-28T21:01:20.619962Z DEBUG polymarket_hft_agent::polymarket::client: Fetching details for market (optimized): 0xd046451dc8db9fb9ed0992ea384433a557fc4715840474c8d76af430630276bb
2026-01-28T21:01:20.000000+00:00 i-02a40f91f21ea2fba 2026-01-28T21:01:20.619962Z DEBUG polymarket_hft_agent::polymarket::client: Fetching details for market (optimized): 0x86c64c0b4af3b9d9d0509b56038c58e8a7c8a6d0be4b0ed2116c92f5591f8440
2026-01-28T21:01:20.000000+00:00 i-02a40f91f21ea2fba 2026-01-28T21:01:20.620004Z DEBUG polymarket_hft_agent::polymarket::client: Fetching details for market (optimized): 0x0a223314a7b498f5a0386064ecfc94fc1c70b11dcee78d77f86c6df6eafdc6ef
2026-01-28T21:01:20.000000+00:00 i-02a40f91f21ea2fba 2026-01-28T21:01:20.620005Z DEBUG polymarket_hft_agent::polymarket::client: Fetching details for market (optimized): 0xe5b90cb4f6d8efb1516c73be52dc95e5eebccb91d26a20e1fa65046d180250ec
2026-01-28T21:01:20.000000+00:00 i-02a40f91f21ea2fba 2026-01-28T21:01:20.632310Z DEBUG polymarket_hft_agent::polymarket::client: ⚠️ Market 0x13e4f2cbd7d76494098263300cf9c3c04049ed2a1d562df19a17d69d2c950bf5 not in Gamma yet. Will retry.
2026-01-28T21:01:20.000000+00:00 i-02a40f91f21ea2fba 2026-01-28T21:01:20.632812Z DEBUG polymarket_hft_agent::polymarket::client: ⚠️ Market 0x0a223314a7b498f5a0386064ecfc94fc1c70b11dcee78d77f86c6df6eafdc6ef not in Gamma yet. Will retry.
2026-01-28T21:01:20.000000+00:00 i-02a40f91f21ea2fba 2026-01-28T21:01:20.634501Z DEBUG polymarket_hft_agent::polymarket::client: ⚠️ Market 0x3e59b7810dc09b3101e89ca41e29d02f10ff3fd137db7ab6b88873ccfe241d64 not in Gamma yet. Will retry.
2026-01-28T21:01:20.000000+00:00 i-02a40f91f21ea2fba 2026-01-28T21:01:20.634818Z DEBUG polymarket_hft_agent::polymarket::client: ⚠️ Market 0x86c64c0b4af3b9d9d0509b56038c58e8a7c8a6d0be4b0ed2116c92f5591f8440 not in Gamma yet. Will retry.
2026-01-28T21:01:20.000000+00:00 i-02a40f91f21ea2fba 2026-01-28T21:01:20.635036Z DEBUG polymarket_hft_agent::polymarket::client: ⚠️ Market 0xd046451dc8db9fb9ed0992ea384433a557fc4715840474c8d76af430630276bb not in Gamma yet. Will retry.
2026-01-28T21:01:20.000000+00:00 i-02a40f91f21ea2fba 2026-01-28T21:01:20.638561Z DEBUG polymarket_hft_agent::polymarket::client: ⚠️ Market 0xe5b90cb4f6d8efb1516c73be52dc95e5eebccb91d26a20e1fa65046d180250ec not in Gamma yet. Will retry.
2026-01-28T21:01:21.000000+00:00 i-02a40f91f21ea2fba 2026-01-28T21:01:21.619668Z DEBUG polymarket_hft_agent::polymarket::client: Fetching details for market (optimized): 0x0a223314a7b498f5a0386064ecfc94fc1c70b11dcee78d77f86c6df6eafdc6ef
2026-01-28T21:01:21.000000+00:00 i-02a40f91f21ea2fba 2026-01-28T21:01:21.619665Z DEBUG polymarket_hft_agent::polymarket::client: Fetching details for market (optimized): 0x13e4f2cbd7d76494098263300cf9c3c04049ed2a1d562df19a17d69d2c950bf5
2026-01-28T21:01:21.000000+00:00 i-02a40f91f21ea2fba 2026-01-28T21:01:21.619798Z DEBUG polymarket_hft_agent::polymarket::client: Fetching details for market (optimized): 0x3e59b7810dc09b3101e89ca41e29d02f10ff3fd137db7ab6b88873ccfe241d64
2026-01-28T21:01:21.000000+00:00 i-02a40f91f21ea2fba 2026-01-28T21:01:21.619801Z DEBUG polymarket_hft_agent::polymarket::client: Fetching details for market (optimized): 0xd046451dc8db9fb9ed0992ea384433a557fc4715840474c8d76af430630276bb
2026-01-28T21:01:21.000000+00:00 i-02a40f91f21ea2fba 2026-01-28T21:01:21.619830Z DEBUG polymarket_hft_agent::polymarket::client: Fetching details for market (optimized): 0xe5b90cb4f6d8efb1516c73be52dc95e5eebccb91d26a20e1fa65046d180250ec
2026-01-28T21:01:21.000000+00:00 i-02a40f91f21ea2fba 2026-01-28T21:01:21.619838Z DEBUG polymarket_hft_agent::polymarket::client: Fetching details for market (optimized): 0x86c64c0b4af3b9d9d0509b56038c58e8a7c8a6d0be4b0ed2116c92f5591f8440
2026-01-28T21:01:21.000000+00:00 i-02a40f91f21ea2fba 2026-01-28T21:01:21.633284Z DEBUG polymarket_hft_agent::polymarket::client: ⚠️ Market 0x13e4f2cbd7d76494098263300cf9c3c04049ed2a1d562df19a17d69d2c950bf5 not in Gamma yet. Will retry.
2026-01-28T21:01:21.000000+00:00 i-02a40f91f21ea2fba 2026-01-28T21:01:21.634602Z DEBUG polymarket_hft_agent::polymarket::client: ⚠️ Market 0xd046451dc8db9fb9ed0992ea384433a557fc4715840474c8d76af430630276bb not in Gamma yet. Will retry.
2026-01-28T21:01:21.000000+00:00 i-02a40f91f21ea2fba 2026-01-28T21:01:21.635004Z DEBUG polymarket_hft_agent::polymarket::client: ⚠️ Market 0xe5b90cb4f6d8efb1516c73be52dc95e5eebccb91d26a20e1fa65046d180250ec not in Gamma yet. Will retry.
2026-01-28T21:01:21.000000+00:00 i-02a40f91f21ea2fba 2026-01-28T21:01:21.635391Z DEBUG polymarket_hft_agent::polymarket::client: ⚠️ Market 0x0a223314a7b498f5a0386064ecfc94fc1c70b11dcee78d77f86c6df6eafdc6ef not in Gamma yet. Will retry.
2026-01-28T21:01:21.000000+00:00 i-02a40f91f21ea2fba 2026-01-28T21:01:21.638224Z DEBUG polymarket_hft_agent::polymarket::client: ⚠️ Market 0x3e59b7810dc09b3101e89ca41e29d02f10ff3fd137db7ab6b88873ccfe241d64 not in Gamma yet. Will retry.
2026-01-28T21:01:21.000000+00:00 i-02a40f91f21ea2fba 2026-01-28T21:01:21.640010Z DEBUG polymarket_hft_agent::polymarket::client: ⚠️ Market 0x86c64c0b4af3b9d9d0509b56038c58e8a7c8a6d0be4b0ed2116c92f5591f8440 not in Gamma yet. Will retry.
2026-01-28T21:01:22.000000+00:00 i-02a40f91f21ea2fba 2026-01-28T21:01:22.619115Z DEBUG polymarket_hft_agent::polymarket::client: Fetching details for market (optimized): 0x13e4f2cbd7d76494098263300cf9c3c04049ed2a1d562df19a17d69d2c950bf5
2026-01-28T21:01:22.000000+00:00 i-02a40f91f21ea2fba 2026-01-28T21:01:22.619119Z DEBUG polymarket_hft_agent::polymarket::client: Fetching details for market (optimized): 0xd046451dc8db9fb9ed0992ea384433a557fc4715840474c8d76af430630276bb
2026-01-28T21:01:22.000000+00:00 i-02a40f91f21ea2fba 2026-01-28T21:01:22.619240Z DEBUG polymarket_hft_agent::polymarket::client: Fetching details for market (optimized): 0x86c64c0b4af3b9d9d0509b56038c58e8a7c8a6d0be4b0ed2116c92f5591f8440
2026-01-28T21:01:22.000000+00:00 i-02a40f91f21ea2fba 2026-01-28T21:01:22.619240Z DEBUG polymarket_hft_agent::polymarket::client: Fetching details for market (optimized): 0xe5b90cb4f6d8efb1516c73be52dc95e5eebccb91d26a20e1fa65046d180250ec
2026-01-28T21:01:22.000000+00:00 i-02a40f91f21ea2fba 2026-01-28T21:01:22.619281Z DEBUG polymarket_hft_agent::polymarket::client: Fetching details for market (optimized): 0x0a223314a7b498f5a0386064ecfc94fc1c70b11dcee78d77f86c6df6eafdc6ef
2026-01-28T21:01:22.000000+00:00 i-02a40f91f21ea2fba 2026-01-28T21:01:22.619282Z DEBUG polymarket_hft_agent::polymarket::client: Fetching details for market (optimized): 0x3e59b7810dc09b3101e89ca41e29d02f10ff3fd137db7ab6b88873ccfe241d64
2026-01-28T21:01:22.000000+00:00 i-02a40f91f21ea2fba 2026-01-28T21:01:22.632086Z DEBUG polymarket_hft_agent::polymarket::client: ⚠️ Market 0x0a223314a7b498f5a0386064ecfc94fc1c70b11dcee78d77f86c6df6eafdc6ef not in Gamma yet. Will retry.
2026-01-28T21:01:22.000000+00:00 i-02a40f91f21ea2fba 2026-01-28T21:01:22.632205Z DEBUG polymarket_hft_agent::polymarket::client: ⚠️ Market 0x3e59b7810dc09b3101e89ca41e29d02f10ff3fd137db7ab6b88873ccfe241d64 not in Gamma yet. Will retry.
2026-01-28T21:01:22.000000+00:00 i-02a40f91f21ea2fba 2026-01-28T21:01:22.632225Z ERROR polymarket_hft_agent::sniper: ❌ Gave up fetching 0x3e59b7810dc09b3101e89ca41e29d02f10ff3fd137db7ab6b88873ccfe241d64 after 60 attempts. Error: Market not found in Gamma: 0x3e59b7810dc09b3101e89ca41e29d02f10ff3fd137db7ab6b88873ccfe241d64
2026-01-28T21:01:22.000000+00:00 i-02a40f91f21ea2fba 2026-01-28T21:01:22.633034Z DEBUG polymarket_hft_agent::polymarket::client: ⚠️ Market 0xd046451dc8db9fb9ed0992ea384433a557fc4715840474c8d76af430630276bb not in Gamma yet. Will retry.
2026-01-28T21:01:22.000000+00:00 i-02a40f91f21ea2fba 2026-01-28T21:01:22.634243Z DEBUG polymarket_hft_agent::polymarket::client: ⚠️ Market 0xe5b90cb4f6d8efb1516c73be52dc95e5eebccb91d26a20e1fa65046d180250ec not in Gamma yet. Will retry.
2026-01-28T21:01:22.000000+00:00 i-02a40f91f21ea2fba 2026-01-28T21:01:22.635622Z DEBUG polymarket_hft_agent::polymarket::client: ⚠️ Market 0x86c64c0b4af3b9d9d0509b56038c58e8a7c8a6d0be4b0ed2116c92f5591f8440 not in Gamma yet. Will retry.
2026-01-28T21:01:22.000000+00:00 i-02a40f91f21ea2fba 2026-01-28T21:01:22.636187Z DEBUG polymarket_hft_agent::polymarket::client: ⚠️ Market 0x13e4f2cbd7d76494098263300cf9c3c04049ed2a1d562df19a17d69d2c950bf5 not in Gamma yet. Will retry.
2026-01-28T21:01:23.000000+00:00 i-02a40f91f21ea2fba 2026-01-28T21:01:23.619257Z DEBUG polymarket_hft_agent::polymarket::client: Fetching details for market (optimized): 0x0a223314a7b498f5a0386064ecfc94fc1c70b11dcee78d77f86c6df6eafdc6ef
2026-01-28T21:01:23.000000+00:00 i-02a40f91f21ea2fba 2026-01-28T21:01:23.619258Z DEBUG polymarket_hft_agent::polymarket::client: Fetching details for market (optimized): 0xd046451dc8db9fb9ed0992ea384433a557fc4715840474c8d76af430630276bb
2026-01-28T21:01:23.000000+00:00 i-02a40f91f21ea2fba 2026-01-28T21:01:23.619384Z DEBUG polymarket_hft_agent::polymarket::client: Fetching details for market (optimized): 0x13e4f2cbd7d76494098263300cf9c3c04049ed2a1d562df19a17d69d2c950bf5
2026-01-28T21:01:23.000000+00:00 i-02a40f91f21ea2fba 2026-01-28T21:01:23.619388Z DEBUG polymarket_hft_agent::polymarket::client: Fetching details for market (optimized): 0xe5b90cb4f6d8efb1516c73be52dc95e5eebccb91d26a20e1fa65046d180250ec
2026-01-28T21:01:23.000000+00:00 i-02a40f91f21ea2fba 2026-01-28T21:01:23.619419Z DEBUG polymarket_hft_agent::polymarket::client: Fetching details for market (optimized): 0x86c64c0b4af3b9d9d0509b56038c58e8a7c8a6d0be4b0ed2116c92f5591f8440
2026-01-28T21:01:23.000000+00:00 i-02a40f91f21ea2fba 2026-01-28T21:01:23.632270Z DEBUG polymarket_hft_agent::polymarket::client: ⚠️ Market 0x13e4f2cbd7d76494098263300cf9c3c04049ed2a1d562df19a17d69d2c950bf5 not in Gamma yet. Will retry.
2026-01-28T21:01:23.000000+00:00 i-02a40f91f21ea2fba 2026-01-28T21:01:23.632989Z DEBUG polymarket_hft_agent::polymarket::client: ⚠️ Market 0x86c64c0b4af3b9d9d0509b56038c58e8a7c8a6d0be4b0ed2116c92f5591f8440 not in Gamma yet. Will retry.
2026-01-28T21:01:23.000000+00:00 i-02a40f91f21ea2fba 2026-01-28T21:01:23.634061Z DEBUG polymarket_hft_agent::polymarket::client: ⚠️ Market 0xe5b90cb4f6d8efb1516c73be52dc95e5eebccb91d26a20e1fa65046d180250ec not in Gamma yet. Will retry.
2026-01-28T21:01:23.000000+00:00 i-02a40f91f21ea2fba 2026-01-28T21:01:23.635277Z DEBUG polymarket_hft_agent::polymarket::client: ⚠️ Market 0xd046451dc8db9fb9ed0992ea384433a557fc4715840474c8d76af430630276bb not in Gamma yet. Will retry.
2026-01-28T21:01:23.000000+00:00 i-02a40f91f21ea2fba 2026-01-28T21:01:23.635421Z DEBUG polymarket_hft_agent::polymarket::client: ⚠️ Market 0x0a223314a7b498f5a0386064ecfc94fc1c70b11dcee78d77f86c6df6eafdc6ef not in Gamma yet. Will retry.
2026-01-28T21:01:24.000000+00:00 i-02a40f91f21ea2fba 2026-01-28T21:01:24.619498Z DEBUG polymarket_hft_agent::polymarket::client: Fetching details for market (optimized): 0x13e4f2cbd7d76494098263300cf9c3c04049ed2a1d562df19a17d69d2c950bf5
2026-01-28T21:01:24.000000+00:00 i-02a40f91f21ea2fba 2026-01-28T21:01:24.619511Z DEBUG polymarket_hft_agent::polymarket::client: Fetching details for market (optimized): 0xd046451dc8db9fb9ed0992ea384433a557fc4715840474c8d76af430630276bb
2026-01-28T21:01:24.000000+00:00 i-02a40f91f21ea2fba 2026-01-28T21:01:24.619624Z DEBUG polymarket_hft_agent::polymarket::client: Fetching details for market (optimized): 0x0a223314a7b498f5a0386064ecfc94fc1c70b11dcee78d77f86c6df6eafdc6ef
2026-01-28T21:01:24.000000+00:00 i-02a40f91f21ea2fba 2026-01-28T21:01:24.619626Z DEBUG polymarket_hft_agent::polymarket::client: Fetching details for market (optimized): 0x86c64c0b4af3b9d9d0509b56038c58e8a7c8a6d0be4b0ed2116c92f5591f8440
2026-01-28T21:01:24.000000+00:00 i-02a40f91f21ea2fba 2026-01-28T21:01:24.619656Z DEBUG polymarket_hft_agent::polymarket::client: Fetching details for market (optimized): 0xe5b90cb4f6d8efb1516c73be52dc95e5eebccb91d26a20e1fa65046d180250ec
2026-01-28T21:01:24.000000+00:00 i-02a40f91f21ea2fba 2026-01-28T21:01:24.632739Z DEBUG polymarket_hft_agent::polymarket::client: ⚠️ Market 0xd046451dc8db9fb9ed0992ea384433a557fc4715840474c8d76af430630276bb not in Gamma yet. Will retry.
2026-01-28T21:01:24.000000+00:00 i-02a40f91f21ea2fba 2026-01-28T21:01:24.633207Z DEBUG polymarket_hft_agent::polymarket::client: ⚠️ Market 0x0a223314a7b498f5a0386064ecfc94fc1c70b11dcee78d77f86c6df6eafdc6ef not in Gamma yet. Will retry.
2026-01-28T21:01:24.000000+00:00 i-02a40f91f21ea2fba 2026-01-28T21:01:24.634360Z DEBUG polymarket_hft_agent::polymarket::client: ⚠️ Market 0x13e4f2cbd7d76494098263300cf9c3c04049ed2a1d562df19a17d69d2c950bf5 not in Gamma yet. Will retry.
2026-01-28T21:01:24.000000+00:00 i-02a40f91f21ea2fba 2026-01-28T21:01:24.635229Z DEBUG polymarket_hft_agent::polymarket::client: ⚠️ Market 0xe5b90cb4f6d8efb1516c73be52dc95e5eebccb91d26a20e1fa65046d180250ec not in Gamma yet. Will retry.