(optimized): 0x970fa9cbd2df52d82d6dc453a8adf217663ceb48d0b56985d1d4f546a2d6a38a
2026-01-27T11:01:02.781786Z  WARN polymarket_hft_agent::polymarket::client: ⚠️ Market 0x970fa9cbd2df52d82d6dc453a8adf217663ceb48d0b56985d1d4f546a2d6a38a not in Gamma yet, trying CLOB API...
2026-01-27T11:01:03.005086Z DEBUG polymarket_hft_agent::polymarket::client: Fetching details for market (optimized): 0x44e96714cd275624e7d44b227ff6c8086cc080b753089aeba19b9000766f7923
2026-01-27T11:01:03.068706Z  WARN polymarket_hft_agent::polymarket::client: ⚠️ Market 0x44e96714cd275624e7d44b227ff6c8086cc080b753089aeba19b9000766f7923 not in Gamma yet, trying CLOB API...
2026-01-27T11:01:03.292630Z DEBUG polymarket_hft_agent::polymarket::client: Fetching details for market (optimized): 0x0fa2eee305226139a2da7d97708680c75559caafaba8bb68549ec98b0a0aff8b
2026-01-27T11:01:03.351832Z  WARN polymarket_hft_agent::polymarket::client: ⚠️ Market 0x0fa2eee305226139a2da7d97708680c75559caafaba8bb68549ec98b0a0aff8b not in Gamma yet, trying CLOB API...
2026-01-27T11:01:03.586000Z DEBUG polymarket_hft_agent::polymarket::client: Fetching details for market (optimized): 0x214de636b5d20fb3e35b20edceceba50962ef668e465ec725b9ceb71e397e912
2026-01-27T11:01:03.644955Z  WARN polymarket_hft_agent::polymarket::client: ⚠️ Market 0x214de636b5d20fb3e35b20edceceba50962ef668e465ec725b9ceb71e397e912 not in Gamma yet, trying CLOB API...
2026-01-27T11:01:03.873201Z DEBUG polymarket_hft_agent::polymarket::client: Fetching details for market (optimized): 0x89bb2b34ee57beb7f9b1e085b3d3d90e5c7d19985afc7cc60c1ace000d40b543
2026-01-27T11:01:03.941390Z  WARN polymarket_hft_agent::polymarket::client: ⚠️ Market 0x89bb2b34ee57beb7f9b1e085b3d3d90e5c7d19985afc7cc60c1ace000d40b543 not in Gamma yet, trying CLOB API...
2026-01-27T11:01:04.183666Z DEBUG polymarket_hft_agent::polymarket::client: Fetching details for market (optimized): 0x146f1c0bd012abb4a94929191a08881c3ce4abb9b8434fbd33fdafa5bca6340a
2026-01-27T11:01:04.244675Z  WARN polymarket_hft_agent::polymarket::client: ⚠️ Market 0x146f1c0bd012abb4a94929191a08881c3ce4abb9b8434fbd33fdafa5bca6340a not in Gamma yet, trying CLOB API...
2026-01-27T11:01:04.471226Z DEBUG polymarket_hft_agent::polymarket::client: Fetching details for market (optimized): 0xcfe3561aa7ad4bca816a83c7080cf86116daa2603b22cf9dff1b41042710457c
2026-01-27T11:01:04.534156Z  WARN polymarket_hft_agent::polymarket::client: ⚠️ Market 0xcfe3561aa7ad4bca816a83c7080cf86116daa2603b22cf9dff1b41042710457c not in Gamma yet, trying CLOB API...
2026-01-27T11:01:04.757249Z DEBUG polymarket_hft_agent::polymarket::client: Fetching details for market (optimized): 0x36ef7df18722021d061e0734d1790e253212444af415b20a287cbf6cd4beaa2d
2026-01-27T11:01:04.817842Z  WARN polymarket_hft_agent::polymarket::client: ⚠️ Market 0x36ef7df18722021d061e0734d1790e253212444af415b20a287cbf6cd4beaa2d not in Gamma yet, trying CLOB API...
2026-01-27T11:01:05.032611Z DEBUG polymarket_hft_agent::polymarket::client: Fetching details for market (optimized): 0x18d48e965029d9b25cc32fd6a73dc3f83ddf3797c9f4c29eb6a4a69b07ee8fdf
2026-01-27T11:01:05.095934Z  WARN polymarket_hft_agent::polymarket::client: ⚠️ Market 0x18d48e965029d9b25cc32fd6a73dc3f83ddf3797c9f4c29eb6a4a69b07ee8fdf not in Gamma yet, trying CLOB API...
2026-01-27T11:01:05.314435Z DEBUG polymarket_hft_agent::polymarket::client: Fetching details for market (optimized): 0x5c87536686f212801f66a2857993a7e0e68e73791ba48b332919808399aa277e
2026-01-27T11:01:05.373361Z  WARN polymarket_hft_agent::polymarket::client: ⚠️ Market 0x5c87536686f212801f66a2857993a7e0e68e73791ba48b332919808399aa277e not in Gamma yet, trying CLOB API...
2026-01-27T11:01:05.594995Z DEBUG polymarket_hft_agent::polymarket::client: Fetching details for market (optimized): 0xcad10d680cae0d13a40199543750a5ea6b7ec74b9540e0e5eafc894f333b1cea
2026-01-27T11:01:05.663099Z  WARN polymarket_hft_agent::polymarket::client: ⚠️ Market 0xcad10d680cae0d13a40199543750a5ea6b7ec74b9540e0e5eafc894f333b1cea not in Gamma yet, trying CLOB API...
2026-01-27T11:01:05.884220Z  INFO polymarket_hft_agent::agent: ⚡ WebSocket event: New market condition 0x27d5839b42b152a951a388608ed555226a7fb39c5b314bca3f0fb03b3e40ab61
2026-01-27T11:01:05.884252Z  INFO polymarket_hft_agent::agent: ⚡ Triggering immediate fast market fetch...
2026-01-27T11:01:05.884256Z DEBUG polymarket_hft_agent::polymarket::client: Fetching details for market (optimized): 0x27d5839b42b152a951a388608ed555226a7fb39c5b314bca3f0fb03b3e40ab61
2026-01-27T11:01:05.954407Z  WARN polymarket_hft_agent::polymarket::client: ⚠️ Market 0x27d5839b42b152a951a388608ed555226a7fb39c5b314bca3f0fb03b3e40ab61 not in Gamma yet, trying CLOB API...
2026-01-27T11:01:06.173549Z  WARN polymarket_hft_agent::agent: ⚠️ Initial fetch failed (Market not found in Gamma or CLOB: 0x27d5839b42b152a951a388608ed555226a7fb39c5b314bca3f0fb03b3e40ab61), queuing for retry...
2026-01-27T11:01:06.173588Z  INFO polymarket_hft_agent::agent: ⚡ WebSocket event: New market condition 0x712e0483a6c1a36e2c81e830a42472a6339343efe3543f176878ea0b8babbff8
2026-01-27T11:01:06.173594Z  INFO polymarket_hft_agent::agent: ⚡ Triggering immediate fast market fetch...
2026-01-27T11:01:06.173598Z DEBUG polymarket_hft_agent::polymarket::client: Fetching details for market (optimized): 0x712e0483a6c1a36e2c81e830a42472a6339343efe3543f176878ea0b8babbff8
2026-01-27T11:01:06.431924Z  WARN polymarket_hft_agent::polymarket::client: ⚠️ Market 0x712e0483a6c1a36e2c81e830a42472a6339343efe3543f176878ea0b8babbff8 not in Gamma yet, trying CLOB API...
2026-01-27T11:01:06.649626Z  WARN polymarket_hft_agent::agent: ⚠️ Initial fetch failed (Market not found in Gamma or CLOB: 0x712e0483a6c1a36e2c81e830a42472a6339343efe3543f176878ea0b8babbff8), queuing for retry...
2026-01-27T11:01:06.649646Z  INFO polymarket_hft_agent::agent: ⚡ WebSocket event: New market condition 0x6b46df9f1fb9b0648fb76f19671b749040a9a0ef386d2e6724f40167e71b9745
2026-01-27T11:01:06.649649Z  INFO polymarket_hft_agent::agent: ⚡ Triggering immediate fast market fetch...
2026-01-27T11:01:06.649651Z DEBUG polymarket_hft_agent::polymarket::client: Fetching details for market (optimized): 0x6b46df9f1fb9b0648fb76f19671b749040a9a0ef386d2e6724f40167e71b9745
2026-01-27T11:01:07.023381Z  WARN polymarket_hft_agent::polymarket::client: ⚠️ Market 0x6b46df9f1fb9b0648fb76f19671b749040a9a0ef386d2e6724f40167e71b9745 not in Gamma yet, trying CLOB API...
2026-01-27T11:01:07.239899Z  WARN polymarket_hft_agent::agent: ⚠️ Initial fetch failed (Market not found in Gamma or CLOB: 0x6b46df9f1fb9b0648fb76f19671b749040a9a0ef386d2e6724f40167e71b9745), queuing for retry...
2026-01-27T11:01:07.239918Z  INFO polymarket_hft_agent::agent: ⚡ WebSocket event: New market condition 0x434c8b694031af8ee1a3dd332a6fc33305aaaea483b40442809e768186f2b4d5
2026-01-27T11:01:07.239923Z  INFO polymarket_hft_agent::agent: ⚡ Triggering immediate fast market fetch...
2026-01-27T11:01:07.239925Z DEBUG polymarket_hft_agent::polymarket::client: Fetching details for market (optimized): 0x434c8b694031af8ee1a3dd332a6fc33305aaaea483b40442809e768186f2b4d5
2026-01-27T11:01:07.487601Z  WARN polymarket_hft_agent::polymarket::client: ⚠️ Market 0x434c8b694031af8ee1a3dd332a6fc33305aaaea483b40442809e768186f2b4d5 not in Gamma yet, trying CLOB API...
2026-01-27T11:01:07.707968Z  WARN polymarket_hft_agent::agent: ⚠️ Initial fetch failed (Market not found in Gamma or CLOB: 0x434c8b694031af8ee1a3dd332a6fc33305aaaea483b40442809e768186f2b4d5), queuing for retry...
2026-01-27T11:01:07.707989Z DEBUG polymarket_hft_agent::polymarket::client: Fetching details for market (optimized): 0x8fbeff8ee3565cb3e6e403351921959623953014ef3f622448ddcd0642d0e4ec
2026-01-27T11:01:07.765469Z  WARN polymarket_hft_agent::polymarket::client: ⚠️ Market 0x8fbeff8ee3565cb3e6e403351921959623953014ef3f622448ddcd0642d0e4ec not in Gamma yet, trying CLOB API...
2026-01-27T11:01:07.986673Z DEBUG polymarket_hft_agent::polymarket::client: Fetching details for market (optimized): 0xa85bd1a858dea964ce2de974d0aeb472b2c82840df595bb9b2ab685b70aaeaca
2026-01-27T11:01:08.046271Z  WARN polymarket_hft_agent::polymarket::client: ⚠️ Market 0xa85bd1a858dea964ce2de974d0aeb472b2c82840df595bb9b2ab685b70aaeaca not in Gamma yet, trying CLOB API...
2026-01-27T11:01:08.261608Z DEBUG polymarket_hft_agent::polymarket::client: Fetching details for market (optimized): 0x5b7639e92ffbf4a5090e7535de14b087378683c9e972daeb521cc5ac06459979
2026-01-27T11:01:08.321076Z  WARN polymarket_hft_agent::polymarket::client: ⚠️ Market 0x5b7639e92ffbf4a5090e7535de14b087378683c9e972daeb521cc5ac06459979 not in Gamma yet, trying CLOB API...
2026-01-27T11:01:08.541682Z DEBUG polymarket_hft_agent::polymarket::client: Fetching details for market (optimized): 0xcb0d8f868c1604fe473a8eace88669619e8a5c5edf1c78a8e8fe7982c4cb92a7
2026-01-27T11:01:08.598340Z  WARN polymarket_hft_agent::polymarket::client: ⚠️ Market 0xcb0d8f868c1604fe473a8eace88669619e8a5c5edf1c78a8e8fe7982c4cb92a7 not in Gamma yet, trying CLOB API...
2026-01-27T11:01:08.820216Z DEBUG polymarket_hft_agent::polymarket::client: Fetching details for market (optimized): 0xf8e76d423d0c4b401b230e4cb5b707396dbaf5e59461cee45c8cb48d831a2054
2026-01-27T11:01:08.877954Z  WARN polymarket_hft_agent::polymarket::client: ⚠️ Market 0xf8e76d423d0c4b401b230e4cb5b707396dbaf5e59461cee45c8cb48d831a2054 not in Gamma yet, trying CLOB API...
2026-01-27T11:01:09.099843Z DEBUG polymarket_hft_agent::polymarket::client: Fetching details for market (optimized): 0xc7f7417a59ab19e486628eaec70b23587a18e7452d986e94a8241e667650cccc
2026-01-27T11:01:09.160168Z  WARN polymarket_hft_agent::polymarket::client: ⚠️ Market 0xc7f7417a59ab19e486628eaec70b23587a18e7452d986e94a8241e667650cccc not in Gamma yet, trying CLOB API...
2026-01-27T11:01:09.377144Z DEBUG polymarket_hft_agent::polymarket::client: Fetching details for market (optimized): 0x45856c42db85d185c77f12e216c0bd119d47ca6b9e163720929c3910d51210be
2026-01-27T11:01:09.438415Z  WARN polymarket_hft_agent::polymarket::client: ⚠️ Market 0x45856c42db85d185c77f12e216c0bd119d47ca6b9e163720929c3910d51210be not in Gamma yet, trying CLOB API...
2026-01-27T11:01:09.673572Z DEBUG polymarket_hft_agent::polymarket::client: Fetching details for market (optimized): 0x6fce2c2f0e6616d28353ac1732d83d195415497f64eb12a8fd04054b97785827
2026-01-27T11:01:09.733841Z  WARN polymarket_hft_agent::polymarket::client: ⚠️ Market 0x6fce2c2f0e6616d28353ac1732d83d195415497f64eb12a8fd04054b97785827 not in Gamma yet, trying CLOB API...
2026-01-27T11:01:09.949814Z DEBUG polymarket_hft_agent::polymarket::client: Fetching details for market (optimized): 0xd5f872e59abcc4a617b2f5e166982b95d3e5d80191907986a0f009a2ed782cd2
2026-01-27T11:01:10.020179Z  WARN polymarket_hft_agent::polymarket::client: ⚠️ Market 0xd5f872e59abcc4a617b2f5e166982b95d3e5d80191907986a0f009a2ed782cd2 not in Gamma yet, trying CLOB API...
2026-01-27T11:01:10.235721Z DEBUG polymarket_hft_agent::polymarket::client: Fetching details for market (optimized): 0xd950b0656fba61f1d5dd87e8c56bd1cc8eac28e70cd7b31c15363c312562fd0e
2026-01-27T11:01:10.298313Z  WARN polymarket_hft_agent::polymarket::client: ⚠️ Market 0xd950b0656fba61f1d5dd87e8c56bd1cc8eac28e70cd7b31c15363c312562fd0e not in Gamma yet, trying CLOB API...
2026-01-27T11:01:10.525044Z DEBUG polymarket_hft_agent::polymarket::client: Fetching details for market (optimized): 0x3512d0c3b1495067c7927dc330fe40953d1dfaba2d23fc4b988b459437620481
2026-01-27T11:01:10.585312Z  WARN polymarket_hft_agent::polymarket::client: ⚠️ Market 0x3512d0c3b1495067c7927dc330fe40953d1dfaba2d23fc4b988b459437620481 not in Gamma yet, trying CLOB API...
2026-01-27T11:01:10.802869Z DEBUG polymarket_hft_agent::polymarket::client: Fetching details for market (optimized): 0xd36b3fe4f756cc636783e9912223b45bb88a70cd30b633435534b2d091fadad6
2026-01-27T11:01:10.861122Z  WARN polymarket_hft_agent::polymarket::client: ⚠️ Market 0xd36b3fe4f756cc636783e9912223b45bb88a70cd30b633435534b2d091fadad6 not in Gamma yet, trying CLOB API...
2026-01-27T11:01:11.097436Z DEBUG polymarket_hft_agent::polymarket::client: Fetching details for market (optimized): 0x6f7cc15ce2beaad13420b8e5be358b10c4eadbb8d9242130af0263248d7f4617
2026-01-27T11:01:11.167078Z  WARN polymarket_hft_agent::polymarket::client: ⚠️ Market 0x6f7cc15ce2beaad13420b8e5be358b10c4eadbb8d9242130af0263248d7f4617 not in Gamma yet, trying CLOB API...
2026-01-27T11:01:11.384633Z DEBUG polymarket_hft_agent::polymarket::client: Fetching details for market (optimized): 0x62a434b2b8e47d92f5577026a71c0eebbbcf316628d46865b9544a03602e2c52
2026-01-27T11:01:11.447409Z  WARN polymarket_hft_agent::polymarket::client: ⚠️ Market 0x62a434b2b8e47d92f5577026a71c0eebbbcf316628d46865b9544a03602e2c52 not in Gamma yet, trying CLOB API...
2026-01-27T11:01:11.663632Z DEBUG polymarket_hft_agent::polymarket::client: Fetching details for market (optimized): 0xf207e3a1d4b8b06fcf67f3bd8c15289ad972e3b0b460913aa1bb7a62635e648d
2026-01-27T11:01:11.722907Z  WARN polymarket_hft_agent::polymarket::client: ⚠️ Market 0xf207e3a1d4b8b06fcf67f3bd8c15289ad972e3b0b460913aa1bb7a62635e648d not in Gamma yet, trying CLOB API...
2026-01-27T11:01:11.982410Z DEBUG polymarket_hft_agent::polymarket::client: Fetching details for market (optimized): 0x3ec242585a2228a12e0043ed937811ead8e4ea232edb05cd11f8fc45fc0f4950
2026-01-27T11:01:12.043634Z  WARN polymarket_hft_agent::polymarket::client: ⚠️ Market 0x3ec242585a2228a12e0043ed937811ead8e4ea232edb05cd11f8fc45fc0f4950 not in Gamma yet, trying CLOB API...
2026-01-27T11:01:12.263529Z DEBUG polymarket_hft_agent::polymarket::client: Fetching details for market (optimized): 0x970fa9cbd2df52d82d6dc453a8adf217663ceb48d0b56985d1d4f546a2d6a38a
2026-01-27T11:01:12.319649Z  WARN polymarket_hft_agent::polymarket::client: ⚠️ Market 0x970fa9cbd2df52d82d6dc453a8adf217663ceb48d0b56985d1d4f546a2d6a38a not in Gamma yet, trying CLOB API...
2026-01-27T11:01:12.547537Z DEBUG polymarket_hft_agent::polymarket::client: Fetching details for market (optimized): 0x44e96714cd275624e7d44b227ff6c8086cc080b753089aeba19b9000766f7923
2026-01-27T11:01:12.615749Z  WARN polymarket_hft_agent::polymarket::client: ⚠️ Market 0x44e96714cd275624e7d44b227ff6c8086cc080b753089aeba19b9000766f7923 not in Gamma yet, trying CLOB API...
2026-01-27T11:01:12.841251Z DEBUG polymarket_hft_agent::polymarket::client: Fetching details for market (optimized): 0x0fa2eee305226139a2da7d97708680c75559caafaba8bb68549ec98b0a0aff8b
2026-01-27T11:01:12.903849Z  WARN polymarket_hft_agent::polymarket::client: ⚠️ Market 0x0fa2eee305226139a2da7d97708680c75559caafaba8bb68549ec98b0a0aff8b not in Gamma yet, trying CLOB API...
2026-01-27T11:01:13.125435Z DEBUG polymarket_hft_agent::polymarket::client: Fetching details for market (optimized): 0x214de636b5d20fb3e35b20edceceba50962ef668e465ec725b9ceb71e397e912
2026-01-27T11:01:13.194992Z  WARN polymarket_hft_agent::polymarket::client: ⚠️ Market 0x214de636b5d20fb3e35b20edceceba50962ef668e465ec725b9ceb71e397e912 not in Gamma yet, trying CLOB API...
2026-01-27T11:01:13.416280Z DEBUG polymarket_hft_agent::polymarket::client: Fetching details for market (optimized): 0x89bb2b34ee57beb7f9b1e085b3d3d90e5c7d19985afc7cc60c1ace000d40b543
2026-01-27T11:01:13.477017Z  WARN polymarket_hft_agent::polymarket::client: ⚠️ Market 0x89bb2b34ee57beb7f9b1e085b3d3d90e5c7d19985afc7cc60c1ace000d40b543 not in Gamma yet, trying CLOB API...
2026-01-27T11:01:13.712665Z DEBUG polymarket_hft_agent::polymarket::client: Fetching details for market (optimized): 0x146f1c0bd012abb4a94929191a08881c3ce4abb9b8434fbd33fdafa5bca6340a
2026-01-27T11:01:13.782611Z  WARN polymarket_hft_agent::polymarket::client: ⚠️ Market 0x146f1c0bd012abb4a94929191a08881c3ce4abb9b8434fbd33fdafa5bca6340a not in Gamma yet, trying CLOB API...
2026-01-27T11:01:14.003154Z DEBUG polymarket_hft_agent::polymarket::client: Fetching details for market (optimized): 0xcfe3561aa7ad4bca816a83c7080cf86116daa2603b22cf9dff1b41042710457c
2026-01-27T11:01:14.077327Z  WARN polymarket_hft_agent::polymarket::client: ⚠️ Market 0xcfe3561aa7ad4bca816a83c7080cf86116daa2603b22cf9dff1b41042710457c not in Gamma yet, trying CLOB API...
2026-01-27T11:01:14.303163Z DEBUG polymarket_hft_agent::polymarket::client: Fetching details for market (optimized): 0x36ef7df18722021d061e0734d1790e253212444af415b20a287cbf6cd4beaa2d
2026-01-27T11:01:14.361956Z  WARN polymarket_hft_agent::polymarket::client: ⚠️ Market 0x36ef7df18722021d061e0734d1790e253212444af415b20a287cbf6cd4beaa2d not in Gamma yet, trying CLOB API...
2026-01-27T11:01:14.582794Z DEBUG polymarket_hft_agent::polymarket::client: Fetching details for market (optimized): 0x18d48e965029d9b25cc32fd6a73dc3f83ddf3797c9f4c29eb6a4a69b07ee8fdf
2026-01-27T11:01:14.655912Z  WARN polymarket_hft_agent::polymarket::client: ⚠️ Market 0x18d48e965029d9b25cc32fd6a73dc3f83ddf3797c9f4c29eb6a4a69b07ee8fdf not in Gamma yet, trying CLOB API...
2026-01-27T11:01:14.881508Z DEBUG polymarket_hft_agent::polymarket::client: Fetching details for market (optimized): 0x5c87536686f212801f66a2857993a7e0e68e73791ba48b332919808399aa277e
2026-01-27T11:01:14.950948Z  WARN polymarket_hft_agent::polymarket::client: ⚠️ Market 0x5c87536686f212801f66a2857993a7e0e68e73791ba48b332919808399aa277e not in Gamma yet, trying CLOB API...
2026-01-27T11:01:15.176490Z DEBUG polymarket_hft_agent::polymarket::client: Fetching details for market (optimized): 0xcad10d680cae0d13a40199543750a5ea6b7ec74b9540e0e5eafc894f333b1cea
2026-01-27T11:01:15.237468Z  WARN polymarket_hft_agent::polymarket::client: ⚠️ Market 0xcad10d680cae0d13a40199543750a5ea6b7ec74b9540e0e5eafc894f333b1cea not in Gamma yet, trying CLOB API...
2026-01-27T11:01:15.460042Z DEBUG polymarket_hft_agent::polymarket::client: Fetching details for market (optimized): 0x27d5839b42b152a951a388608ed555226a7fb39c5b314bca3f0fb03b3e40ab61
2026-01-27T11:01:15.518335Z  WARN polymarket_hft_agent::polymarket::client: ⚠️ Market 0x27d5839b42b152a951a388608ed555226a7fb39c5b314bca3f0fb03b3e40ab61 not in Gamma yet, trying CLOB API...
2026-01-27T11:01:15.744646Z DEBUG polymarket_hft_agent::polymarket::client: Fetching details for market (optimized): 0x712e0483a6c1a36e2c81e830a42472a6339343efe3543f176878ea0b8babbff8
2026-01-27T11:01:15.802570Z  WARN polymarket_hft_agent::polymarket::client: ⚠️ Market 0x712e0483a6c1a36e2c81e830a42472a6339343efe3543f176878ea0b8babbff8 not in Gamma yet, trying CLOB API...
2026-01-27T11:01:16.046972Z DEBUG polymarket_hft_agent::polymarket::client: Fetching details for market (optimized): 0x6b46df9f1fb9b0648fb76f19671b749040a9a0ef386d2e6724f40167e71b9745
2026-01-27T11:01:16.108500Z  WARN polymarket_hft_agent::polymarket::client: ⚠️ Market 0x6b46df9f1fb9b0648fb76f19671b749040a9a0ef386d2e6724f40167e71b9745 not in Gamma yet, trying CLOB API...
2026-01-27T11:01:16.322070Z DEBUG polymarket_hft_agent::polymarket::client: Fetching details for market (optimized): 0x434c8b694031af8ee1a3dd332a6fc33305aaaea483b40442809e768186f2b4d5
2026-01-27T11:01:16.379055Z  WARN polymarket_hft_agent::polymarket::client: ⚠️ Market 0x434c8b694031af8ee1a3dd332a6fc33305aaaea483b40442809e768186f2b4d5 not in Gamma yet, trying CLOB API...
2026-01-27T11:01:16.616474Z  INFO polymarket_hft_agent::agent: ⚡ WebSocket event: New market condition 0x07d2ea99a2a7270d13b215b82c75b9f047890040a47ead9d16ae2e0429e10e56
2026-01-27T11:01:16.616492Z  INFO polymarket_hft_agent::agent: ⚡ Triggering immediate fast market fetch...
2026-01-27T11:01:16.616496Z DEBUG polymarket_hft_agent::polymarket::client: Fetching details for market (optimized): 0x07d2ea99a2a7270d13b215b82c75b9f047890040a47ead9d16ae2e0429e10e56
2026-01-27T11:01:17.062678Z  WARN polymarket_hft_agent::polymarket::client: ⚠️ Market 0x07d2ea99a2a7270d13b215b82c75b9f047890040a47ead9d16ae2e0429e10e56 not in Gamma yet, trying CLOB API...
2026-01-27T11:01:17.292870Z  WARN polymarket_hft_agent::agent: ⚠️ Initial fetch failed (Market not found in Gamma or CLOB: 0x07d2ea99a2a7270d13b215b82c75b9f047890040a47ead9d16ae2e0429e10e56), queuing for retry...
2026-01-27T11:01:17.292894Z  INFO polymarket_hft_agent::agent: ⚡ WebSocket event: New market condition 0xeaf986340d8d9ce8d88207f09cd35246f6972353070cf0b6a6dfdef6b887a0d4
2026-01-27T11:01:17.292897Z  INFO polymarket_hft_agent::agent: ⚡ Triggering immediate fast market fetch...
2026-01-27T11:01:17.292900Z DEBUG polymarket_hft_agent::polymarket::client: Fetching details for market (optimized): 0xeaf986340d8d9ce8d88207f09cd35246f6972353070cf0b6a6dfdef6b887a0d4
2026-01-27T11:01:17.549726Z  WARN polymarket_hft_agent::polymarket::client: ⚠️ Market 0xeaf986340d8d9ce8d88207f09cd35246f6972353070cf0b6a6dfdef6b887a0d4 not in Gamma yet, trying CLOB API...
2026-01-27T11:01:17.775033Z  WARN polymarket_hft_agent::agent: ⚠️ Initial fetch failed (Market not found in Gamma or CLOB: 0xeaf986340d8d9ce8d88207f09cd35246f6972353070cf0b6a6dfdef6b887a0d4), queuing for retry...
2026-01-27T11:01:17.775081Z  INFO polymarket_hft_agent::agent: ⚡ WebSocket event: New market condition 0x4d0bf78bd6302aced59ed239c6d2632bd10e02016f925f8914e988d0cb737e6e
2026-01-27T11:01:17.775087Z  INFO polymarket_hft_agent::agent: ⚡ Triggering immediate fast market fetch...
2026-01-27T11:01:17.775090Z DEBUG polymarket_hft_agent::polymarket::client: Fetching details for market (optimized): 0x4d0bf78bd6302aced59ed239c6d2632bd10e02016f925f8914e988d0cb737e6e
2026-01-27T11:01:18.118509Z  WARN polymarket_hft_agent::polymarket::client: ⚠️ Market 0x4d0bf78bd6302aced59ed239c6d2632bd10e02016f925f8914e988d0cb737e6e not in Gamma yet, trying CLOB API...
2026-01-27T11:01:18.334179Z  WARN polymarket_hft_agent::agent: ⚠️ Initial fetch failed (Market not found in Gamma or CLOB: 0x4d0bf78bd6302aced59ed239c6d2632bd10e02016f925f8914e988d0cb737e6e), queuing for retry...
2026-01-27T11:01:18.334202Z DEBUG polymarket_hft_agent::polymarket::client: Fetching details for market (optimized): 0x8fbeff8ee3565cb3e6e403351921959623953014ef3f622448ddcd0642d0e4ec
2026-01-27T11:01:18.393829Z  WARN polymarket_hft_agent::polymarket::client: ⚠️ Market 0x8fbeff8ee3565cb3e6e403351921959623953014ef3f622448ddcd0642d0e4ec not in Gamma yet, trying CLOB API...
2026-01-27T11:01:18.628103Z DEBUG polymarket_hft_agent::polymarket::client: Fetching details for market (optimized): 0xa85bd1a858dea964ce2de974d0aeb472b2c82840df595bb9b2ab685b70aaeaca
2026-01-27T11:01:18.686189Z  WARN polymarket_hft_agent::polymarket::client: ⚠️ Market 0xa85bd1a858dea964ce2de974d0aeb472b2c82840df595bb9b2ab685b70aaeaca not in Gamma yet, trying CLOB API...
2026-01-27T11:01:18.925284Z DEBUG polymarket_hft_agent::polymarket::client: Fetching details for market (optimized): 0x5b7639e92ffbf4a5090e7535de14b087378683c9e972daeb521cc5ac06459979
2026-01-27T11:01:18.989482Z  WARN polymarket_hft_agent::polymarket::client: ⚠️ Market 0x5b7639e92ffbf4a5090e7535de14b087378683c9e972daeb521cc5ac06459979 not in Gamma yet, trying CLOB API...
2026-01-27T11:01:19.207407Z DEBUG polymarket_hft_agent::polymarket::client: Fetching details for market (optimized): 0xcb0d8f868c1604fe473a8eace88669619e8a5c5edf1c78a8e8fe7982c4cb92a7
2026-01-27T11:01:19.265516Z  WARN polymarket_hft_agent::polymarket::client: ⚠️ Market 0xcb0d8f868c1604fe473a8eace88669619e8a5c5edf1c78a8e8fe7982c4cb92a7 not in Gamma yet, trying CLOB API...
2026-01-27T11:01:19.490746Z DEBUG polymarket_hft_agent::polymarket::client: Fetching details for market (optimized): 0xf8e76d423d0c4b401b230e4cb5b707396dbaf5e59461cee45c8cb48d831a2054
2026-01-27T11:01:19.559815Z  WARN polymarket_hft_agent::polymarket::client: ⚠️ Market 0xf8e76d423d0c4b401b230e4cb5b707396dbaf5e59461cee45c8cb48d831a2054 not in Gamma yet, trying CLOB API...
2026-01-27T11:01:19.778645Z DEBUG polymarket_hft_agent::polymarket::client: Fetching details for market (optimized): 0xc7f7417a59ab19e486628eaec70b23587a18e7452d986e94a8241e667650cccc
2026-01-27T11:01:19.834423Z  WARN polymarket_hft_agent::polymarket::client: ⚠️ Market 0xc7f7417a59ab19e486628eaec70b23587a18e7452d986e94a8241e667650cccc not in Gamma yet, trying CLOB API...
2026-01-27T11:01:20.055542Z DEBUG polymarket_hft_agent::polymarket::client: Fetching details for market (optimized): 0x45856c42db85d185c77f12e216c0bd119d47ca6b9e163720929c3910d51210be
2026-01-27T11:01:20.113663Z  WARN polymarket_hft_agent::polymarket::client: ⚠️ Market 0x45856c42db85d185c77f12e216c0bd119d47ca6b9e163720929c3910d51210be not in Gamma yet, trying CLOB API...
2026-01-27T11:01:20.330670Z DEBUG polymarket_hft_agent::polymarket::client: Fetching details for market (optimized): 0x6fce2c2f0e6616d28353ac1732d83d195415497f64eb12a8fd04054b97785827
2026-01-27T11:01:20.389236Z  WARN polymarket_hft_agent::polymarket::client: ⚠️ Market 0x6fce2c2f0e6616d28353ac1732d83d195415497f64eb12a8fd04054b97785827 not in Gamma yet, trying CLOB API...
2026-01-27T11:01:20.604867Z DEBUG polymarket_hft_agent::polymarket::client: Fetching details for market (optimized): 0xd5f872e59abcc4a617b2f5e166982b95d3e5d80191907986a0f009a2ed782cd2
2026-01-27T11:01:20.662496Z  WARN polymarket_hft_agent::polymarket::client: ⚠️ Market 0xd5f872e59abcc4a617b2f5e166982b95d3e5d80191907986a0f009a2ed782cd2 not in Gamma yet, trying CLOB API...
2026-01-27T11:01:20.897536Z DEBUG polymarket_hft_agent::polymarket::client: Fetching details for market (optimized): 0xd950b0656fba61f1d5dd87e8c56bd1cc8eac28e70cd7b31c15363c312562fd0e
2026-01-27T11:01:20.961903Z  WARN polymarket_hft_agent::polymarket::client: ⚠️ Market 0xd950b0656fba61f1d5dd87e8c56bd1cc8eac28e70cd7b31c15363c312562fd0e not in Gamma yet, trying CLOB API...
2026-01-27T11:01:21.177619Z DEBUG polymarket_hft_agent::polymarket::client: Fetching details for market (optimized): 0x3512d0c3b1495067c7927dc330fe40953d1dfaba2d23fc4b988b459437620481
2026-01-27T11:01:21.264747Z  WARN polymarket_hft_agent::polymarket::client: ⚠️ Market 0x3512d0c3b1495067c7927dc330fe40953d1dfaba2d23fc4b988b459437620481 not in Gamma yet, trying CLOB API...
2026-01-27T11:01:21.488595Z DEBUG polymarket_hft_agent::polymarket::client: Fetching details for market (optimized): 0xd36b3fe4f756cc636783e9912223b45bb88a70cd30b633435534b2d091fadad6
2026-01-27T11:01:21.548924Z  WARN polymarket_hft_agent::polymarket::client: ⚠️ Market 0xd36b3fe4f756cc636783e9912223b45bb88a70cd30b633435534b2d091fadad6 not in Gamma yet, trying CLOB API...
2026-01-27T11:01:21.771704Z DEBUG polymarket_hft_agent::polymarket::client: Fetching details for market (optimized): 0x6f7cc15ce2beaad13420b8e5be358b10c4eadbb8d9242130af0263248d7f4617
2026-01-27T11:01:21.836746Z  WARN polymarket_hft_agent::polymarket::client: ⚠️ Market 0x6f7cc15ce2beaad13420b8e5be358b10c4eadbb8d9242130af0263248d7f4617 not in Gamma yet, trying CLOB API...
2026-01-27T11:01:22.063090Z DEBUG polymarket_hft_agent::polymarket::client: Fetching details for market (optimized): 0x62a434b2b8e47d92f5577026a71c0eebbbcf316628d46865b9544a03602e2c52
2026-01-27T11:01:22.131534Z  WARN polymarket_hft_agent::polymarket::client: ⚠️ Market 0x62a434b2b8e47d92f5577026a71c0eebbbcf316628d46865b9544a03602e2c52 not in Gamma yet, trying CLOB API...
2026-01-27T11:01:22.353833Z DEBUG polymarket_hft_agent::polymarket::client: Fetching details for market (optimized): 0xf207e3a1d4b8b06fcf67f3bd8c15289ad972e3b0b460913aa1bb7a62635e648d
2026-01-27T11:01:22.418026Z  WARN polymarket_hft_agent::polymarket::client: ⚠️ Market 0xf207e3a1d4b8b06fcf67f3bd8c15289ad972e3b0b460913aa1bb7a62635e648d not in Gamma yet, trying CLOB API...
2026-01-27T11:01:22.643978Z DEBUG polymarket_hft_agent::polymarket::client: Fetching details for market (optimized): 0x3ec242585a2228a12e0043ed937811ead8e4ea232edb05cd11f8fc45fc0f4950
2026-01-27T11:01:22.702500Z  WARN polymarket_hft_agent::polymarket::client: ⚠️ Market 0x3ec242585a2228a12e0043ed937811ead8e4ea232edb05cd11f8fc45fc0f4950 not in Gamma yet, trying CLOB API...
2026-01-27T11:01:22.921943Z DEBUG polymarket_hft_agent::polymarket::client: Fetching details for market (optimized): 0x970fa9cbd2df52d82d6dc453a8adf217663ceb48d0b56985d1d4f546a2d6a38a
2026-01-27T11:01:22.979653Z  WARN polymarket_hft_agent::polymarket::client: ⚠️ Market 0x970fa9cbd2df52d82d6dc453a8adf217663ceb48d0b56985d1d4f546a2d6a38a not in Gamma yet, trying CLOB API...
2026-01-27T11:01:23.217437Z DEBUG polymarket_hft_agent::polymarket::client: Fetching details for market (optimized): 0x44e96714cd275624e7d44b227ff6c8086cc080b753089aeba19b9000766f7923
2026-01-27T11:01:23.275721Z  WARN polymarket_hft_agent::polymarket::client: ⚠️ Market 0x44e96714cd275624e7d44b227ff6c8086cc080b753089aeba19b9000766f7923 not in Gamma yet, trying CLOB API...
2026-01-27T11:01:23.507789Z DEBUG polymarket_hft_agent::polymarket::client: Fetching details for market (optimized): 0x0fa2eee305226139a2da7d97708680c75559caafaba8bb68549ec98b0a0aff8b
2026-01-27T11:01:23.578545Z  WARN polymarket_hft_agent::polymarket::client: ⚠️ Market 0x0fa2eee305226139a2da7d97708680c75559caafaba8bb68549ec98b0a0aff8b not in Gamma yet, trying CLOB API...
2026-01-27T11:01:23.791057Z DEBUG polymarket_hft_agent::polymarket::client: Fetching details for market (optimized): 0x214de636b5d20fb3e35b20edceceba50962ef668e465ec725b9ceb71e397e912
2026-01-27T11:01:23.850794Z  WARN polymarket_hft_agent::polymarket::client: ⚠️ Market 0x214de636b5d20fb3e35b20edceceba50962ef668e465ec725b9ceb71e397e912 not in Gamma yet, trying CLOB API...
2026-01-27T11:01:24.072205Z DEBUG polymarket_hft_agent::polymarket::client: Fetching details for market (optimized): 0x89bb2b34ee57beb7f9b1e085b3d3d90e5c7d19985afc7cc60c1ace000d40b543
2026-01-27T11:01:24.131874Z  WARN polymarket_hft_agent::polymarket::client: ⚠️ Market 0x89bb2b34ee57beb7f9b1e085b3d3d90e5c7d19985afc7cc60c1ace000d40b543 not in Gamma yet, trying CLOB API...
2026-01-27T11:01:24.365171Z DEBUG polymarket_hft_agent::polymarket::client: Fetching details for market (optimized): 0x146f1c0bd012abb4a94929191a08881c3ce4abb9b8434fbd33fdafa5bca6340a
2026-01-27T11:01:24.423020Z  WARN polymarket_hft_agent::polymarket::client: ⚠️ Market 0x146f1c0bd012abb4a94929191a08881c3ce4abb9b8434fbd33fdafa5bca6340a not in Gamma yet, trying CLOB API...
2026-01-27T11:01:24.647429Z DEBUG polymarket_hft_agent::polymarket::client: Fetching details for market (optimized): 0xcfe3561aa7ad4bca816a83c7080cf86116daa2603b22cf9dff1b41042710457c
2026-01-27T11:01:24.706698Z  WARN polymarket_hft_agent::polymarket::client: ⚠️ Market 0xcfe3561aa7ad4bca816a83c7080cf86116daa2603b22cf9dff1b41042710457c not in Gamma yet, trying CLOB API...
2026-01-27T11:01:24.931934Z DEBUG polymarket_hft_agent::polymarket::client: Fetching details for market (optimized): 0x36ef7df18722021d061e0734d1790e253212444af415b20a287cbf6cd4beaa2d
2026-01-27T11:01:24.989658Z  WARN polymarket_hft_agent::polymarket::client: ⚠️ Market 0x36ef7df18722021d061e0734d1790e253212444af415b20a287cbf6cd4beaa2d not in Gamma yet, trying CLOB API...
2026-01-27T11:01:25.224465Z DEBUG polymarket_hft_agent::polymarket::client: Fetching details for market (optimized): 0x18d48e965029d9b25cc32fd6a73dc3f83ddf3797c9f4c29eb6a4a69b07ee8fdf
2026-01-27T11:01:25.288131Z  WARN polymarket_hft_agent::polymarket::client: ⚠️ Market 0x18d48e965029d9b25cc32fd6a73dc3f83ddf3797c9f4c29eb6a4a69b07ee8fdf not in Gamma yet, trying CLOB API...
2026-01-27T11:01:25.503764Z DEBUG polymarket_hft_agent::polymarket::client: Fetching details for market (optimized): 0x5c87536686f212801f66a2857993a7e0e68e73791ba48b332919808399aa277e
2026-01-27T11:01:25.559108Z  WARN polymarket_hft_agent::polymarket::client: ⚠️ Market 0x5c87536686f212801f66a2857993a7e0e68e73791ba48b332919808399aa277e not in Gamma yet, trying CLOB API...
2026-01-27T11:01:25.784942Z DEBUG polymarket_hft_agent::polymarket::client: Fetching details for market (optimized): 0xcad10d680cae0d13a40199543750a5ea6b7ec74b9540e0e5eafc894f333b1cea
2026-01-27T11:01:25.844322Z  WARN polymarket_hft_agent::polymarket::client: ⚠️ Market 0xcad10d680cae0d13a40199543750a5ea6b7ec74b9540e0e5eafc894f333b1cea not in Gamma yet, trying CLOB API...
2026-01-27T11:01:26.070077Z DEBUG polymarket_hft_agent::polymarket::client: Fetching details for market (optimized): 0x27d5839b42b152a951a388608ed555226a7fb39c5b314bca3f0fb03b3e40ab61
2026-01-27T11:01:26.128809Z  WARN polymarket_hft_agent::polymarket::client: ⚠️ Market 0x27d5839b42b152a951a388608ed555226a7fb39c5b314bca3f0fb03b3e40ab61 not in Gamma yet, trying CLOB API...
2026-01-27T11:01:26.345450Z DEBUG polymarket_hft_agent::polymarket::client: Fetching details for market (optimized): 0x712e0483a6c1a36e2c81e830a42472a6339343efe3543f176878ea0b8babbff8
2026-01-27T11:01:26.402310Z  WARN polymarket_hft_agent::polymarket::client: ⚠️ Market 0x712e0483a6c1a36e2c81e830a42472a6339343efe3543f176878ea0b8babbff8 not in Gamma yet, trying CLOB API...
2026-01-27T11:01:26.625314Z DEBUG polymarket_hft_agent::polymarket::client: Fetching details for market (optimized): 0x6b46df9f1fb9b0648fb76f19671b749040a9a0ef386d2e6724f40167e71b9745
2026-01-27T11:01:26.703428Z  WARN polymarket_hft_agent::polymarket::client: ⚠️ Market 0x6b46df9f1fb9b0648fb76f19671b749040a9a0ef386d2e6724f40167e71b9745 not in Gamma yet, trying CLOB API...
2026-01-27T11:01:26.925121Z DEBUG polymarket_hft_agent::polymarket::client: Fetching details for market (optimized): 0x434c8b694031af8ee1a3dd332a6fc33305aaaea483b40442809e768186f2b4d5
2026-01-27T11:01:26.982446Z  WARN polymarket_hft_agent::polymarket::client: ⚠️ Market 0x434c8b694031af8ee1a3dd332a6fc33305aaaea483b40442809e768186f2b4d5 not in Gamma yet, trying CLOB API...
2026-01-27T11:01:27.328601Z DEBUG polymarket_hft_agent::polymarket::client: Fetching details for market (optimized): 0x07d2ea99a2a7270d13b215b82c75b9f047890040a47ead9d16ae2e0429e10e56
2026-01-27T11:01:27.386999Z  WARN polymarket_hft_agent::polymarket::client: ⚠️ Market 0x07d2ea99a2a7270d13b215b82c75b9f047890040a47ead9d16ae2e0429e10e56 not in Gamma yet, trying CLOB API...
2026-01-27T11:01:27.604998Z DEBUG polymarket_hft_agent::polymarket::client: Fetching details for market (optimized): 0xeaf986340d8d9ce8d88207f09cd35246f6972353070cf0b6a6dfdef6b887a0d4
2026-01-27T11:01:27.670851Z  WARN polymarket_hft_agent::polymarket::client: ⚠️ Market 0xeaf986340d8d9ce8d88207f09cd35246f6972353070cf0b6a6dfdef6b887a0d4 not in Gamma yet, trying CLOB API...
2026-01-27T11:01:27.891648Z DEBUG polymarket_hft_agent::polymarket::client: Fetching details for market (optimized): 0x4d0bf78bd6302aced59ed239c6d2632bd10e02016f925f8914e988d0cb737e6e
2026-01-27T11:01:27.955421Z  WARN polymarket_hft_agent::polymarket::client: ⚠️ Market 0x4d0bf78bd6302aced59ed239c6d2632bd10e02016f925f8914e988d0cb737e6e not in Gamma yet, trying CLOB API...
2026-01-27T11:01:28.174858Z DEBUG polymarket_hft_agent::polymarket::client: Fetching details for market (optimized): 0x8fbeff8ee3565cb3e6e403351921959623953014ef3f622448ddcd0642d0e4ec
2026-01-27T11:01:28.235911Z  WARN polymarket_hft_agent::polymarket::client: ⚠️ Market 0x8fbeff8ee3565cb3e6e403351921959623953014ef3f622448ddcd0642d0e4ec not in Gamma yet, trying CLOB API...
2026-01-27T11:01:28.456846Z DEBUG polymarket_hft_agent::polymarket::client: Fetching details for market (optimized): 0xa85bd1a858dea964ce2de974d0aeb472b2c82840df595bb9b2ab685b70aaeaca
2026-01-27T11:01:28.515307Z  WARN polymarket_hft_agent::polymarket::client: ⚠️ Market 0xa85bd1a858dea964ce2de974d0aeb472b2c82840df595bb9b2ab685b70aaeaca not in Gamma yet, trying CLOB API...
2026-01-27T11:01:28.814289Z DEBUG polymarket_hft_agent::polymarket::client: Fetching details for market (optimized): 0x5b7639e92ffbf4a5090e7535de14b087378683c9e972daeb521cc5ac06459979
2026-01-27T11:01:28.870524Z  WARN polymarket_hft_agent::polymarket::client: ⚠️ Market 0x5b7639e92ffbf4a5090e7535de14b087378683c9e972daeb521cc5ac06459979 not in Gamma yet, trying CLOB API...
2026-01-27T11:01:29.087983Z DEBUG polymarket_hft_agent::polymarket::client: Fetching details for market (optimized): 0xcb0d8f868c1604fe473a8eace88669619e8a5c5edf1c78a8e8fe7982c4cb92a7
2026-01-27T11:01:29.148633Z  WARN polymarket_hft_agent::polymarket::client: ⚠️ Market 0xcb0d8f868c1604fe473a8eace88669619e8a5c5edf1c78a8e8fe7982c4cb92a7 not in Gamma yet, trying CLOB API...
2026-01-27T11:01:29.360791Z  INFO polymarket_hft_agent::polymarket::client: ✅ CLOB Fallback success for 0xcb0d8f868c1604fe473a8eace88669619e8a5c5edf1c78a8e8fe7982c4cb92a7
2026-01-27T11:01:29.360808Z  INFO polymarket_hft_agent::agent: ✅ Retry success for Ethereum Up or Down - January 29, 6AM ET after 7 attempts
2026-01-27T11:01:29.360812Z  INFO polymarket_hft_agent::agent: 🚀 Processing queued market: Ethereum Up or Down - January 29, 6AM ET
2026-01-27T11:01:29.360815Z  INFO polymarket_hft_agent::agent: 🔌 Subscribing to Orderbook for Ethereum Up or Down - January 29, 6AM ET
2026-01-27T11:01:29.360822Z DEBUG polymarket_hft_agent::polymarket::client: Fetching details for market (optimized): 0xf8e76d423d0c4b401b230e4cb5b707396dbaf5e59461cee45c8cb48d831a2054
2026-01-27T11:01:29.360834Z  INFO polymarket_hft_agent::polymarket::ws: Binds Subscribing to 2 assets
2026-01-27T11:01:29.420829Z  WARN polymarket_hft_agent::polymarket::client: ⚠️ Market 0xf8e76d423d0c4b401b230e4cb5b707396dbaf5e59461cee45c8cb48d831a2054 not in Gamma yet, trying CLOB API...
2026-01-27T11:01:29.879647Z DEBUG polymarket_hft_agent::polymarket::client: Fetching details for market (optimized): 0xc7f7417a59ab19e486628eaec70b23587a18e7452d986e94a8241e667650cccc
2026-01-27T11:01:29.941860Z  WARN polymarket_hft_agent::polymarket::client: ⚠️ Market 0xc7f7417a59ab19e486628eaec70b23587a18e7452d986e94a8241e667650cccc not in Gamma yet, trying CLOB API...
2026-01-27T11:01:30.154232Z DEBUG polymarket_hft_agent::polymarket::client: Fetching details for market (optimized): 0x45856c42db85d185c77f12e216c0bd119d47ca6b9e163720929c3910d51210be
2026-01-27T11:01:30.217802Z  WARN polymarket_hft_agent::polymarket::client: ⚠️ Market 0x45856c42db85d185c77f12e216c0bd119d47ca6b9e163720929c3910d51210be not in Gamma yet, trying CLOB API...
2026-01-27T11:01:30.431528Z DEBUG polymarket_hft_agent::polymarket::client: Fetching details for market (optimized): 0x6fce2c2f0e6616d28353ac1732d83d195415497f64eb12a8fd04054b97785827
2026-01-27T11:01:30.487770Z  WARN polymarket_hft_agent::polymarket::client: ⚠️ Market 0x6fce2c2f0e6616d28353ac1732d83d195415497f64eb12a8fd04054b97785827 not in Gamma yet, trying CLOB API...
2026-01-27T11:01:30.702508Z DEBUG polymarket_hft_agent::polymarket::client: Fetching details for market (optimized): 0xd5f872e59abcc4a617b2f5e166982b95d3e5d80191907986a0f009a2ed782cd2
2026-01-27T11:01:30.761206Z  WARN polymarket_hft_agent::polymarket::client: ⚠️ Market 0xd5f872e59abcc4a617b2f5e166982b95d3e5d80191907986a0f009a2ed782cd2 not in Gamma yet, trying CLOB API...
2026-01-27T11:01:30.979196Z DEBUG polymarket_hft_agent::polymarket::client: Fetching details for market (optimized): 0xd950b0656fba61f1d5dd87e8c56bd1cc8eac28e70cd7b31c15363c312562fd0e
2026-01-27T11:01:31.038658Z  WARN polymarket_hft_agent::polymarket::client: ⚠️ Market 0xd950b0656fba61f1d5dd87e8c56bd1cc8eac28e70cd7b31c15363c312562fd0e not in Gamma yet, trying CLOB API...
2026-01-27T11:01:31.374746Z DEBUG polymarket_hft_agent::polymarket::client: Fetching details for market (optimized): 0x3512d0c3b1495067c7927dc330fe40953d1dfaba2d23fc4b988b459437620481
2026-01-27T11:01:31.431698Z  WARN polymarket_hft_agent::polymarket::client: ⚠️ Market 0x3512d0c3b1495067c7927dc330fe40953d1dfaba2d23fc4b988b459437620481 not in Gamma yet, trying CLOB API...
2026-01-27T11:01:31.647983Z DEBUG polymarket_hft_agent::polymarket::client: Fetching details for market (optimized): 0xd36b3fe4f756cc636783e9912223b45bb88a70cd30b633435534b2d091fadad6
2026-01-27T11:01:31.703986Z  WARN polymarket_hft_agent::polymarket::client: ⚠️ Market 0xd36b3fe4f756cc636783e9912223b45bb88a70cd30b633435534b2d091fadad6 not in Gamma yet, trying CLOB API...
2026-01-27T11:01:31.922435Z DEBUG polymarket_hft_agent::polymarket::client: Fetching details for market (optimized): 0x6f7cc15ce2beaad13420b8e5be358b10c4eadbb8d9242130af0263248d7f4617
2026-01-27T11:01:31.978628Z  WARN polymarket_hft_agent::polymarket::client: ⚠️ Market 0x6f7cc15ce2beaad13420b8e5be358b10c4eadbb8d9242130af0263248d7f4617 not in Gamma yet, trying CLOB API...
2026-01-27T11:01:32.191433Z DEBUG polymarket_hft_agent::polymarket::client: Fetching details for market (optimized): 0x62a434b2b8e47d92f5577026a71c0eebbbcf316628d46865b9544a03602e2c52
2026-01-27T11:01:32.248743Z  WARN polymarket_hft_agent::polymarket::client: ⚠️ Market 0x62a434b2b8e47d92f5577026a71c0eebbbcf316628d46865b9544a03602e2c52 not in Gamma yet, trying CLOB API...
2026-01-27T11:01:32.468400Z  INFO polymarket_hft_agent::polymarket::client: ✅ CLOB Fallback success for 0x62a434b2b8e47d92f5577026a71c0eebbbcf316628d46865b9544a03602e2c52
2026-01-27T11:01:32.468421Z  INFO polymarket_hft_agent::agent: ✅ Retry success for AA Estudiantes vs. CS Independiente Rivadavia: O/U 2.5 after 5 attempts
2026-01-27T11:01:32.468426Z  INFO polymarket_hft_agent::agent: 🚀 Processing queued market: AA Estudiantes vs. CS Independiente Rivadavia: O/U 2.5
2026-01-27T11:01:32.468429Z  INFO polymarket_hft_agent::agent: 🔌 Subscribing to Orderbook for AA Estudiantes vs. CS Independiente Rivadavia: O/U 2.5
2026-01-27T11:01:32.468436Z DEBUG polymarket_hft_agent::polymarket::client: Fetching details for market (optimized): 0xf207e3a1d4b8b06fcf67f3bd8c15289ad972e3b0b460913aa1bb7a62635e648d
2026-01-27T11:01:32.468446Z  INFO polymarket_hft_agent::polymarket::ws: Binds Subscribing to 2 assets
2026-01-27T11:01:32.529202Z  WARN polymarket_hft_agent::polymarket::client: ⚠️ Market 0xf207e3a1d4b8b06fcf67f3bd8c15289ad972e3b0b460913aa1bb7a62635e648d not in Gamma yet, trying CLOB API...
2026-01-27T11:01:32.737753Z DEBUG polymarket_hft_agent::polymarket::client: Fetching details for market (optimized): 0x3ec242585a2228a12e0043ed937811ead8e4ea232edb05cd11f8fc45fc0f4950
2026-01-27T11:01:32.801095Z  WARN polymarket_hft_agent::polymarket::client: ⚠️ Market 0x3ec242585a2228a12e0043ed937811ead8e4ea232edb05cd11f8fc45fc0f4950 not in Gamma yet, trying CLOB API...
2026-01-27T11:01:33.013559Z DEBUG polymarket_hft_agent::polymarket::client: Fetching details for market (optimized): 0x970fa9cbd2df52d82d6dc453a8adf217663ceb48d0b56985d1d4f546a2d6a38a
2026-01-27T11:01:33.070664Z  WARN polymarket_hft_agent::polymarket::client: ⚠️ Market 0x970fa9cbd2df52d82d6dc453a8adf217663ceb48d0b56985d1d4f546a2d6a38a not in Gamma yet, trying CLOB API...
2026-01-27T11:01:33.294101Z DEBUG polymarket_hft_agent::polymarket::client: Fetching details for market (optimized): 0x44e96714cd275624e7d44b227ff6c8086cc080b753089aeba19b9000766f7923
2026-01-27T11:01:33.365731Z  WARN polymarket_hft_agent::polymarket::client: ⚠️ Market 0x44e96714cd275624e7d44b227ff6c8086cc080b753089aeba19b9000766f7923 not in Gamma yet, trying CLOB API...
2026-01-27T11:01:33.576186Z DEBUG polymarket_hft_agent::polymarket::client: Fetching details for market (optimized): 0x0fa2eee305226139a2da7d97708680c75559caafaba8bb68549ec98b0a0aff8b
2026-01-27T11:01:33.634847Z  WARN polymarket_hft_agent::polymarket::client: ⚠️ Market 0x0fa2eee305226139a2da7d97708680c75559caafaba8bb68549ec98b0a0aff8b not in Gamma yet, trying CLOB API...
2026-01-27T11:01:33.846008Z DEBUG polymarket_hft_agent::polymarket::client: Fetching details for market (optimized): 0x214de636b5d20fb3e35b20edceceba50962ef668e465ec725b9ceb71e397e912
2026-01-27T11:01:33.905742Z  WARN polymarket_hft_agent::polymarket::client: ⚠️ Market 0x214de636b5d20fb3e35b20edceceba50962ef668e465ec725b9ceb71e397e912 not in Gamma yet, trying CLOB API...
2026-01-27T11:01:34.133947Z DEBUG polymarket_hft_agent::polymarket::client: Fetching details for market (optimized): 0x89bb2b34ee57beb7f9b1e085b3d3d90e5c7d19985afc7cc60c1ace000d40b543
2026-01-27T11:01:34.198814Z  WARN polymarket_hft_agent::polymarket::client: ⚠️ Market 0x89bb2b34ee57beb7f9b1e085b3d3d90e5c7d19985afc7cc60c1ace000d40b543 not in Gamma yet, trying CLOB API...
2026-01-27T11:01:34.411476Z  INFO polymarket_hft_agent::polymarket::client: ✅ CLOB Fallback success for 0x89bb2b34ee57beb7f9b1e085b3d3d90e5c7d19985afc7cc60c1ace000d40b543
2026-01-27T11:01:34.411493Z  INFO polymarket_hft_agent::agent: ✅ Retry success for Estudiantes de La Plata vs. CD Riestra: O/U 2.5 after 5 attempts
2026-01-27T11:01:34.411497Z  INFO polymarket_hft_agent::agent: 🚀 Processing queued market: Estudiantes de La Plata vs. CD Riestra: O/U 2.5
2026-01-27T11:01:34.411499Z  INFO polymarket_hft_agent::agent: 🔌 Subscribing to Orderbook for Estudiantes de La Plata vs. CD Riestra: O/U 2.5
2026-01-27T11:01:34.411504Z DEBUG polymarket_hft_agent::polymarket::client: Fetching details for market (optimized): 0x146f1c0bd012abb4a94929191a08881c3ce4abb9b8434fbd33fdafa5bca6340a
2026-01-27T11:01:34.411514Z  INFO polymarket_hft_agent::polymarket::ws: Binds Subscribing to 2 assets
2026-01-27T11:01:34.469080Z  WARN polymarket_hft_agent::polymarket::client: ⚠️ Market 0x146f1c0bd012abb4a94929191a08881c3ce4abb9b8434fbd33fdafa5bca6340a not in Gamma yet, trying CLOB API...
2026-01-27T11:01:34.679931Z DEBUG polymarket_hft_agent::polymarket::client: Fetching details for market (optimized): 0xcfe3561aa7ad4bca816a83c7080cf86116daa2603b22cf9dff1b41042710457c
2026-01-27T11:01:34.735952Z  WARN polymarket_hft_agent::polymarket::client: ⚠️ Market 0xcfe3561aa7ad4bca816a83c7080cf86116daa2603b22cf9dff1b41042710457c not in Gamma yet, trying CLOB API...
2026-01-27T11:01:34.948097Z DEBUG polymarket_hft_agent::polymarket::client: Fetching details for market (optimized): 0x36ef7df18722021d061e0734d1790e253212444af415b20a287cbf6cd4beaa2d
2026-01-27T11:01:35.010533Z  WARN polymarket_hft_agent::polymarket::client: ⚠️ Market 0x36ef7df18722021d061e0734d1790e253212444af415b20a287cbf6cd4beaa2d not in Gamma yet, trying CLOB API...
2026-01-27T11:01:35.227501Z  INFO polymarket_hft_agent::polymarket::client: ✅ CLOB Fallback success for 0x36ef7df18722021d061e0734d1790e253212444af415b20a287cbf6cd4beaa2d
2026-01-27T11:01:35.227519Z  INFO polymarket_hft_agent::agent: ✅ Retry success for Estudiantes de La Plata vs. CD Riestra: Both Teams to Score after 4 attempts
2026-01-27T11:01:35.227523Z  INFO polymarket_hft_agent::agent: 🚀 Processing queued market: Estudiantes de La Plata vs. CD Riestra: Both Teams to Score
2026-01-27T11:01:35.227525Z  INFO polymarket_hft_agent::agent: 🔌 Subscribing to Orderbook for Estudiantes de La Plata vs. CD Riestra: Both Teams to Score
2026-01-27T11:01:35.227533Z DEBUG polymarket_hft_agent::polymarket::client: Fetching details for market (optimized): 0x18d48e965029d9b25cc32fd6a73dc3f83ddf3797c9f4c29eb6a4a69b07ee8fdf
2026-01-27T11:01:35.227545Z  INFO polymarket_hft_agent::polymarket::ws: Binds Subscribing to 2 assets
2026-01-27T11:01:35.296429Z  WARN polymarket_hft_agent::polymarket::client: ⚠️ Market 0x18d48e965029d9b25cc32fd6a73dc3f83ddf3797c9f4c29eb6a4a69b07ee8fdf not in Gamma yet, trying CLOB API...
2026-01-27T11:01:35.506836Z DEBUG polymarket_hft_agent::polymarket::client: Fetching details for market (optimized): 0x5c87536686f212801f66a2857993a7e0e68e73791ba48b332919808399aa277e
2026-01-27T11:01:35.573451Z  WARN polymarket_hft_agent::polymarket::client: ⚠️ Market 0x5c87536686f212801f66a2857993a7e0e68e73791ba48b332919808399aa277e not in Gamma yet, trying CLOB API...
2026-01-27T11:01:35.786202Z DEBUG polymarket_hft_agent::polymarket::client: Fetching details for market (optimized): 0xcad10d680cae0d13a40199543750a5ea6b7ec74b9540e0e5eafc894f333b1cea
2026-01-27T11:01:35.848505Z  WARN polymarket_hft_agent::polymarket::client: ⚠️ Market 0xcad10d680cae0d13a40199543750a5ea6b7ec74b9540e0e5eafc894f333b1cea not in Gamma yet, trying CLOB API...
2026-01-27T11:01:36.057132Z DEBUG polymarket_hft_agent::polymarket::client: Fetching details for market (optimized): 0x27d5839b42b152a951a388608ed555226a7fb39c5b314bca3f0fb03b3e40ab61
2026-01-27T11:01:36.126306Z  WARN polymarket_hft_agent::polymarket::client: ⚠️ Market 0x27d5839b42b152a951a388608ed555226a7fb39c5b314bca3f0fb03b3e40ab61 not in Gamma yet, trying CLOB API...
2026-01-27T11:01:36.334144Z DEBUG polymarket_hft_agent::polymarket::client: Fetching details for market (optimized): 0x712e0483a6c1a36e2c81e830a42472a6339343efe3543f176878ea0b8babbff8
2026-01-27T11:01:36.391620Z  WARN polymarket_hft_agent::polymarket::client: ⚠️ Market 0x712e0483a6c1a36e2c81e830a42472a6339343efe3543f176878ea0b8babbff8 not in Gamma yet, trying CLOB API...
2026-01-27T11:01:36.603734Z  INFO polymarket_hft_agent::polymarket::client: ✅ CLOB Fallback success for 0x712e0483a6c1a36e2c81e830a42472a6339343efe3543f176878ea0b8babbff8
2026-01-27T11:01:36.603769Z  INFO polymarket_hft_agent::agent: ✅ Retry success for CA Barracas Central vs. Gimnasia y Esgrima de La Plata: O/U 1.5 after 3 attempts
2026-01-27T11:01:36.603776Z  INFO polymarket_hft_agent::agent: 🚀 Processing queued market: CA Barracas Central vs. Gimnasia y Esgrima de La Plata: O/U 1.5
2026-01-27T11:01:36.603779Z  INFO polymarket_hft_agent::agent: 🔌 Subscribing to Orderbook for CA Barracas Central vs. Gimnasia y Esgrima de La Plata: O/U 1.5
2026-01-27T11:01:36.603790Z DEBUG polymarket_hft_agent::polymarket::client: Fetching details for market (optimized): 0x6b46df9f1fb9b0648fb76f19671b749040a9a0ef386d2e6724f40167e71b9745
2026-01-27T11:01:36.603801Z  INFO polymarket_hft_agent::polymarket::ws: Binds Subscribing to 2 assets
2026-01-27T11:01:36.662432Z  WARN polymarket_hft_agent::polymarket::client: ⚠️ Market 0x6b46df9f1fb9b0648fb76f19671b749040a9a0ef386d2e6724f40167e71b9745 not in Gamma yet, trying CLOB API...
2026-01-27T11:01:36.911821Z  INFO polymarket_hft_agent::polymarket::client: ✅ CLOB Fallback success for 0x6b46df9f1fb9b0648fb76f19671b749040a9a0ef386d2e6724f40167e71b9745
2026-01-27T11:01:36.911841Z  INFO polymarket_hft_agent::agent: ✅ Retry success for CA Lanús vs. CA Talleres: Both Teams to Score after 3 attempts
2026-01-27T11:01:36.911846Z  INFO polymarket_hft_agent::agent: 🚀 Processing queued market: CA Lanús vs. CA Talleres: Both Teams to Score
2026-01-27T11:01:36.911848Z  INFO polymarket_hft_agent::agent: 🔌 Subscribing to Orderbook for CA Lanús vs. CA Talleres: Both Teams to Score
2026-01-27T11:01:36.911853Z DEBUG polymarket_hft_agent::polymarket::client: Fetching details for market (optimized): 0x434c8b694031af8ee1a3dd332a6fc33305aaaea483b40442809e768186f2b4d5
2026-01-27T11:01:36.911861Z  INFO polymarket_hft_agent::polymarket::ws: Binds Subscribing to 2 assets
2026-01-27T11:01:36.980943Z  WARN polymarket_hft_agent::polymarket::client: ⚠️ Market 0x434c8b694031af8ee1a3dd332a6fc33305aaaea483b40442809e768186f2b4d5 not in Gamma yet, trying CLOB API...
2026-01-27T11:01:37.190449Z  INFO polymarket_hft_agent::polymarket::client: ✅ CLOB Fallback success for 0x434c8b694031af8ee1a3dd332a6fc33305aaaea483b40442809e768186f2b4d5
2026-01-27T11:01:37.190466Z  INFO polymarket_hft_agent::agent: ✅ Retry success for CA Barracas Central vs. Gimnasia y Esgrima de La Plata: O/U 2.5 after 3 attempts
2026-01-27T11:01:37.190470Z  INFO polymarket_hft_agent::agent: 🚀 Processing queued market: CA Barracas Central vs. Gimnasia y Esgrima de La Plata: O/U 2.5
2026-01-27T11:01:37.190472Z  INFO polymarket_hft_agent::agent: 🔌 Subscribing to Orderbook for CA Barracas Central vs. Gimnasia y Esgrima de La Plata: O/U 2.5
2026-01-27T11:01:37.190478Z DEBUG polymarket_hft_agent::polymarket::client: Fetching details for market (optimized): 0x07d2ea99a2a7270d13b215b82c75b9f047890040a47ead9d16ae2e0429e10e56
2026-01-27T11:01:37.190488Z  INFO polymarket_hft_agent::polymarket::ws: Binds Subscribing to 2 assets
2026-01-27T11:01:37.248430Z  WARN polymarket_hft_agent::polymarket::client: ⚠️ Market 0x07d2ea99a2a7270d13b215b82c75b9f047890040a47ead9d16ae2e0429e10e56 not in Gamma yet, trying CLOB API...
2026-01-27T11:01:37.472442Z  INFO polymarket_hft_agent::polymarket::client: ✅ CLOB Fallback success for 0x07d2ea99a2a7270d13b215b82c75b9f047890040a47ead9d16ae2e0429e10e56
2026-01-27T11:01:37.472464Z  INFO polymarket_hft_agent::agent: ✅ Retry success for CA Barracas Central vs. Gimnasia y Esgrima de La Plata: O/U 3.5 after 2 attempts
2026-01-27T11:01:37.472468Z  INFO polymarket_hft_agent::agent: 🚀 Processing queued market: CA Barracas Central vs. Gimnasia y Esgrima de La Plata: O/U 3.5
2026-01-27T11:01:37.472470Z  INFO polymarket_hft_agent::agent: 🔌 Subscribing to Orderbook for CA Barracas Central vs. Gimnasia y Esgrima de La Plata: O/U 3.5
2026-01-27T11:01:37.472477Z DEBUG polymarket_hft_agent::polymarket::client: Fetching details for market (optimized): 0xeaf986340d8d9ce8d88207f09cd35246f6972353070cf0b6a6dfdef6b887a0d4
2026-01-27T11:01:37.472486Z  INFO polymarket_hft_agent::polymarket::ws: Binds Subscribing to 2 assets
2026-01-27T11:01:37.530678Z  WARN polymarket_hft_agent::polymarket::client: ⚠️ Market 0xeaf986340d8d9ce8d88207f09cd35246f6972353070cf0b6a6dfdef6b887a0d4 not in Gamma yet, trying CLOB API...
2026-01-27T11:01:37.751738Z  INFO polymarket_hft_agent::polymarket::client: ✅ CLOB Fallback success for 0xeaf986340d8d9ce8d88207f09cd35246f6972353070cf0b6a6dfdef6b887a0d4
2026-01-27T11:01:37.751788Z  INFO polymarket_hft_agent::agent: ✅ Retry success for CA Barracas Central vs. Gimnasia y Esgrima de La Plata: Both Teams to Score after 2 attempts
2026-01-27T11:01:37.751795Z  INFO polymarket_hft_agent::agent: 🚀 Processing queued market: CA Barracas Central vs. Gimnasia y Esgrima de La Plata: Both Teams to Score
2026-01-27T11:01:37.751799Z  INFO polymarket_hft_agent::agent: 🔌 Subscribing to Orderbook for CA Barracas Central vs. Gimnasia y Esgrima de La Plata: Both Teams to Score
2026-01-27T11:01:37.751858Z DEBUG polymarket_hft_agent::polymarket::client: Fetching details for market (optimized): 0x4d0bf78bd6302aced59ed239c6d2632bd10e02016f925f8914e988d0cb737e6e
2026-01-27T11:01:37.751969Z  INFO polymarket_hft_agent::polymarket::ws: Binds Subscribing to 2 assets
2026-01-27T11:01:37.808307Z  WARN polymarket_hft_agent::polymarket::client: ⚠️ Market 0x4d0bf78bd6302aced59ed239c6d2632bd10e02016f925f8914e988d0cb737e6e not in Gamma yet, trying CLOB API...
2026-01-27T11:01:38.019911Z DEBUG polymarket_hft_agent::polymarket::client: Fetching details for market (optimized): 0x8fbeff8ee3565cb3e6e403351921959623953014ef3f622448ddcd0642d0e4ec
2026-01-27T11:01:38.076744Z  WARN polymarket_hft_agent::polymarket::client: ⚠️ Market 0x8fbeff8ee3565cb3e6e403351921959623953014ef3f622448ddcd0642d0e4ec not in Gamma yet, trying CLOB API...
2026-01-27T11:01:38.309786Z ERROR polymarket_hft_agent::agent: ❌ Gave up fetching 0x8fbeff8ee3565cb3e6e403351921959623953014ef3f622448ddcd0642d0e4ec after 10 attempts
2026-01-27T11:01:38.309810Z DEBUG polymarket_hft_agent::polymarket::client: Fetching details for market (optimized): 0xa85bd1a858dea964ce2de974d0aeb472b2c82840df595bb9b2ab685b70aaeaca
2026-01-27T11:01:38.371267Z  WARN polymarket_hft_agent::polymarket::client: ⚠️ Market 0xa85bd1a858dea964ce2de974d0aeb472b2c82840df595bb9b2ab685b70aaeaca not in Gamma yet, trying CLOB API...
2026-01-27T11:01:38.602832Z  INFO polymarket_hft_agent::polymarket::client: ✅ CLOB Fallback success for 0xa85bd1a858dea964ce2de974d0aeb472b2c82840df595bb9b2ab685b70aaeaca
2026-01-27T11:01:38.602856Z  INFO polymarket_hft_agent::agent: ✅ Retry success for Map Handicap: NVQ (-1.5) vs Altay Esports (+1.5) after 8 attempts
2026-01-27T11:01:38.602862Z  INFO polymarket_hft_agent::agent: 🚀 Processing queued market: Map Handicap: NVQ (-1.5) vs Altay Esports (+1.5)
2026-01-27T11:01:38.602865Z  INFO polymarket_hft_agent::agent: 🔌 Subscribing to Orderbook for Map Handicap: NVQ (-1.5) vs Altay Esports (+1.5)
2026-01-27T11:01:38.602873Z DEBUG polymarket_hft_agent::polymarket::client: Fetching details for market (optimized): 0x5b7639e92ffbf4a5090e7535de14b087378683c9e972daeb521cc5ac06459979
2026-01-27T11:01:38.602889Z  INFO polymarket_hft_agent::polymarket::ws: Binds Subscribing to 2 assets
2026-01-27T11:01:38.675793Z  WARN polymarket_hft_agent::polymarket::client: ⚠️ Market 0x5b7639e92ffbf4a5090e7535de14b087378683c9e972daeb521cc5ac06459979 not in Gamma yet, trying CLOB API...
2026-01-27T11:01:38.907184Z  INFO polymarket_hft_agent::polymarket::client: ✅ CLOB Fallback success for 0x5b7639e92ffbf4a5090e7535de14b087378683c9e972daeb521cc5ac06459979
2026-01-27T11:01:38.907214Z  INFO polymarket_hft_agent::agent: ✅ Retry success for Counter-Strike: Altay Esports vs Team Novaq - Map 1 Winner after 8 attempts
2026-01-27T11:01:38.907221Z  INFO polymarket_hft_agent::agent: 🚀 Processing queued market: Counter-Strike: Altay Esports vs Team Novaq - Map 1 Winner
2026-01-27T11:01:38.907224Z  INFO polymarket_hft_agent::agent: 🔌 Subscribing to Orderbook for Counter-Strike: Altay Esports vs Team Novaq - Map 1 Winner
2026-01-27T11:01:38.907236Z DEBUG polymarket_hft_agent::polymarket::client: Fetching details for market (optimized): 0xf8e76d423d0c4b401b230e4cb5b707396dbaf5e59461cee45c8cb48d831a2054
2026-01-27T11:01:38.907274Z  INFO polymarket_hft_agent::polymarket::ws: Binds Subscribing to 2 assets
2026-01-27T11:01:38.966763Z  WARN polymarket_hft_agent::polymarket::client: ⚠️ Market 0xf8e76d423d0c4b401b230e4cb5b707396dbaf5e59461cee45c8cb48d831a2054 not in Gamma yet, trying CLOB API...
2026-01-27T11:01:39.179720Z  INFO polymarket_hft_agent::polymarket::client: ✅ CLOB Fallback success for 0xf8e76d423d0c4b401b230e4cb5b707396dbaf5e59461cee45c8cb48d831a2054
2026-01-27T11:01:39.179775Z  INFO polymarket_hft_agent::agent: ✅ Retry success for Solana Up or Down - January 29, 6AM ET after 8 attempts
2026-01-27T11:01:39.179787Z  INFO polymarket_hft_agent::agent: 🚀 Processing queued market: Solana Up or Down - January 29, 6AM ET
2026-01-27T11:01:39.179794Z  INFO polymarket_hft_agent::agent: 🔌 Subscribing to Orderbook for Solana Up or Down - January 29, 6AM ET
2026-01-27T11:01:39.179813Z DEBUG polymarket_hft_agent::polymarket::client: Fetching details for market (optimized): 0xc7f7417a59ab19e486628eaec70b23587a18e7452d986e94a8241e667650cccc
2026-01-27T11:01:39.179839Z  INFO polymarket_hft_agent::polymarket::ws: Binds Subscribing to 2 assets
2026-01-27T11:01:39.240614Z  WARN polymarket_hft_agent::polymarket::client: ⚠️ Market 0xc7f7417a59ab19e486628eaec70b23587a18e7452d986e94a8241e667650cccc not in Gamma yet, trying CLOB API...
2026-01-27T11:01:39.457343Z DEBUG polymarket_hft_agent::polymarket::client: Fetching details for market (optimized): 0x45856c42db85d185c77f12e216c0bd119d47ca6b9e163720929c3910d51210be
2026-01-27T11:01:39.519588Z  WARN polymarket_hft_agent::polymarket::client: ⚠️ Market 0x45856c42db85d185c77f12e216c0bd119d47ca6b9e163720929c3910d51210be not in Gamma yet, trying CLOB API...
2026-01-27T11:01:39.740017Z DEBUG polymarket_hft_agent::polymarket::client: Fetching details for market (optimized): 0x6fce2c2f0e6616d28353ac1732d83d195415497f64eb12a8fd04054b97785827
2026-01-27T11:01:39.824261Z  WARN polymarket_hft_agent::polymarket::client: ⚠️ Market 0x6fce2c2f0e6616d28353ac1732d83d195415497f64eb12a8fd04054b97785827 not in Gamma yet, trying CLOB API...
2026-01-27T11:01:40.037479Z  INFO polymarket_hft_agent::polymarket::client: ✅ CLOB Fallback success for 0x6fce2c2f0e6616d28353ac1732d83d195415497f64eb12a8fd04054b97785827
2026-01-27T11:01:40.037511Z  INFO polymarket_hft_agent::agent: ✅ Retry success for Counter-Strike: HOTU vs mix52 - Map 1 Winner after 8 attempts
2026-01-27T11:01:40.037517Z  INFO polymarket_hft_agent::agent: 🚀 Processing queued market: Counter-Strike: HOTU vs mix52 - Map 1 Winner
2026-01-27T11:01:40.037520Z  INFO polymarket_hft_agent::agent: 🔌 Subscribing to Orderbook for Counter-Strike: HOTU vs mix52 - Map 1 Winner
2026-01-27T11:01:40.037529Z DEBUG polymarket_hft_agent::polymarket::client: Fetching details for market (optimized): 0xd5f872e59abcc4a617b2f5e166982b95d3e5d80191907986a0f009a2ed782cd2
2026-01-27T11:01:40.037541Z  INFO polymarket_hft_agent::polymarket::ws: Binds Subscribing to 2 assets
2026-01-27T11:01:40.095389Z  WARN polymarket_hft_agent::polymarket::client: ⚠️ Market 0xd5f872e59abcc4a617b2f5e166982b95d3e5d80191907986a0f009a2ed782cd2 not in Gamma yet, trying CLOB API...
2026-01-27T11:01:40.306711Z DEBUG polymarket_hft_agent::polymarket::client: Fetching details for market (optimized): 0xd950b0656fba61f1d5dd87e8c56bd1cc8eac28e70cd7b31c15363c312562fd0e
2026-01-27T11:01:40.373119Z  WARN polymarket_hft_agent::polymarket::client: ⚠️ Market 0xd950b0656fba61f1d5dd87e8c56bd1cc8eac28e70cd7b31c15363c312562fd0e not in Gamma yet, trying CLOB API...
2026-01-27T11:01:40.585392Z DEBUG polymarket_hft_agent::polymarket::client: Fetching details for market (optimized): 0x3512d0c3b1495067c7927dc330fe40953d1dfaba2d23fc4b988b459437620481
2026-01-27T11:01:40.653263Z  WARN polymarket_hft_agent::polymarket::client: ⚠️ Market 0x3512d0c3b1495067c7927dc330fe40953d1dfaba2d23fc4b988b459437620481 not in Gamma yet, trying CLOB API...
2026-01-27T11:01:40.878169Z DEBUG polymarket_hft_agent::polymarket::client: Fetching details for market (optimized): 0xd36b3fe4f756cc636783e9912223b45bb88a70cd30b633435534b2d091fadad6
2026-01-27T11:01:40.939101Z  WARN polymarket_hft_agent::polymarket::client: ⚠️ Market 0xd36b3fe4f756cc636783e9912223b45bb88a70cd30b633435534b2d091fadad6 not in Gamma yet, trying CLOB API...
2026-01-27T11:01:41.166777Z  INFO polymarket_hft_agent::polymarket::client: ✅ CLOB Fallback success for 0xd36b3fe4f756cc636783e9912223b45bb88a70cd30b633435534b2d091fadad6
2026-01-27T11:01:41.166792Z  INFO polymarket_hft_agent::agent: ✅ Retry success for Map Handicap: HOTU (-1.5) vs mix52 (+1.5) after 6 attempts
2026-01-27T11:01:41.166795Z  INFO polymarket_hft_agent::agent: 🚀 Processing queued market: Map Handicap: HOTU (-1.5) vs mix52 (+1.5)
2026-01-27T11:01:41.166797Z  INFO polymarket_hft_agent::agent: 🔌 Subscribing to Orderbook for Map Handicap: HOTU (-1.5) vs mix52 (+1.5)
2026-01-27T11:01:41.166805Z DEBUG polymarket_hft_agent::polymarket::client: Fetching details for market (optimized): 0x6f7cc15ce2beaad13420b8e5be358b10c4eadbb8d9242130af0263248d7f4617
2026-01-27T11:01:41.166812Z  INFO polymarket_hft_agent::polymarket::ws: Binds Subscribing to 2 assets
2026-01-27T11:01:41.224593Z  WARN polymarket_hft_agent::polymarket::client: ⚠️ Market 0x6f7cc15ce2beaad13420b8e5be358b10c4eadbb8d9242130af0263248d7f4617 not in Gamma yet, trying CLOB API...
2026-01-27T11:01:41.439266Z  INFO polymarket_hft_agent::polymarket::client: ✅ CLOB Fallback success for 0x6f7cc15ce2beaad13420b8e5be358b10c4eadbb8d9242130af0263248d7f4617
2026-01-27T11:01:41.439284Z  INFO polymarket_hft_agent::agent: ✅ Retry success for Games Total: O/U 2.5 after 6 attempts
2026-01-27T11:01:41.439291Z  INFO polymarket_hft_agent::agent: 🚀 Processing queued market: Games Total: O/U 2.5
2026-01-27T11:01:41.439293Z  INFO polymarket_hft_agent::agent: 🔌 Subscribing to Orderbook for Games Total: O/U 2.5
2026-01-27T11:01:41.439308Z  INFO polymarket_hft_agent::polymarket::ws: Binds Subscribing to 2 assets
2026-01-27T11:01:41.439312Z DEBUG polymarket_hft_agent::polymarket::client: Fetching details for market (optimized): 0xf207e3a1d4b8b06fcf67f3bd8c15289ad972e3b0b460913aa1bb7a62635e648d
2026-01-27T11:01:41.499383Z  WARN polymarket_hft_agent::polymarket::client: ⚠️ Market 0xf207e3a1d4b8b06fcf67f3bd8c15289ad972e3b0b460913aa1bb7a62635e648d not in Gamma yet, trying CLOB API...
2026-01-27T11:01:41.723158Z  INFO polymarket_hft_agent::polymarket::client: ✅ CLOB Fallback success for 0xf207e3a1d4b8b06fcf67f3bd8c15289ad972e3b0b460913aa1bb7a62635e648d
2026-01-27T11:01:41.723197Z  INFO polymarket_hft_agent::agent: ✅ Retry success for XRP Up or Down - January 29, 6AM ET after 6 attempts
2026-01-27T11:01:41.723203Z  INFO polymarket_hft_agent::agent: 🚀 Processing queued market: XRP Up or Down - January 29, 6AM ET
2026-01-27T11:01:41.723206Z  INFO polymarket_hft_agent::agent: 🔌 Subscribing to Orderbook for XRP Up or Down - January 29, 6AM ET
2026-01-27T11:01:41.723218Z DEBUG polymarket_hft_agent::polymarket::client: Fetching details for market (optimized): 0x3ec242585a2228a12e0043ed937811ead8e4ea232edb05cd11f8fc45fc0f4950
2026-01-27T11:01:41.723225Z  INFO polymarket_hft_agent::polymarket::ws: Binds Subscribing to 2 assets
2026-01-27T11:01:41.779716Z  WARN polymarket_hft_agent::polymarket::client: ⚠️ Market 0x3ec242585a2228a12e0043ed937811ead8e4ea232edb05cd11f8fc45fc0f4950 not in Gamma yet, trying CLOB API...
2026-01-27T11:01:42.103543Z DEBUG polymarket_hft_agent::polymarket::client: Fetching details for market (optimized): 0x970fa9cbd2df52d82d6dc453a8adf217663ceb48d0b56985d1d4f546a2d6a38a
2026-01-27T11:01:42.164161Z  WARN polymarket_hft_agent::polymarket::client: ⚠️ Market 0x970fa9cbd2df52d82d6dc453a8adf217663ceb48d0b56985d1d4f546a2d6a38a not in Gamma yet, trying CLOB API...
2026-01-27T11:01:42.498420Z DEBUG polymarket_hft_agent::polymarket::client: Fetching details for market (optimized): 0x44e96714cd275624e7d44b227ff6c8086cc080b753089aeba19b9000766f7923
2026-01-27T11:01:42.556658Z  WARN polymarket_hft_agent::polymarket::client: ⚠️ Market 0x44e96714cd275624e7d44b227ff6c8086cc080b753089aeba19b9000766f7923 not in Gamma yet, trying CLOB API...
2026-01-27T11:01:42.766758Z DEBUG polymarket_hft_agent::polymarket::client: Fetching details for market (optimized): 0x0fa2eee305226139a2da7d97708680c75559caafaba8bb68549ec98b0a0aff8b
2026-01-27T11:01:42.823183Z  WARN polymarket_hft_agent::polymarket::client: ⚠️ Market 0x0fa2eee305226139a2da7d97708680c75559caafaba8bb68549ec98b0a0aff8b not in Gamma yet, trying CLOB API...
2026-01-27T11:01:43.046402Z  INFO polymarket_hft_agent::polymarket::client: ✅ CLOB Fallback success for 0x0fa2eee305226139a2da7d97708680c75559caafaba8bb68549ec98b0a0aff8b
2026-01-27T11:01:43.046423Z  INFO polymarket_hft_agent::agent: ✅ Retry success for AA Estudiantes vs. CS Independiente Rivadavia: Both Teams to Score after 6 attempts
2026-01-27T11:01:43.046427Z  INFO polymarket_hft_agent::agent: 🚀 Processing queued market: AA Estudiantes vs. CS Independiente Rivadavia: Both Teams to Score
2026-01-27T11:01:43.046428Z  INFO polymarket_hft_agent::agent: 🔌 Subscribing to Orderbook for AA Estudiantes vs. CS Independiente Rivadavia: Both Teams to Score
2026-01-27T11:01:43.046434Z DEBUG polymarket_hft_agent::polymarket::client: Fetching details for market (optimized): 0x214de636b5d20fb3e35b20edceceba50962ef668e465ec725b9ceb71e397e912
2026-01-27T11:01:43.046442Z  INFO polymarket_hft_agent::polymarket::ws: Binds Subscribing to 2 assets
2026-01-27T11:01:43.106495Z  WARN polymarket_hft_agent::polymarket::client: ⚠️ Market 0x214de636b5d20fb3e35b20edceceba50962ef668e465ec725b9ceb71e397e912 not in Gamma yet, trying CLOB API...
2026-01-27T11:01:43.335984Z  INFO polymarket_hft_agent::polymarket::client: ✅ CLOB Fallback success for 0x214de636b5d20fb3e35b20edceceba50962ef668e465ec725b9ceb71e397e912
2026-01-27T11:01:43.336004Z  INFO polymarket_hft_agent::agent: ✅ Retry success for Estudiantes de La Plata vs. CD Riestra: O/U 1.5 after 6 attempts
2026-01-27T11:01:43.336008Z  INFO polymarket_hft_agent::agent: 🚀 Processing queued market: Estudiantes de La Plata vs. CD Riestra: O/U 1.5
2026-01-27T11:01:43.336009Z  INFO polymarket_hft_agent::agent: 🔌 Subscribing to Orderbook for Estudiantes de La Plata vs. CD Riestra: O/U 1.5
2026-01-27T11:01:43.336014Z DEBUG polymarket_hft_agent::polymarket::client: Fetching details for market (optimized): 0x146f1c0bd012abb4a94929191a08881c3ce4abb9b8434fbd33fdafa5bca6340a
2026-01-27T11:01:43.336028Z  INFO polymarket_hft_agent::polymarket::ws: Binds Subscribing to 2 assets
2026-01-27T11:01:43.407518Z  WARN polymarket_hft_agent::polymarket::client: ⚠️ Market 0x146f1c0bd012abb4a94929191a08881c3ce4abb9b8434fbd33fdafa5bca6340a not in Gamma yet, trying CLOB API...
2026-01-27T11:01:43.618961Z DEBUG polymarket_hft_agent::polymarket::client: Fetching details for market (optimized): 0xcfe3561aa7ad4bca816a83c7080cf86116daa2603b22cf9dff1b41042710457c
2026-01-27T11:01:43.678966Z  WARN polymarket_hft_agent::polymarket::client: ⚠️ Market 0xcfe3561aa7ad4bca816a83c7080cf86116daa2603b22cf9dff1b41042710457c not in Gamma yet, trying CLOB API...
2026-01-27T11:01:43.887056Z  INFO polymarket_hft_agent::polymarket::client: ✅ CLOB Fallback success for 0xcfe3561aa7ad4bca816a83c7080cf86116daa2603b22cf9dff1b41042710457c
2026-01-27T11:01:43.887079Z  INFO polymarket_hft_agent::agent: ✅ Retry success for Estudiantes de La Plata vs. CD Riestra: O/U 4.5 after 6 attempts
2026-01-27T11:01:43.887083Z  INFO polymarket_hft_agent::agent: 🚀 Processing queued market: Estudiantes de La Plata vs. CD Riestra: O/U 4.5
2026-01-27T11:01:43.887084Z  INFO polymarket_hft_agent::agent: 🔌 Subscribing to Orderbook for Estudiantes de La Plata vs. CD Riestra: O/U 4.5
2026-01-27T11:01:43.887090Z DEBUG polymarket_hft_agent::polymarket::client: Fetching details for market (optimized): 0x18d48e965029d9b25cc32fd6a73dc3f83ddf3797c9f4c29eb6a4a69b07ee8fdf
2026-01-27T11:01:43.887100Z  INFO polymarket_hft_agent::polymarket::ws: Binds Subscribing to 2 assets
2026-01-27T11:01:43.945256Z  WARN polymarket_hft_agent::polymarket::client: ⚠️ Market 0x18d48e965029d9b25cc32fd6a73dc3f83ddf3797c9f4c29eb6a4a69b07ee8fdf not in Gamma yet, trying CLOB API...
2026-01-27T11:01:44.155598Z DEBUG polymarket_hft_agent::polymarket::client: Fetching details for market (optimized): 0x5c87536686f212801f66a2857993a7e0e68e73791ba48b332919808399aa277e
2026-01-27T11:01:44.222942Z  WARN polymarket_hft_agent::polymarket::client: ⚠️ Market 0x5c87536686f212801f66a2857993a7e0e68e73791ba48b332919808399aa277e not in Gamma yet, trying CLOB API...
2026-01-27T11:01:44.433893Z DEBUG polymarket_hft_agent::polymarket::client: Fetching details for market (optimized): 0xcad10d680cae0d13a40199543750a5ea6b7ec74b9540e0e5eafc894f333b1cea
2026-01-27T11:01:44.509167Z  WARN polymarket_hft_agent::polymarket::client: ⚠️ Market 0xcad10d680cae0d13a40199543750a5ea6b7ec74b9540e0e5eafc894f333b1cea not in Gamma yet, trying CLOB API...
2026-01-27T11:01:44.730752Z DEBUG polymarket_hft_agent::polymarket::client: Fetching details for market (optimized): 0x27d5839b42b152a951a388608ed555226a7fb39c5b314bca3f0fb03b3e40ab61
2026-01-27T11:01:44.790945Z  WARN polymarket_hft_agent::polymarket::client: ⚠️ Market 0x27d5839b42b152a951a388608ed555226a7fb39c5b314bca3f0fb03b3e40ab61 not in Gamma yet, trying CLOB API...
2026-01-27T11:01:45.003685Z  INFO polymarket_hft_agent::polymarket::client: ✅ CLOB Fallback success for 0x27d5839b42b152a951a388608ed555226a7fb39c5b314bca3f0fb03b3e40ab61
2026-01-27T11:01:45.003699Z  INFO polymarket_hft_agent::agent: ✅ Retry success for CA Lanús vs. CA Talleres: O/U 4.5 after 4 attempts
2026-01-27T11:01:45.003702Z  INFO polymarket_hft_agent::agent: 🚀 Processing queued market: CA Lanús vs. CA Talleres: O/U 4.5
2026-01-27T11:01:45.003704Z  INFO polymarket_hft_agent::agent: 🔌 Subscribing to Orderbook for CA Lanús vs. CA Talleres: O/U 4.5
2026-01-27T11:01:45.003708Z DEBUG polymarket_hft_agent::polymarket::client: Fetching details for market (optimized): 0x4d0bf78bd6302aced59ed239c6d2632bd10e02016f925f8914e988d0cb737e6e
2026-01-27T11:01:45.003720Z  INFO polymarket_hft_agent::polymarket::ws: Binds Subscribing to 2 assets
2026-01-27T11:01:45.061890Z  WARN polymarket_hft_agent::polymarket::client: ⚠️ Market 0x4d0bf78bd6302aced59ed239c6d2632bd10e02016f925f8914e988d0cb737e6e not in Gamma yet, trying CLOB API...
2026-01-27T11:01:45.271354Z DEBUG polymarket_hft_agent::polymarket::client: Fetching details for market (optimized): 0xc7f7417a59ab19e486628eaec70b23587a18e7452d986e94a8241e667650cccc
2026-01-27T11:01:45.356779Z  WARN polymarket_hft_agent::polymarket::client: ⚠️ Market 0xc7f7417a59ab19e486628eaec70b23587a18e7452d986e94a8241e667650cccc not in Gamma yet, trying CLOB API...
2026-01-27T11:01:45.592467Z  INFO polymarket_hft_agent::polymarket::client: ✅ CLOB Fallback success for 0xc7f7417a59ab19e486628eaec70b23587a18e7452d986e94a8241e667650cccc
2026-01-27T11:01:45.592483Z  INFO polymarket_hft_agent::agent: ✅ Retry success for Counter-Strike: Altay Esports vs Team Novaq (BO3) - Myskill Pro League Group B after 9 attempts
2026-01-27T11:01:45.592486Z  INFO polymarket_hft_agent::agent: 🚀 Processing queued market: Counter-Strike: Altay Esports vs Team Novaq (BO3) - Myskill Pro League Group B
2026-01-27T11:01:45.592488Z  INFO polymarket_hft_agent::agent: 🔌 Subscribing to Orderbook for Counter-Strike: Altay Esports vs Team Novaq (BO3) - Myskill Pro League Group B
2026-01-27T11:01:45.592493Z DEBUG polymarket_hft_agent::polymarket::client: Fetching details for market (optimized): 0x45856c42db85d185c77f12e216c0bd119d47ca6b9e163720929c3910d51210be
2026-01-27T11:01:45.592501Z  INFO polymarket_hft_agent::polymarket::ws: Binds Subscribing to 2 assets
2026-01-27T11:01:45.651964Z  WARN polymarket_hft_agent::polymarket::client: ⚠️ Market 0x45856c42db85d185c77f12e216c0bd119d47ca6b9e163720929c3910d51210be not in Gamma yet, trying CLOB API...
2026-01-27T11:01:45.863342Z  INFO polymarket_hft_agent::polymarket::client: ✅ CLOB Fallback success for 0x45856c42db85d185c77f12e216c0bd119d47ca6b9e163720929c3910d51210be
2026-01-27T11:01:45.863365Z  INFO polymarket_hft_agent::agent: ✅ Retry success for Counter-Strike: HOTU vs mix52 (BO3) - Myskill Pro League Group B after 9 attempts
2026-01-27T11:01:45.863368Z  INFO polymarket_hft_agent::agent: 🚀 Processing queued market: Counter-Strike: HOTU vs mix52 (BO3) - Myskill Pro League Group B
2026-01-27T11:01:45.863370Z  INFO polymarket_hft_agent::agent: 🔌 Subscribing to Orderbook for Counter-Strike: HOTU vs mix52 (BO3) - Myskill Pro League Group B
2026-01-27T11:01:45.863375Z DEBUG polymarket_hft_agent::polymarket::client: Fetching details for market (optimized): 0xd5f872e59abcc4a617b2f5e166982b95d3e5d80191907986a0f009a2ed782cd2
2026-01-27T11:01:45.863391Z  INFO polymarket_hft_agent::polymarket::ws: Binds Subscribing to 2 assets
2026-01-27T11:01:45.925745Z  WARN polymarket_hft_agent::polymarket::client: ⚠️ Market 0xd5f872e59abcc4a617b2f5e166982b95d3e5d80191907986a0f009a2ed782cd2 not in Gamma yet, trying CLOB API...
2026-01-27T11:01:46.143073Z  INFO polymarket_hft_agent::polymarket::client: ✅ CLOB Fallback success for 0xd5f872e59abcc4a617b2f5e166982b95d3e5d80191907986a0f009a2ed782cd2
2026-01-27T11:01:46.143093Z  INFO polymarket_hft_agent::agent: ✅ Retry success for Counter-Strike: Altay Esports vs Team Novaq - Map 2 Winner after 8 attempts
2026-01-27T11:01:46.143097Z  INFO polymarket_hft_agent::agent: 🚀 Processing queued market: Counter-Strike: Altay Esports vs Team Novaq - Map 2 Winner
2026-01-27T11:01:46.143099Z  INFO polymarket_hft_agent::agent: 🔌 Subscribing to Orderbook for Counter-Strike: Altay Esports vs Team Novaq - Map 2 Winner
2026-01-27T11:01:46.143104Z DEBUG polymarket_hft_agent::polymarket::client: Fetching details for market (optimized): 0xd950b0656fba61f1d5dd87e8c56bd1cc8eac28e70cd7b31c15363c312562fd0e
2026-01-27T11:01:46.143109Z  INFO polymarket_hft_agent::polymarket::ws: Binds Subscribing to 2 assets
2026-01-27T11:01:46.216339Z  WARN polymarket_hft_agent::polymarket::client: ⚠️ Market 0xd950b0656fba61f1d5dd87e8c56bd1cc8eac28e70cd7b31c15363c312562fd0e not in Gamma yet, trying CLOB API...
2026-01-27T11:01:46.441119Z  INFO polymarket_hft_agent::polymarket::client: ✅ CLOB Fallback success for 0xd950b0656fba61f1d5dd87e8c56bd1cc8eac28e70cd7b31c15363c312562fd0e
2026-01-27T11:01:46.441139Z  INFO polymarket_hft_agent::agent: ✅ Retry success for Games Total: O/U 2.5 after 7 attempts
2026-01-27T11:01:46.441142Z  INFO polymarket_hft_agent::agent: 🚀 Processing queued market: Games Total: O/U 2.5
2026-01-27T11:01:46.441144Z  INFO polymarket_hft_agent::agent: 🔌 Subscribing to Orderbook for Games Total: O/U 2.5
2026-01-27T11:01:46.441149Z DEBUG polymarket_hft_agent::polymarket::client: Fetching details for market (optimized): 0x3512d0c3b1495067c7927dc330fe40953d1dfaba2d23fc4b988b459437620481
2026-01-27T11:01:46.441176Z  INFO polymarket_hft_agent::polymarket::ws: Binds Subscribing to 2 assets
2026-01-27T11:01:46.502536Z  WARN polymarket_hft_agent::polymarket::client: ⚠️ Market 0x3512d0c3b1495067c7927dc330fe40953d1dfaba2d23fc4b988b459437620481 not in Gamma yet, trying CLOB API...
2026-01-27T11:01:46.723588Z DEBUG polymarket_hft_agent::polymarket::client: Fetching details for market (optimized): 0x3ec242585a2228a12e0043ed937811ead8e4ea232edb05cd11f8fc45fc0f4950
2026-01-27T11:01:46.789734Z  WARN polymarket_hft_agent::polymarket::client: ⚠️ Market 0x3ec242585a2228a12e0043ed937811ead8e4ea232edb05cd11f8fc45fc0f4950 not in Gamma yet, trying CLOB API...
2026-01-27T11:01:47.020536Z  INFO polymarket_hft_agent::polymarket::client: ✅ CLOB Fallback success for 0x3ec242585a2228a12e0043ed937811ead8e4ea232edb05cd11f8fc45fc0f4950
2026-01-27T11:01:47.020555Z  INFO polymarket_hft_agent::agent: ✅ Retry success for AA Estudiantes vs. CS Independiente Rivadavia: O/U 1.5 after 7 attempts
2026-01-27T11:01:47.020558Z  INFO polymarket_hft_agent::agent: 🚀 Processing queued market: AA Estudiantes vs. CS Independiente Rivadavia: O/U 1.5
2026-01-27T11:01:47.020560Z  INFO polymarket_hft_agent::agent: 🔌 Subscribing to Orderbook for AA Estudiantes vs. CS Independiente Rivadavia: O/U 1.5
2026-01-27T11:01:47.020566Z DEBUG polymarket_hft_agent::polymarket::client: Fetching details for market (optimized): 0x970fa9cbd2df52d82d6dc453a8adf217663ceb48d0b56985d1d4f546a2d6a38a
2026-01-27T11:01:47.020576Z  INFO polymarket_hft_agent::polymarket::ws: Binds Subscribing to 2 assets
2026-01-27T11:01:47.121783Z  WARN polymarket_hft_agent::polymarket::client: ⚠️ Market 0x970fa9cbd2df52d82d6dc453a8adf217663ceb48d0b56985d1d4f546a2d6a38a not in Gamma yet, trying CLOB API...
2026-01-27T11:01:47.379102Z  INFO polymarket_hft_agent::polymarket::client: ✅ CLOB Fallback success for 0x970fa9cbd2df52d82d6dc453a8adf217663ceb48d0b56985d1d4f546a2d6a38a
2026-01-27T11:01:47.379117Z  INFO polymarket_hft_agent::agent: ✅ Retry success for AA Estudiantes vs. CS Independiente Rivadavia: O/U 3.5 after 7 attempts
2026-01-27T11:01:47.379120Z  INFO polymarket_hft_agent::agent: 🚀 Processing queued market: AA Estudiantes vs. CS Independiente Rivadavia: O/U 3.5
2026-01-27T11:01:47.379122Z  INFO polymarket_hft_agent::agent: 🔌 Subscribing to Orderbook for AA Estudiantes vs. CS Independiente Rivadavia: O/U 3.5
2026-01-27T11:01:47.379127Z DEBUG polymarket_hft_agent::polymarket::client: Fetching details for market (optimized): 0x44e96714cd275624e7d44b227ff6c8086cc080b753089aeba19b9000766f7923
2026-01-27T11:01:47.379132Z  INFO polymarket_hft_agent::polymarket::ws: Binds Subscribing to 2 assets
2026-01-27T11:01:47.440003Z  WARN polymarket_hft_agent::polymarket::client: ⚠️ Market 0x44e96714cd275624e7d44b227ff6c8086cc080b753089aeba19b9000766f7923 not in Gamma yet, trying CLOB API...
2026-01-27T11:01:47.653375Z  INFO polymarket_hft_agent::polymarket::client: ✅ CLOB Fallback success for 0x44e96714cd275624e7d44b227ff6c8086cc080b753089aeba19b9000766f7923
2026-01-27T11:01:47.653395Z  INFO polymarket_hft_agent::agent: ✅ Retry success for AA Estudiantes vs. CS Independiente Rivadavia: O/U 4.5 after 7 attempts
2026-01-27T11:01:47.653399Z  INFO polymarket_hft_agent::agent: 🚀 Processing queued market: AA Estudiantes vs. CS Independiente Rivadavia: O/U 4.5
2026-01-27T11:01:47.653401Z  INFO polymarket_hft_agent::agent: 🔌 Subscribing to Orderbook for AA Estudiantes vs. CS Independiente Rivadavia: O/U 4.5
2026-01-27T11:01:47.653406Z DEBUG polymarket_hft_agent::polymarket::client: Fetching details for market (optimized): 0x146f1c0bd012abb4a94929191a08881c3ce4abb9b8434fbd33fdafa5bca6340a
2026-01-27T11:01:47.653413Z  INFO polymarket_hft_agent::polymarket::ws: Binds Subscribing to 2 assets
2026-01-27T11:01:47.714128Z  WARN polymarket_hft_agent::polymarket::client: ⚠️ Market 0x146f1c0bd012abb4a94929191a08881c3ce4abb9b8434fbd33fdafa5bca6340a not in Gamma yet, trying CLOB API...
2026-01-27T11:01:47.946666Z  INFO polymarket_hft_agent::polymarket::client: ✅ CLOB Fallback success for 0x146f1c0bd012abb4a94929191a08881c3ce4abb9b8434fbd33fdafa5bca6340a
2026-01-27T11:01:47.946687Z  INFO polymarket_hft_agent::agent: ✅ Retry success for Estudiantes de La Plata vs. CD Riestra: O/U 3.5 after 7 attempts
2026-01-27T11:01:47.946691Z  INFO polymarket_hft_agent::agent: 🚀 Processing queued market: Estudiantes de La Plata vs. CD Riestra: O/U 3.5
2026-01-27T11:01:47.946693Z  INFO polymarket_hft_agent::agent: 🔌 Subscribing to Orderbook for Estudiantes de La Plata vs. CD Riestra: O/U 3.5
2026-01-27T11:01:47.946699Z DEBUG polymarket_hft_agent::polymarket::client: Fetching details for market (optimized): 0x18d48e965029d9b25cc32fd6a73dc3f83ddf3797c9f4c29eb6a4a69b07ee8fdf
2026-01-27T11:01:47.946708Z  INFO polymarket_hft_agent::polymarket::ws: Binds Subscribing to 2 assets
2026-01-27T11:01:48.016579Z  WARN polymarket_hft_agent::polymarket::client: ⚠️ Market 0x18d48e965029d9b25cc32fd6a73dc3f83ddf3797c9f4c29eb6a4a69b07ee8fdf not in Gamma yet, trying CLOB API...
2026-01-27T11:01:48.228612Z  INFO polymarket_hft_agent::polymarket::client: ✅ CLOB Fallback success for 0x18d48e965029d9b25cc32fd6a73dc3f83ddf3797c9f4c29eb6a4a69b07ee8fdf
2026-01-27T11:01:48.228628Z  INFO polymarket_hft_agent::agent: ✅ Retry success for CA Lanús vs. CA Talleres: O/U 1.5 after 6 attempts
2026-01-27T11:01:48.228631Z  INFO polymarket_hft_agent::agent: 🚀 Processing queued market: CA Lanús vs. CA Talleres: O/U 1.5
2026-01-27T11:01:48.228633Z  INFO polymarket_hft_agent::agent: 🔌 Subscribing to Orderbook for CA Lanús vs. CA Talleres: O/U 1.5
2026-01-27T11:01:48.228644Z DEBUG polymarket_hft_agent::polymarket::client: Fetching details for market (optimized): 0x5c87536686f212801f66a2857993a7e0e68e73791ba48b332919808399aa277e
2026-01-27T11:01:48.228642Z  INFO polymarket_hft_agent::polymarket::ws: Binds Subscribing to 2 assets
2026-01-27T11:01:48.293635Z  WARN polymarket_hft_agent::polymarket::client: ⚠️ Market 0x5c87536686f212801f66a2857993a7e0e68e73791ba48b332919808399aa277e not in Gamma yet, trying CLOB API...
2026-01-27T11:01:48.505709Z  INFO polymarket_hft_agent::polymarket::client: ✅ CLOB Fallback success for 0x5c87536686f212801f66a2857993a7e0e68e73791ba48b332919808399aa277e
2026-01-27T11:01:48.505727Z  INFO polymarket_hft_agent::agent: ✅ Retry success for CA Lanús vs. CA Talleres: O/U 2.5 after 6 attempts
2026-01-27T11:01:48.505731Z  INFO polymarket_hft_agent::agent: 🚀 Processing queued market: CA Lanús vs. CA Talleres: O/U 2.5
2026-01-27T11:01:48.505733Z  INFO polymarket_hft_agent::agent: 🔌 Subscribing to Orderbook for CA Lanús vs. CA Talleres: O/U 2.5
2026-01-27T11:01:48.505739Z DEBUG polymarket_hft_agent::polymarket::client: Fetching details for market (optimized): 0xcad10d680cae0d13a40199543750a5ea6b7ec74b9540e0e5eafc894f333b1cea
2026-01-27T11:01:48.505746Z  INFO polymarket_hft_agent::polymarket::ws: Binds Subscribing to 2 assets
2026-01-27T11:01:48.567536Z  WARN polymarket_hft_agent::polymarket::client: ⚠️ Market 0xcad10d680cae0d13a40199543750a5ea6b7ec74b9540e0e5eafc894f333b1cea not in Gamma yet, trying CLOB API...
2026-01-27T11:01:48.776344Z DEBUG polymarket_hft_agent::polymarket::client: Fetching details for market (optimized): 0x4d0bf78bd6302aced59ed239c6d2632bd10e02016f925f8914e988d0cb737e6e
2026-01-27T11:01:48.839577Z  WARN polymarket_hft_agent::polymarket::client: ⚠️ Market 0x4d0bf78bd6302aced59ed239c6d2632bd10e02016f925f8914e988d0cb737e6e not in Gamma yet, trying CLOB API...
2026-01-27T11:01:49.053187Z DEBUG polymarket_hft_agent::polymarket::client: Fetching details for market (optimized): 0x3512d0c3b1495067c7927dc330fe40953d1dfaba2d23fc4b988b459437620481
2026-01-27T11:01:49.120528Z  WARN polymarket_hft_agent::polymarket::client: ⚠️ Market 0x3512d0c3b1495067c7927dc330fe40953d1dfaba2d23fc4b988b459437620481 not in Gamma yet, trying CLOB API...
2026-01-27T11:01:49.333872Z  INFO polymarket_hft_agent::polymarket::client: ✅ CLOB Fallback success for 0x3512d0c3b1495067c7927dc330fe40953d1dfaba2d23fc4b988b459437620481
2026-01-27T11:01:49.333889Z  INFO polymarket_hft_agent::agent: ✅ Retry success for Counter-Strike: HOTU vs mix52 - Map 2 Winner after 8 attempts
2026-01-27T11:01:49.333893Z  INFO polymarket_hft_agent::agent: 🚀 Processing queued market: Counter-Strike: HOTU vs mix52 - Map 2 Winner
2026-01-27T11:01:49.333895Z  INFO polymarket_hft_agent::agent: 🔌 Subscribing to Orderbook for Counter-Strike: HOTU vs mix52 - Map 2 Winner
2026-01-27T11:01:49.333901Z DEBUG polymarket_hft_agent::polymarket::client: Fetching details for market (optimized): 0xcad10d680cae0d13a40199543750a5ea6b7ec74b9540e0e5eafc894f333b1cea
2026-01-27T11:01:49.333914Z  INFO polymarket_hft_agent::polymarket::ws: Binds Subscribing to 2 assets
2026-01-27T11:01:49.392535Z  WARN polymarket_hft_agent::polymarket::client: ⚠️ Market 0xcad10d680cae0d13a40199543750a5ea6b7ec74b9540e0e5eafc894f333b1cea not in Gamma yet, trying CLOB API...
2026-01-27T11:01:49.604354Z  INFO polymarket_hft_agent::polymarket::client: ✅ CLOB Fallback success for 0xcad10d680cae0d13a40199543750a5ea6b7ec74b9540e0e5eafc894f333b1cea
2026-01-27T11:01:49.604368Z  INFO polymarket_hft_agent::agent: ✅ Retry success for CA Lanús vs. CA Talleres: O/U 3.5 after 7 attempts
2026-01-27T11:01:49.604372Z  INFO polymarket_hft_agent::agent: 🚀 Processing queued market: CA Lanús vs. CA Talleres: O/U 3.5
2026-01-27T11:01:49.604373Z  INFO polymarket_hft_agent::agent: 🔌 Subscribing to Orderbook for CA Lanús vs. CA Talleres: O/U 3.5
2026-01-27T11:01:49.604378Z DEBUG polymarket_hft_agent::polymarket::client: Fetching details for market (optimized): 0x4d0bf78bd6302aced59ed239c6d2632bd10e02016f925f8914e988d0cb737e6e
2026-01-27T11:01:49.604388Z  INFO polymarket_hft_agent::polymarket::ws: Binds Subscribing to 2 assets
2026-01-27T11:01:49.663649Z  WARN polymarket_hft_agent::polymarket::client: ⚠️ Market 0x4d0bf78bd6302aced59ed239c6d2632bd10e02016f925f8914e988d0cb737e6e not in Gamma yet, trying CLOB API...
2026-01-27T11:01:49.875042Z DEBUG polymarket_hft_agent::polymarket::client: Fetching details for market (optimized): 0x4d0bf78bd6302aced59ed239c6d2632bd10e02016f925f8914e988d0cb737e6e
2026-01-27T11:01:49.941767Z  WARN polymarket_hft_agent::polymarket::client: ⚠️ Market 0x4d0bf78bd6302aced59ed239c6d2632bd10e02016f925f8914e988d0cb737e6e not in Gamma yet, trying CLOB API...
2026-01-27T11:01:50.150085Z  INFO polymarket_hft_agent::polymarket::client: ✅ CLOB Fallback success for 0x4d0bf78bd6302aced59ed239c6d2632bd10e02016f925f8914e988d0cb737e6e
2026-01-27T11:01:50.150107Z  INFO polymarket_hft_agent::agent: ✅ Retry success for CA Barracas Central vs. Gimnasia y Esgrima de La Plata: O/U 4.5 after 6 attempts
2026-01-27T11:01:50.150111Z  INFO polymarket_hft_agent::agent: 🚀 Processing queued market: CA Barracas Central vs. Gimnasia y Esgrima de La Plata: O/U 4.5
2026-01-27T11:01:50.150112Z  INFO polymarket_hft_agent::agent: 🔌 Subscribing to Orderbook for CA Barracas Central vs. Gimnasia y Esgrima de La Plata: O/U 4.5
2026-01-27T11:01:50.150139Z  INFO polymarket_hft_agent::polymarket::ws: Binds Subscribing to 2 assets
2026-01-27T11:01:56.319793Z DEBUG polymarket_hft_agent::polymarket::client: Fetching markets from Polymarket
2026-01-27T11:01:57.017641Z  INFO polymarket_hft_agent::polymarket::client: Fetched 1000 markets
2026-01-27T11:02:00.275795Z  INFO polymarket_hft_agent::polymarket::events: 🆕 NEW MARKET EVENT: Condition ID 0x451c108fa474c1a86faca44b02e6e8a961196deced55d30f68f6a9f33e421a52
2026-01-27T11:02:00.275852Z  INFO polymarket_hft_agent::agent: ⚡ WebSocket event: New market condition 0x451c108fa474c1a86faca44b02e6e8a961196deced55d30f68f6a9f33e421a52
2026-01-27T11:02:00.275863Z  INFO polymarket_hft_agent::agent: ⚡ Triggering immediate fast market fetch...
2026-01-27T11:02:00.275869Z DEBUG polymarket_hft_agent::polymarket::client: Fetching details for market (optimized): 0x451c108fa474c1a86faca44b02e6e8a961196deced55d30f68f6a9f33e421a52
2026-01-27T11:02:00.563258Z  WARN polymarket_hft_agent::polymarket::client: ⚠️ Market 0x451c108fa474c1a86faca44b02e6e8a961196deced55d30f68f6a9f33e421a52 not in Gamma yet, trying CLOB API...
2026-01-27T11:02:00.795109Z  WARN polymarket_hft_agent::agent: ⚠️ Initial fetch failed (Market not found in Gamma or CLOB: 0x451c108fa474c1a86faca44b02e6e8a961196deced55d30f68f6a9f33e421a52), queuing for retry...
2026-01-27T11:02:00.795152Z DEBUG polymarket_hft_agent::polymarket::client: Fetching details for market (optimized): 0x451c108fa474c1a86faca44b02e6e8a961196deced55d30f68f6a9f33e421a52
2026-01-27T11:02:00.854068Z  WARN polymarket_hft_agent::polymarket::client: ⚠️ Market 0x451c108fa474c1a86faca44b02e6e8a961196deced55d30f68f6a9f33e421a52 not in Gamma yet, trying CLOB API...
2026-01-27T11:02:01.319089Z DEBUG polymarket_hft_agent::polymarket::client: Fetching details for market (optimized): 0x451c108fa474c1a86faca44b02e6e8a961196deced55d30f68f6a9f33e421a52
2026-01-27T11:02:01.380670Z  WARN polymarket_hft_agent::polymarket::client: ⚠️ Market 0x451c108fa474c1a86faca44b02e6e8a961196deced55d30f68f6a9f33e421a52 not in Gamma yet, trying CLOB API...
2026-01-27T11:02:02.319315Z DEBUG polymarket_hft_agent::polymarket::client: Fetching details for market (optimized): 0x451c108fa474c1a86faca44b02e6e8a961196deced55d30f68f6a9f33e421a52
2026-01-27T11:02:02.374377Z  WARN polymarket_hft_agent::polymarket::client: ⚠️ Market 0x451c108fa474c1a86faca44b02e6e8a961196deced55d30f68f6a9f33e421a52 not in Gamma yet, trying CLOB API...
2026-01-27T11:02:03.319860Z DEBUG polymarket_hft_agent::polymarket::client: Fetching details for market (optimized): 0x451c108fa474c1a86faca44b02e6e8a961196deced55d30f68f6a9f33e421a52
2026-01-27T11:02:03.375754Z  WARN polymarket_hft_agent::polymarket::client: ⚠️ Market 0x451c108fa474c1a86faca44b02e6e8a961196deced55d30f68f6a9f33e421a52 not in Gamma yet, trying CLOB API...
2026-01-27T11:02:04.319935Z DEBUG polymarket_hft_agent::polymarket::client: Fetching details for market (optimized): 0x451c108fa474c1a86faca44b02e6e8a961196deced55d30f68f6a9f33e421a52
2026-01-27T11:02:04.378738Z  WARN polymarket_hft_agent::polymarket::client: ⚠️ Market 0x451c108fa474c1a86faca44b02e6e8a961196deced55d30f68f6a9f33e421a52 not in Gamma yet, trying CLOB API...
2026-01-27T11:02:05.318981Z DEBUG polymarket_hft_agent::polymarket::client: Fetching details for market (optimized): 0x451c108fa474c1a86faca44b02e6e8a961196deced55d30f68f6a9f33e421a52
2026-01-27T11:02:05.387706Z  WARN polymarket_hft_agent::polymarket::client: ⚠️ Market 0x451c108fa474c1a86faca44b02e6e8a961196deced55d30f68f6a9f33e421a52 not in Gamma yet, trying CLOB API...
2026-01-27T11:02:06.319265Z DEBUG polymarket_hft_agent::polymarket::client: Fetching details for market (optimized): 0x451c108fa474c1a86faca44b02e6e8a961196deced55d30f68f6a9f33e421a52
2026-01-27T11:02:06.376395Z  WARN polymarket_hft_agent::polymarket::client: ⚠️ Market 0x451c108fa474c1a86faca44b02e6e8a961196deced55d30f68f6a9f33e421a52 not in Gamma yet, trying CLOB API...
2026-01-27T11:02:07.319255Z DEBUG polymarket_hft_agent::polymarket::client: Fetching details for market (optimized): 0x451c108fa474c1a86faca44b02e6e8a961196deced55d30f68f6a9f33e421a52
2026-01-27T11:02:07.376038Z  WARN polymarket_hft_agent::polymarket::client: ⚠️ Market 0x451c108fa474c1a86faca44b02e6e8a961196deced55d30f68f6a9f33e421a52 not in Gamma yet, trying CLOB API...
2026-01-27T11:02:08.319393Z DEBUG polymarket_hft_agent::polymarket::client: Fetching details for market (optimized): 0x451c108fa474c1a86faca44b02e6e8a961196deced55d30f68f6a9f33e421a52
2026-01-27T11:02:08.377660Z  WARN polymarket_hft_agent::polymarket::client: ⚠️ Market 0x451c108fa474c1a86faca44b02e6e8a961196deced55d30f68f6a9f33e421a52 not in Gamma yet, trying CLOB API...
2026-01-27T11:02:09.319109Z DEBUG polymarket_hft_agent::polymarket::client: Fetching details for market (optimized): 0x451c108fa474c1a86faca44b02e6e8a961196deced55d30f68f6a9f33e421a52
2026-01-27T11:02:09.386229Z  WARN polymarket_hft_agent::polymarket::client: ⚠️ Market 0x451c108fa474c1a86faca44b02e6e8a961196deced55d30f68f6a9f33e421a52 not in Gamma yet, trying CLOB API...
2026-01-27T11:02:09.596961Z ERROR polymarket_hft_agent::agent: ❌ Gave up fetching 0x451c108fa474c1a86faca44b02e6e8a961196deced55d30f68f6a9f33e421a52 after 10 attempts
2026-01-27T11:02:12.442087Z  INFO polymarket_hft_agent::polymarket::events: 🆕 NEW MARKET EVENT: Conditi